TN:
SF:/usr/include/c++/9/bits/allocator.h
FN:137,_ZNSaIxEC2Ev
FNDA:200064,_ZNSaIxEC2Ev
FN:137,_ZNSaISt13_Rb_tree_nodeISt4pairIKNSt7__cxx1112basic_stringIcSt11char_traitsIcESaIcEEExEEEC2Ev
FNDA:100032,_ZNSaISt13_Rb_tree_nodeISt4pairIKNSt7__cxx1112basic_stringIcSt11char_traitsIcESaIcEEExEEEC2Ev
FN:137,_ZNSaISt13_Rb_tree_nodeISt4pairIKNSt7__cxx1112basic_stringIcSt11char_traitsIcESaIcEEES6_EEEC2Ev
FNDA:100032,_ZNSaISt13_Rb_tree_nodeISt4pairIKNSt7__cxx1112basic_stringIcSt11char_traitsIcESaIcEEES6_EEEC2Ev
FN:137,_ZNSaISt13_Rb_tree_nodeISt4pairIKNSt7__cxx1112basic_stringIcSt11char_traitsIcESaIcEEESt10shared_ptrI16default_functionEEEEC2Ev
FNDA:1,_ZNSaISt13_Rb_tree_nodeISt4pairIKNSt7__cxx1112basic_stringIcSt11char_traitsIcESaIcEEESt10shared_ptrI16default_functionEEEEC2Ev
FN:137,_ZNSaINSt7__cxx1112basic_stringIcSt11char_traitsIcESaIcEEEEC2Ev
FNDA:1,_ZNSaINSt7__cxx1112basic_stringIcSt11char_traitsIcESaIcEEEEC2Ev
FN:140,_ZNSaINSt7__cxx1112basic_stringIcSt11char_traitsIcESaIcEEEEC2ERKS5_
FNDA:2,_ZNSaINSt7__cxx1112basic_stringIcSt11char_traitsIcESaIcEEEEC2ERKS5_
FN:150,_ZNSaIPxEC2IxEERKSaIT_E
FNDA:400128,_ZNSaIPxEC2IxEERKSaIT_E
FN:152,_ZNSaIPxED2Ev
FNDA:400128,_ZNSaIPxED2Ev
FN:152,_ZNSaIxED2Ev
FNDA:200064,_ZNSaIxED2Ev
FN:152,_ZNSaINSt7__cxx1112basic_stringIcSt11char_traitsIcESaIcEEEED2Ev
FNDA:4,_ZNSaINSt7__cxx1112basic_stringIcSt11char_traitsIcESaIcEEEED2Ev
FN:152,_ZNSaISt13_Rb_tree_nodeISt4pairIKNSt7__cxx1112basic_stringIcSt11char_traitsIcESaIcEEExEEED2Ev
FNDA:100032,_ZNSaISt13_Rb_tree_nodeISt4pairIKNSt7__cxx1112basic_stringIcSt11char_traitsIcESaIcEEExEEED2Ev
FN:152,_ZNSaISt13_Rb_tree_nodeISt4pairIKNSt7__cxx1112basic_stringIcSt11char_traitsIcESaIcEEES6_EEED2Ev
FNDA:100032,_ZNSaISt13_Rb_tree_nodeISt4pairIKNSt7__cxx1112basic_stringIcSt11char_traitsIcESaIcEEES6_EEED2Ev
FN:152,_ZNSaISt13_Rb_tree_nodeISt4pairIKNSt7__cxx1112basic_stringIcSt11char_traitsIcESaIcEEESt10shared_ptrI16default_functionEEEED2Ev
FNDA:1,_ZNSaISt13_Rb_tree_nodeISt4pairIKNSt7__cxx1112basic_stringIcSt11char_traitsIcESaIcEEESt10shared_ptrI16default_functionEEEED2Ev
DA:137,200064
DA:137,100032
DA:137,100032
DA:137,1
DA:137,1
DA:140,2
DA:141,2
DA:150,400128
DA:152,400128
DA:152,200064
DA:152,4
DA:152,100032
DA:152,100032
DA:152,1
end_of_record
SF:/usr/include/c++/9/bits/shared_ptr_base.h
FN:117,_ZNSt16_Sp_counted_baseILN9__gnu_cxx12_Lock_policyE2EEC2Ev
FNDA:21,_ZNSt16_Sp_counted_baseILN9__gnu_cxx12_Lock_policyE2EEC2Ev
FN:121,_ZNSt16_Sp_counted_baseILN9__gnu_cxx12_Lock_policyE2EED0Ev
FNDA:0,_ZNSt16_Sp_counted_baseILN9__gnu_cxx12_Lock_policyE2EED0Ev
FN:121,_ZNSt16_Sp_counted_baseILN9__gnu_cxx12_Lock_policyE2EED2Ev
FNDA:21,_ZNSt16_Sp_counted_baseILN9__gnu_cxx12_Lock_policyE2EED2Ev
FN:131,_ZNSt16_Sp_counted_baseILN9__gnu_cxx12_Lock_policyE2EE10_M_destroyEv
FNDA:0,_ZNSt16_Sp_counted_baseILN9__gnu_cxx12_Lock_policyE2EE10_M_destroyEv
FN:138,_ZNSt16_Sp_counted_baseILN9__gnu_cxx12_Lock_policyE2EE15_M_add_ref_copyEv
FNDA:21,_ZNSt16_Sp_counted_baseILN9__gnu_cxx12_Lock_policyE2EE15_M_add_ref_copyEv
FN:148,_ZNSt16_Sp_counted_baseILN9__gnu_cxx12_Lock_policyE2EE10_M_releaseEv
FNDA:42,_ZNSt16_Sp_counted_baseILN9__gnu_cxx12_Lock_policyE2EE10_M_releaseEv
FN:372,_ZNSt15_Sp_counted_ptrIP4swapLN9__gnu_cxx12_Lock_policyE2EEC2ES1_
FNDA:1,_ZNSt15_Sp_counted_ptrIP4swapLN9__gnu_cxx12_Lock_policyE2EEC2ES1_
FN:372,_ZNSt15_Sp_counted_ptrIP12print_stringLN9__gnu_cxx12_Lock_policyE2EEC2ES1_
FNDA:1,_ZNSt15_Sp_counted_ptrIP12print_stringLN9__gnu_cxx12_Lock_policyE2EEC2ES1_
FN:372,_ZNSt15_Sp_counted_ptrIP3rotLN9__gnu_cxx12_Lock_policyE2EEC2ES1_
FNDA:1,_ZNSt15_Sp_counted_ptrIP3rotLN9__gnu_cxx12_Lock_policyE2EEC2ES1_
FN:372,_ZNSt15_Sp_counted_ptrIP4overLN9__gnu_cxx12_Lock_policyE2EEC2ES1_
FNDA:1,_ZNSt15_Sp_counted_ptrIP4overLN9__gnu_cxx12_Lock_policyE2EEC2ES1_
FN:372,_ZNSt15_Sp_counted_ptrIP4emitLN9__gnu_cxx12_Lock_policyE2EEC2ES1_
FNDA:1,_ZNSt15_Sp_counted_ptrIP4emitLN9__gnu_cxx12_Lock_policyE2EEC2ES1_
FN:372,_ZNSt15_Sp_counted_ptrIP4loopLN9__gnu_cxx12_Lock_policyE2EEC2ES1_
FNDA:1,_ZNSt15_Sp_counted_ptrIP4loopLN9__gnu_cxx12_Lock_policyE2EEC2ES1_
FN:372,_ZNSt15_Sp_counted_ptrIP2crLN9__gnu_cxx12_Lock_policyE2EEC2ES1_
FNDA:1,_ZNSt15_Sp_counted_ptrIP2crLN9__gnu_cxx12_Lock_policyE2EEC2ES1_
FN:372,_ZNSt15_Sp_counted_ptrIP4lessLN9__gnu_cxx12_Lock_policyE2EEC2ES1_
FNDA:1,_ZNSt15_Sp_counted_ptrIP4lessLN9__gnu_cxx12_Lock_policyE2EEC2ES1_
FN:372,_ZNSt15_Sp_counted_ptrIP7greaterLN9__gnu_cxx12_Lock_policyE2EEC2ES1_
FNDA:1,_ZNSt15_Sp_counted_ptrIP7greaterLN9__gnu_cxx12_Lock_policyE2EEC2ES1_
FN:372,_ZNSt15_Sp_counted_ptrIP5equalLN9__gnu_cxx12_Lock_policyE2EEC2ES1_
FNDA:1,_ZNSt15_Sp_counted_ptrIP5equalLN9__gnu_cxx12_Lock_policyE2EEC2ES1_
FN:372,_ZNSt15_Sp_counted_ptrIP20conditional_operatorLN9__gnu_cxx12_Lock_policyE2EEC2ES1_
FNDA:1,_ZNSt15_Sp_counted_ptrIP20conditional_operatorLN9__gnu_cxx12_Lock_policyE2EEC2ES1_
FN:372,_ZNSt15_Sp_counted_ptrIP9referenceLN9__gnu_cxx12_Lock_policyE2EEC2ES1_
FNDA:1,_ZNSt15_Sp_counted_ptrIP9referenceLN9__gnu_cxx12_Lock_policyE2EEC2ES1_
FN:372,_ZNSt15_Sp_counted_ptrIP11dereferenceLN9__gnu_cxx12_Lock_policyE2EEC2ES1_
FNDA:1,_ZNSt15_Sp_counted_ptrIP11dereferenceLN9__gnu_cxx12_Lock_policyE2EEC2ES1_
FN:372,_ZNSt15_Sp_counted_ptrIP5printLN9__gnu_cxx12_Lock_policyE2EEC2ES1_
FNDA:1,_ZNSt15_Sp_counted_ptrIP5printLN9__gnu_cxx12_Lock_policyE2EEC2ES1_
FN:372,_ZNSt15_Sp_counted_ptrIP4dropLN9__gnu_cxx12_Lock_policyE2EEC2ES1_
FNDA:1,_ZNSt15_Sp_counted_ptrIP4dropLN9__gnu_cxx12_Lock_policyE2EEC2ES1_
FN:372,_ZNSt15_Sp_counted_ptrIP4copyLN9__gnu_cxx12_Lock_policyE2EEC2ES1_
FNDA:1,_ZNSt15_Sp_counted_ptrIP4copyLN9__gnu_cxx12_Lock_policyE2EEC2ES1_
FN:372,_ZNSt15_Sp_counted_ptrIP3modLN9__gnu_cxx12_Lock_policyE2EEC2ES1_
FNDA:1,_ZNSt15_Sp_counted_ptrIP3modLN9__gnu_cxx12_Lock_policyE2EEC2ES1_
FN:372,_ZNSt15_Sp_counted_ptrIP5minusLN9__gnu_cxx12_Lock_policyE2EEC2ES1_
FNDA:1,_ZNSt15_Sp_counted_ptrIP5minusLN9__gnu_cxx12_Lock_policyE2EEC2ES1_
FN:372,_ZNSt15_Sp_counted_ptrIP4plusLN9__gnu_cxx12_Lock_policyE2EEC2ES1_
FNDA:1,_ZNSt15_Sp_counted_ptrIP4plusLN9__gnu_cxx12_Lock_policyE2EEC2ES1_
FN:372,_ZNSt15_Sp_counted_ptrIP8multiplyLN9__gnu_cxx12_Lock_policyE2EEC2ES1_
FNDA:1,_ZNSt15_Sp_counted_ptrIP8multiplyLN9__gnu_cxx12_Lock_policyE2EEC2ES1_
FN:372,_ZNSt15_Sp_counted_ptrIP6divideLN9__gnu_cxx12_Lock_policyE2EEC2ES1_
FNDA:1,_ZNSt15_Sp_counted_ptrIP6divideLN9__gnu_cxx12_Lock_policyE2EEC2ES1_
FN:376,_ZNSt15_Sp_counted_ptrIP11dereferenceLN9__gnu_cxx12_Lock_policyE2EE10_M_disposeEv
FNDA:1,_ZNSt15_Sp_counted_ptrIP11dereferenceLN9__gnu_cxx12_Lock_policyE2EE10_M_disposeEv
FN:376,_ZNSt15_Sp_counted_ptrIP9referenceLN9__gnu_cxx12_Lock_policyE2EE10_M_disposeEv
FNDA:1,_ZNSt15_Sp_counted_ptrIP9referenceLN9__gnu_cxx12_Lock_policyE2EE10_M_disposeEv
FN:376,_ZNSt15_Sp_counted_ptrIP12print_stringLN9__gnu_cxx12_Lock_policyE2EE10_M_disposeEv
FNDA:1,_ZNSt15_Sp_counted_ptrIP12print_stringLN9__gnu_cxx12_Lock_policyE2EE10_M_disposeEv
FN:376,_ZNSt15_Sp_counted_ptrIP5equalLN9__gnu_cxx12_Lock_policyE2EE10_M_disposeEv
FNDA:1,_ZNSt15_Sp_counted_ptrIP5equalLN9__gnu_cxx12_Lock_policyE2EE10_M_disposeEv
FN:376,_ZNSt15_Sp_counted_ptrIP2crLN9__gnu_cxx12_Lock_policyE2EE10_M_disposeEv
FNDA:1,_ZNSt15_Sp_counted_ptrIP2crLN9__gnu_cxx12_Lock_policyE2EE10_M_disposeEv
FN:376,_ZNSt15_Sp_counted_ptrIP20conditional_operatorLN9__gnu_cxx12_Lock_policyE2EE10_M_disposeEv
FNDA:1,_ZNSt15_Sp_counted_ptrIP20conditional_operatorLN9__gnu_cxx12_Lock_policyE2EE10_M_disposeEv
FN:376,_ZNSt15_Sp_counted_ptrIP7greaterLN9__gnu_cxx12_Lock_policyE2EE10_M_disposeEv
FNDA:1,_ZNSt15_Sp_counted_ptrIP7greaterLN9__gnu_cxx12_Lock_policyE2EE10_M_disposeEv
FN:376,_ZNSt15_Sp_counted_ptrIP4loopLN9__gnu_cxx12_Lock_policyE2EE10_M_disposeEv
FNDA:1,_ZNSt15_Sp_counted_ptrIP4loopLN9__gnu_cxx12_Lock_policyE2EE10_M_disposeEv
FN:376,_ZNSt15_Sp_counted_ptrIP4lessLN9__gnu_cxx12_Lock_policyE2EE10_M_disposeEv
FNDA:1,_ZNSt15_Sp_counted_ptrIP4lessLN9__gnu_cxx12_Lock_policyE2EE10_M_disposeEv
FN:376,_ZNSt15_Sp_counted_ptrIP4emitLN9__gnu_cxx12_Lock_policyE2EE10_M_disposeEv
FNDA:1,_ZNSt15_Sp_counted_ptrIP4emitLN9__gnu_cxx12_Lock_policyE2EE10_M_disposeEv
FN:376,_ZNSt15_Sp_counted_ptrIP4overLN9__gnu_cxx12_Lock_policyE2EE10_M_disposeEv
FNDA:1,_ZNSt15_Sp_counted_ptrIP4overLN9__gnu_cxx12_Lock_policyE2EE10_M_disposeEv
FN:376,_ZNSt15_Sp_counted_ptrIP3rotLN9__gnu_cxx12_Lock_policyE2EE10_M_disposeEv
FNDA:1,_ZNSt15_Sp_counted_ptrIP3rotLN9__gnu_cxx12_Lock_policyE2EE10_M_disposeEv
FN:376,_ZNSt15_Sp_counted_ptrIP4swapLN9__gnu_cxx12_Lock_policyE2EE10_M_disposeEv
FNDA:1,_ZNSt15_Sp_counted_ptrIP4swapLN9__gnu_cxx12_Lock_policyE2EE10_M_disposeEv
FN:376,_ZNSt15_Sp_counted_ptrIP5printLN9__gnu_cxx12_Lock_policyE2EE10_M_disposeEv
FNDA:1,_ZNSt15_Sp_counted_ptrIP5printLN9__gnu_cxx12_Lock_policyE2EE10_M_disposeEv
FN:376,_ZNSt15_Sp_counted_ptrIP4dropLN9__gnu_cxx12_Lock_policyE2EE10_M_disposeEv
FNDA:1,_ZNSt15_Sp_counted_ptrIP4dropLN9__gnu_cxx12_Lock_policyE2EE10_M_disposeEv
FN:376,_ZNSt15_Sp_counted_ptrIP4copyLN9__gnu_cxx12_Lock_policyE2EE10_M_disposeEv
FNDA:1,_ZNSt15_Sp_counted_ptrIP4copyLN9__gnu_cxx12_Lock_policyE2EE10_M_disposeEv
FN:376,_ZNSt15_Sp_counted_ptrIP3modLN9__gnu_cxx12_Lock_policyE2EE10_M_disposeEv
FNDA:1,_ZNSt15_Sp_counted_ptrIP3modLN9__gnu_cxx12_Lock_policyE2EE10_M_disposeEv
FN:376,_ZNSt15_Sp_counted_ptrIP5minusLN9__gnu_cxx12_Lock_policyE2EE10_M_disposeEv
FNDA:1,_ZNSt15_Sp_counted_ptrIP5minusLN9__gnu_cxx12_Lock_policyE2EE10_M_disposeEv
FN:376,_ZNSt15_Sp_counted_ptrIP4plusLN9__gnu_cxx12_Lock_policyE2EE10_M_disposeEv
FNDA:1,_ZNSt15_Sp_counted_ptrIP4plusLN9__gnu_cxx12_Lock_policyE2EE10_M_disposeEv
FN:376,_ZNSt15_Sp_counted_ptrIP6divideLN9__gnu_cxx12_Lock_policyE2EE10_M_disposeEv
FNDA:1,_ZNSt15_Sp_counted_ptrIP6divideLN9__gnu_cxx12_Lock_policyE2EE10_M_disposeEv
FN:376,_ZNSt15_Sp_counted_ptrIP8multiplyLN9__gnu_cxx12_Lock_policyE2EE10_M_disposeEv
FNDA:1,_ZNSt15_Sp_counted_ptrIP8multiplyLN9__gnu_cxx12_Lock_policyE2EE10_M_disposeEv
FN:380,_ZNSt15_Sp_counted_ptrIP4loopLN9__gnu_cxx12_Lock_policyE2EE10_M_destroyEv
FNDA:1,_ZNSt15_Sp_counted_ptrIP4loopLN9__gnu_cxx12_Lock_policyE2EE10_M_destroyEv
FN:380,_ZNSt15_Sp_counted_ptrIP20conditional_operatorLN9__gnu_cxx12_Lock_policyE2EE10_M_destroyEv
FNDA:1,_ZNSt15_Sp_counted_ptrIP20conditional_operatorLN9__gnu_cxx12_Lock_policyE2EE10_M_destroyEv
FN:380,_ZNSt15_Sp_counted_ptrIP12print_stringLN9__gnu_cxx12_Lock_policyE2EE10_M_destroyEv
FNDA:1,_ZNSt15_Sp_counted_ptrIP12print_stringLN9__gnu_cxx12_Lock_policyE2EE10_M_destroyEv
FN:380,_ZNSt15_Sp_counted_ptrIP8multiplyLN9__gnu_cxx12_Lock_policyE2EE10_M_destroyEv
FNDA:1,_ZNSt15_Sp_counted_ptrIP8multiplyLN9__gnu_cxx12_Lock_policyE2EE10_M_destroyEv
FN:380,_ZNSt15_Sp_counted_ptrIP5minusLN9__gnu_cxx12_Lock_policyE2EE10_M_destroyEv
FNDA:1,_ZNSt15_Sp_counted_ptrIP5minusLN9__gnu_cxx12_Lock_policyE2EE10_M_destroyEv
FN:380,_ZNSt15_Sp_counted_ptrIP4dropLN9__gnu_cxx12_Lock_policyE2EE10_M_destroyEv
FNDA:1,_ZNSt15_Sp_counted_ptrIP4dropLN9__gnu_cxx12_Lock_policyE2EE10_M_destroyEv
FN:380,_ZNSt15_Sp_counted_ptrIP5printLN9__gnu_cxx12_Lock_policyE2EE10_M_destroyEv
FNDA:1,_ZNSt15_Sp_counted_ptrIP5printLN9__gnu_cxx12_Lock_policyE2EE10_M_destroyEv
FN:380,_ZNSt15_Sp_counted_ptrIP4swapLN9__gnu_cxx12_Lock_policyE2EE10_M_destroyEv
FNDA:1,_ZNSt15_Sp_counted_ptrIP4swapLN9__gnu_cxx12_Lock_policyE2EE10_M_destroyEv
FN:380,_ZNSt15_Sp_counted_ptrIP4copyLN9__gnu_cxx12_Lock_policyE2EE10_M_destroyEv
FNDA:1,_ZNSt15_Sp_counted_ptrIP4copyLN9__gnu_cxx12_Lock_policyE2EE10_M_destroyEv
FN:380,_ZNSt15_Sp_counted_ptrIP3rotLN9__gnu_cxx12_Lock_policyE2EE10_M_destroyEv
FNDA:1,_ZNSt15_Sp_counted_ptrIP3rotLN9__gnu_cxx12_Lock_policyE2EE10_M_destroyEv
FN:380,_ZNSt15_Sp_counted_ptrIP4overLN9__gnu_cxx12_Lock_policyE2EE10_M_destroyEv
FNDA:1,_ZNSt15_Sp_counted_ptrIP4overLN9__gnu_cxx12_Lock_policyE2EE10_M_destroyEv
FN:380,_ZNSt15_Sp_counted_ptrIP3modLN9__gnu_cxx12_Lock_policyE2EE10_M_destroyEv
FNDA:1,_ZNSt15_Sp_counted_ptrIP3modLN9__gnu_cxx12_Lock_policyE2EE10_M_destroyEv
FN:380,_ZNSt15_Sp_counted_ptrIP4emitLN9__gnu_cxx12_Lock_policyE2EE10_M_destroyEv
FNDA:1,_ZNSt15_Sp_counted_ptrIP4emitLN9__gnu_cxx12_Lock_policyE2EE10_M_destroyEv
FN:380,_ZNSt15_Sp_counted_ptrIP2crLN9__gnu_cxx12_Lock_policyE2EE10_M_destroyEv
FNDA:1,_ZNSt15_Sp_counted_ptrIP2crLN9__gnu_cxx12_Lock_policyE2EE10_M_destroyEv
FN:380,_ZNSt15_Sp_counted_ptrIP4lessLN9__gnu_cxx12_Lock_policyE2EE10_M_destroyEv
FNDA:1,_ZNSt15_Sp_counted_ptrIP4lessLN9__gnu_cxx12_Lock_policyE2EE10_M_destroyEv
FN:380,_ZNSt15_Sp_counted_ptrIP7greaterLN9__gnu_cxx12_Lock_policyE2EE10_M_destroyEv
FNDA:1,_ZNSt15_Sp_counted_ptrIP7greaterLN9__gnu_cxx12_Lock_policyE2EE10_M_destroyEv
FN:380,_ZNSt15_Sp_counted_ptrIP5equalLN9__gnu_cxx12_Lock_policyE2EE10_M_destroyEv
FNDA:1,_ZNSt15_Sp_counted_ptrIP5equalLN9__gnu_cxx12_Lock_policyE2EE10_M_destroyEv
FN:380,_ZNSt15_Sp_counted_ptrIP11dereferenceLN9__gnu_cxx12_Lock_policyE2EE10_M_destroyEv
FNDA:1,_ZNSt15_Sp_counted_ptrIP11dereferenceLN9__gnu_cxx12_Lock_policyE2EE10_M_destroyEv
FN:380,_ZNSt15_Sp_counted_ptrIP6divideLN9__gnu_cxx12_Lock_policyE2EE10_M_destroyEv
FNDA:1,_ZNSt15_Sp_counted_ptrIP6divideLN9__gnu_cxx12_Lock_policyE2EE10_M_destroyEv
FN:380,_ZNSt15_Sp_counted_ptrIP9referenceLN9__gnu_cxx12_Lock_policyE2EE10_M_destroyEv
FNDA:1,_ZNSt15_Sp_counted_ptrIP9referenceLN9__gnu_cxx12_Lock_policyE2EE10_M_destroyEv
FN:380,_ZNSt15_Sp_counted_ptrIP4plusLN9__gnu_cxx12_Lock_policyE2EE10_M_destroyEv
FNDA:1,_ZNSt15_Sp_counted_ptrIP4plusLN9__gnu_cxx12_Lock_policyE2EE10_M_destroyEv
FN:384,_ZNSt15_Sp_counted_ptrIP5minusLN9__gnu_cxx12_Lock_policyE2EE14_M_get_deleterERKSt9type_info
FNDA:0,_ZNSt15_Sp_counted_ptrIP5minusLN9__gnu_cxx12_Lock_policyE2EE14_M_get_deleterERKSt9type_info
FN:384,_ZNSt15_Sp_counted_ptrIP11dereferenceLN9__gnu_cxx12_Lock_policyE2EE14_M_get_deleterERKSt9type_info
FNDA:0,_ZNSt15_Sp_counted_ptrIP11dereferenceLN9__gnu_cxx12_Lock_policyE2EE14_M_get_deleterERKSt9type_info
FN:384,_ZNSt15_Sp_counted_ptrIP3modLN9__gnu_cxx12_Lock_policyE2EE14_M_get_deleterERKSt9type_info
FNDA:0,_ZNSt15_Sp_counted_ptrIP3modLN9__gnu_cxx12_Lock_policyE2EE14_M_get_deleterERKSt9type_info
FN:384,_ZNSt15_Sp_counted_ptrIP8multiplyLN9__gnu_cxx12_Lock_policyE2EE14_M_get_deleterERKSt9type_info
FNDA:0,_ZNSt15_Sp_counted_ptrIP8multiplyLN9__gnu_cxx12_Lock_policyE2EE14_M_get_deleterERKSt9type_info
FN:384,_ZNSt15_Sp_counted_ptrIP6divideLN9__gnu_cxx12_Lock_policyE2EE14_M_get_deleterERKSt9type_info
FNDA:0,_ZNSt15_Sp_counted_ptrIP6divideLN9__gnu_cxx12_Lock_policyE2EE14_M_get_deleterERKSt9type_info
FN:384,_ZNSt15_Sp_counted_ptrIP4copyLN9__gnu_cxx12_Lock_policyE2EE14_M_get_deleterERKSt9type_info
FNDA:0,_ZNSt15_Sp_counted_ptrIP4copyLN9__gnu_cxx12_Lock_policyE2EE14_M_get_deleterERKSt9type_info
FN:384,_ZNSt15_Sp_counted_ptrIP4dropLN9__gnu_cxx12_Lock_policyE2EE14_M_get_deleterERKSt9type_info
FNDA:0,_ZNSt15_Sp_counted_ptrIP4dropLN9__gnu_cxx12_Lock_policyE2EE14_M_get_deleterERKSt9type_info
FN:384,_ZNSt15_Sp_counted_ptrIP4plusLN9__gnu_cxx12_Lock_policyE2EE14_M_get_deleterERKSt9type_info
FNDA:0,_ZNSt15_Sp_counted_ptrIP4plusLN9__gnu_cxx12_Lock_policyE2EE14_M_get_deleterERKSt9type_info
FN:384,_ZNSt15_Sp_counted_ptrIP4swapLN9__gnu_cxx12_Lock_policyE2EE14_M_get_deleterERKSt9type_info
FNDA:0,_ZNSt15_Sp_counted_ptrIP4swapLN9__gnu_cxx12_Lock_policyE2EE14_M_get_deleterERKSt9type_info
FN:384,_ZNSt15_Sp_counted_ptrIP12print_stringLN9__gnu_cxx12_Lock_policyE2EE14_M_get_deleterERKSt9type_info
FNDA:0,_ZNSt15_Sp_counted_ptrIP12print_stringLN9__gnu_cxx12_Lock_policyE2EE14_M_get_deleterERKSt9type_info
FN:384,_ZNSt15_Sp_counted_ptrIP9referenceLN9__gnu_cxx12_Lock_policyE2EE14_M_get_deleterERKSt9type_info
FNDA:0,_ZNSt15_Sp_counted_ptrIP9referenceLN9__gnu_cxx12_Lock_policyE2EE14_M_get_deleterERKSt9type_info
FN:384,_ZNSt15_Sp_counted_ptrIP20conditional_operatorLN9__gnu_cxx12_Lock_policyE2EE14_M_get_deleterERKSt9type_info
FNDA:0,_ZNSt15_Sp_counted_ptrIP20conditional_operatorLN9__gnu_cxx12_Lock_policyE2EE14_M_get_deleterERKSt9type_info
FN:384,_ZNSt15_Sp_counted_ptrIP5equalLN9__gnu_cxx12_Lock_policyE2EE14_M_get_deleterERKSt9type_info
FNDA:0,_ZNSt15_Sp_counted_ptrIP5equalLN9__gnu_cxx12_Lock_policyE2EE14_M_get_deleterERKSt9type_info
FN:384,_ZNSt15_Sp_counted_ptrIP4loopLN9__gnu_cxx12_Lock_policyE2EE14_M_get_deleterERKSt9type_info
FNDA:0,_ZNSt15_Sp_counted_ptrIP4loopLN9__gnu_cxx12_Lock_policyE2EE14_M_get_deleterERKSt9type_info
FN:384,_ZNSt15_Sp_counted_ptrIP7greaterLN9__gnu_cxx12_Lock_policyE2EE14_M_get_deleterERKSt9type_info
FNDA:0,_ZNSt15_Sp_counted_ptrIP7greaterLN9__gnu_cxx12_Lock_policyE2EE14_M_get_deleterERKSt9type_info
FN:384,_ZNSt15_Sp_counted_ptrIP4lessLN9__gnu_cxx12_Lock_policyE2EE14_M_get_deleterERKSt9type_info
FNDA:0,_ZNSt15_Sp_counted_ptrIP4lessLN9__gnu_cxx12_Lock_policyE2EE14_M_get_deleterERKSt9type_info
FN:384,_ZNSt15_Sp_counted_ptrIP2crLN9__gnu_cxx12_Lock_policyE2EE14_M_get_deleterERKSt9type_info
FNDA:0,_ZNSt15_Sp_counted_ptrIP2crLN9__gnu_cxx12_Lock_policyE2EE14_M_get_deleterERKSt9type_info
FN:384,_ZNSt15_Sp_counted_ptrIP4emitLN9__gnu_cxx12_Lock_policyE2EE14_M_get_deleterERKSt9type_info
FNDA:0,_ZNSt15_Sp_counted_ptrIP4emitLN9__gnu_cxx12_Lock_policyE2EE14_M_get_deleterERKSt9type_info
FN:384,_ZNSt15_Sp_counted_ptrIP4overLN9__gnu_cxx12_Lock_policyE2EE14_M_get_deleterERKSt9type_info
FNDA:0,_ZNSt15_Sp_counted_ptrIP4overLN9__gnu_cxx12_Lock_policyE2EE14_M_get_deleterERKSt9type_info
FN:384,_ZNSt15_Sp_counted_ptrIP3rotLN9__gnu_cxx12_Lock_policyE2EE14_M_get_deleterERKSt9type_info
FNDA:0,_ZNSt15_Sp_counted_ptrIP3rotLN9__gnu_cxx12_Lock_policyE2EE14_M_get_deleterERKSt9type_info
FN:384,_ZNSt15_Sp_counted_ptrIP5printLN9__gnu_cxx12_Lock_policyE2EE14_M_get_deleterERKSt9type_info
FNDA:0,_ZNSt15_Sp_counted_ptrIP5printLN9__gnu_cxx12_Lock_policyE2EE14_M_get_deleterERKSt9type_info
FN:616,_ZNSt14__shared_countILN9__gnu_cxx12_Lock_policyE2EEC2Ev
FNDA:42,_ZNSt14__shared_countILN9__gnu_cxx12_Lock_policyE2EEC2Ev
FN:621,_ZNSt14__shared_countILN9__gnu_cxx12_Lock_policyE2EEC2IP11dereferenceEET_
FNDA:1,_ZNSt14__shared_countILN9__gnu_cxx12_Lock_policyE2EEC2IP11dereferenceEET_
FN:621,_ZNSt14__shared_countILN9__gnu_cxx12_Lock_policyE2EEC2IP8multiplyEET_
FNDA:1,_ZNSt14__shared_countILN9__gnu_cxx12_Lock_policyE2EEC2IP8multiplyEET_
FN:621,_ZNSt14__shared_countILN9__gnu_cxx12_Lock_policyE2EEC2IP6divideEET_
FNDA:1,_ZNSt14__shared_countILN9__gnu_cxx12_Lock_policyE2EEC2IP6divideEET_
FN:621,_ZNSt14__shared_countILN9__gnu_cxx12_Lock_policyE2EEC2IP4plusEET_
FNDA:1,_ZNSt14__shared_countILN9__gnu_cxx12_Lock_policyE2EEC2IP4plusEET_
FN:621,_ZNSt14__shared_countILN9__gnu_cxx12_Lock_policyE2EEC2IP5minusEET_
FNDA:1,_ZNSt14__shared_countILN9__gnu_cxx12_Lock_policyE2EEC2IP5minusEET_
FN:621,_ZNSt14__shared_countILN9__gnu_cxx12_Lock_policyE2EEC2IP3modEET_
FNDA:1,_ZNSt14__shared_countILN9__gnu_cxx12_Lock_policyE2EEC2IP3modEET_
FN:621,_ZNSt14__shared_countILN9__gnu_cxx12_Lock_policyE2EEC2IP4copyEET_
FNDA:1,_ZNSt14__shared_countILN9__gnu_cxx12_Lock_policyE2EEC2IP4copyEET_
FN:621,_ZNSt14__shared_countILN9__gnu_cxx12_Lock_policyE2EEC2IP4dropEET_
FNDA:1,_ZNSt14__shared_countILN9__gnu_cxx12_Lock_policyE2EEC2IP4dropEET_
FN:621,_ZNSt14__shared_countILN9__gnu_cxx12_Lock_policyE2EEC2IP4swapEET_
FNDA:1,_ZNSt14__shared_countILN9__gnu_cxx12_Lock_policyE2EEC2IP4swapEET_
FN:621,_ZNSt14__shared_countILN9__gnu_cxx12_Lock_policyE2EEC2IP4loopEET_
FNDA:1,_ZNSt14__shared_countILN9__gnu_cxx12_Lock_policyE2EEC2IP4loopEET_
FN:621,_ZNSt14__shared_countILN9__gnu_cxx12_Lock_policyE2EEC2IP5printEET_
FNDA:1,_ZNSt14__shared_countILN9__gnu_cxx12_Lock_policyE2EEC2IP5printEET_
FN:621,_ZNSt14__shared_countILN9__gnu_cxx12_Lock_policyE2EEC2IP20conditional_operatorEET_
FNDA:1,_ZNSt14__shared_countILN9__gnu_cxx12_Lock_policyE2EEC2IP20conditional_operatorEET_
FN:621,_ZNSt14__shared_countILN9__gnu_cxx12_Lock_policyE2EEC2IP12print_stringEET_
FNDA:1,_ZNSt14__shared_countILN9__gnu_cxx12_Lock_policyE2EEC2IP12print_stringEET_
FN:621,_ZNSt14__shared_countILN9__gnu_cxx12_Lock_policyE2EEC2IP9referenceEET_
FNDA:1,_ZNSt14__shared_countILN9__gnu_cxx12_Lock_policyE2EEC2IP9referenceEET_
FN:621,_ZNSt14__shared_countILN9__gnu_cxx12_Lock_policyE2EEC2IP5equalEET_
FNDA:1,_ZNSt14__shared_countILN9__gnu_cxx12_Lock_policyE2EEC2IP5equalEET_
FN:621,_ZNSt14__shared_countILN9__gnu_cxx12_Lock_policyE2EEC2IP7greaterEET_
FNDA:1,_ZNSt14__shared_countILN9__gnu_cxx12_Lock_policyE2EEC2IP7greaterEET_
FN:621,_ZNSt14__shared_countILN9__gnu_cxx12_Lock_policyE2EEC2IP4lessEET_
FNDA:1,_ZNSt14__shared_countILN9__gnu_cxx12_Lock_policyE2EEC2IP4lessEET_
FN:621,_ZNSt14__shared_countILN9__gnu_cxx12_Lock_policyE2EEC2IP2crEET_
FNDA:1,_ZNSt14__shared_countILN9__gnu_cxx12_Lock_policyE2EEC2IP2crEET_
FN:621,_ZNSt14__shared_countILN9__gnu_cxx12_Lock_policyE2EEC2IP4emitEET_
FNDA:1,_ZNSt14__shared_countILN9__gnu_cxx12_Lock_policyE2EEC2IP4emitEET_
FN:621,_ZNSt14__shared_countILN9__gnu_cxx12_Lock_policyE2EEC2IP4overEET_
FNDA:1,_ZNSt14__shared_countILN9__gnu_cxx12_Lock_policyE2EEC2IP4overEET_
FN:621,_ZNSt14__shared_countILN9__gnu_cxx12_Lock_policyE2EEC2IP3rotEET_
FNDA:1,_ZNSt14__shared_countILN9__gnu_cxx12_Lock_policyE2EEC2IP3rotEET_
FN:635,_ZNSt14__shared_countILN9__gnu_cxx12_Lock_policyE2EEC2IP4overEET_St17integral_constantIbLb0EE
FNDA:1,_ZNSt14__shared_countILN9__gnu_cxx12_Lock_policyE2EEC2IP4overEET_St17integral_constantIbLb0EE
FN:635,_ZNSt14__shared_countILN9__gnu_cxx12_Lock_policyE2EEC2IP4emitEET_St17integral_constantIbLb0EE
FNDA:1,_ZNSt14__shared_countILN9__gnu_cxx12_Lock_policyE2EEC2IP4emitEET_St17integral_constantIbLb0EE
FN:635,_ZNSt14__shared_countILN9__gnu_cxx12_Lock_policyE2EEC2IP3rotEET_St17integral_constantIbLb0EE
FNDA:1,_ZNSt14__shared_countILN9__gnu_cxx12_Lock_policyE2EEC2IP3rotEET_St17integral_constantIbLb0EE
FN:635,_ZNSt14__shared_countILN9__gnu_cxx12_Lock_policyE2EEC2IP4swapEET_St17integral_constantIbLb0EE
FNDA:1,_ZNSt14__shared_countILN9__gnu_cxx12_Lock_policyE2EEC2IP4swapEET_St17integral_constantIbLb0EE
FN:635,_ZNSt14__shared_countILN9__gnu_cxx12_Lock_policyE2EEC2IP5printEET_St17integral_constantIbLb0EE
FNDA:1,_ZNSt14__shared_countILN9__gnu_cxx12_Lock_policyE2EEC2IP5printEET_St17integral_constantIbLb0EE
FN:635,_ZNSt14__shared_countILN9__gnu_cxx12_Lock_policyE2EEC2IP4dropEET_St17integral_constantIbLb0EE
FNDA:1,_ZNSt14__shared_countILN9__gnu_cxx12_Lock_policyE2EEC2IP4dropEET_St17integral_constantIbLb0EE
FN:635,_ZNSt14__shared_countILN9__gnu_cxx12_Lock_policyE2EEC2IP4copyEET_St17integral_constantIbLb0EE
FNDA:1,_ZNSt14__shared_countILN9__gnu_cxx12_Lock_policyE2EEC2IP4copyEET_St17integral_constantIbLb0EE
FN:635,_ZNSt14__shared_countILN9__gnu_cxx12_Lock_policyE2EEC2IP3modEET_St17integral_constantIbLb0EE
FNDA:1,_ZNSt14__shared_countILN9__gnu_cxx12_Lock_policyE2EEC2IP3modEET_St17integral_constantIbLb0EE
FN:635,_ZNSt14__shared_countILN9__gnu_cxx12_Lock_policyE2EEC2IP5minusEET_St17integral_constantIbLb0EE
FNDA:1,_ZNSt14__shared_countILN9__gnu_cxx12_Lock_policyE2EEC2IP5minusEET_St17integral_constantIbLb0EE
FN:635,_ZNSt14__shared_countILN9__gnu_cxx12_Lock_policyE2EEC2IP4plusEET_St17integral_constantIbLb0EE
FNDA:1,_ZNSt14__shared_countILN9__gnu_cxx12_Lock_policyE2EEC2IP4plusEET_St17integral_constantIbLb0EE
FN:635,_ZNSt14__shared_countILN9__gnu_cxx12_Lock_policyE2EEC2IP6divideEET_St17integral_constantIbLb0EE
FNDA:1,_ZNSt14__shared_countILN9__gnu_cxx12_Lock_policyE2EEC2IP6divideEET_St17integral_constantIbLb0EE
FN:635,_ZNSt14__shared_countILN9__gnu_cxx12_Lock_policyE2EEC2IP8multiplyEET_St17integral_constantIbLb0EE
FNDA:1,_ZNSt14__shared_countILN9__gnu_cxx12_Lock_policyE2EEC2IP8multiplyEET_St17integral_constantIbLb0EE
FN:635,_ZNSt14__shared_countILN9__gnu_cxx12_Lock_policyE2EEC2IP11dereferenceEET_St17integral_constantIbLb0EE
FNDA:1,_ZNSt14__shared_countILN9__gnu_cxx12_Lock_policyE2EEC2IP11dereferenceEET_St17integral_constantIbLb0EE
FN:635,_ZNSt14__shared_countILN9__gnu_cxx12_Lock_policyE2EEC2IP7greaterEET_St17integral_constantIbLb0EE
FNDA:1,_ZNSt14__shared_countILN9__gnu_cxx12_Lock_policyE2EEC2IP7greaterEET_St17integral_constantIbLb0EE
FN:635,_ZNSt14__shared_countILN9__gnu_cxx12_Lock_policyE2EEC2IP4loopEET_St17integral_constantIbLb0EE
FNDA:1,_ZNSt14__shared_countILN9__gnu_cxx12_Lock_policyE2EEC2IP4loopEET_St17integral_constantIbLb0EE
FN:635,_ZNSt14__shared_countILN9__gnu_cxx12_Lock_policyE2EEC2IP9referenceEET_St17integral_constantIbLb0EE
FNDA:1,_ZNSt14__shared_countILN9__gnu_cxx12_Lock_policyE2EEC2IP9referenceEET_St17integral_constantIbLb0EE
FN:635,_ZNSt14__shared_countILN9__gnu_cxx12_Lock_policyE2EEC2IP12print_stringEET_St17integral_constantIbLb0EE
FNDA:1,_ZNSt14__shared_countILN9__gnu_cxx12_Lock_policyE2EEC2IP12print_stringEET_St17integral_constantIbLb0EE
FN:635,_ZNSt14__shared_countILN9__gnu_cxx12_Lock_policyE2EEC2IP5equalEET_St17integral_constantIbLb0EE
FNDA:1,_ZNSt14__shared_countILN9__gnu_cxx12_Lock_policyE2EEC2IP5equalEET_St17integral_constantIbLb0EE
FN:635,_ZNSt14__shared_countILN9__gnu_cxx12_Lock_policyE2EEC2IP20conditional_operatorEET_St17integral_constantIbLb0EE
FNDA:1,_ZNSt14__shared_countILN9__gnu_cxx12_Lock_policyE2EEC2IP20conditional_operatorEET_St17integral_constantIbLb0EE
FN:635,_ZNSt14__shared_countILN9__gnu_cxx12_Lock_policyE2EEC2IP4lessEET_St17integral_constantIbLb0EE
FNDA:1,_ZNSt14__shared_countILN9__gnu_cxx12_Lock_policyE2EEC2IP4lessEET_St17integral_constantIbLb0EE
FN:635,_ZNSt14__shared_countILN9__gnu_cxx12_Lock_policyE2EEC2IP2crEET_St17integral_constantIbLb0EE
FNDA:1,_ZNSt14__shared_countILN9__gnu_cxx12_Lock_policyE2EEC2IP2crEET_St17integral_constantIbLb0EE
FN:727,_ZNSt14__shared_countILN9__gnu_cxx12_Lock_policyE2EED2Ev
FNDA:84,_ZNSt14__shared_countILN9__gnu_cxx12_Lock_policyE2EED2Ev
FN:733,_ZNSt14__shared_countILN9__gnu_cxx12_Lock_policyE2EEC2ERKS2_
FNDA:21,_ZNSt14__shared_countILN9__gnu_cxx12_Lock_policyE2EEC2ERKS2_
FN:756,_ZNSt14__shared_countILN9__gnu_cxx12_Lock_policyE2EE7_M_swapERS2_
FNDA:42,_ZNSt14__shared_countILN9__gnu_cxx12_Lock_policyE2EE7_M_swapERS2_
FN:1012,_ZNKSt19__shared_ptr_accessI16default_functionLN9__gnu_cxx12_Lock_policyE2ELb0ELb0EEptEv
FNDA:100119,_ZNKSt19__shared_ptr_accessI16default_functionLN9__gnu_cxx12_Lock_policyE2ELb0ELb0EEptEv
FN:1020,_ZNKSt19__shared_ptr_accessI16default_functionLN9__gnu_cxx12_Lock_policyE2ELb0ELb0EE6_M_getEv
FNDA:100119,_ZNKSt19__shared_ptr_accessI16default_functionLN9__gnu_cxx12_Lock_policyE2ELb0ELb0EE6_M_getEv
FN:1124,_ZNSt12__shared_ptrI9referenceLN9__gnu_cxx12_Lock_policyE2EEC2IS0_vEEPT_
FNDA:1,_ZNSt12__shared_ptrI9referenceLN9__gnu_cxx12_Lock_policyE2EEC2IS0_vEEPT_
FN:1124,_ZNSt12__shared_ptrI5equalLN9__gnu_cxx12_Lock_policyE2EEC2IS0_vEEPT_
FNDA:1,_ZNSt12__shared_ptrI5equalLN9__gnu_cxx12_Lock_policyE2EEC2IS0_vEEPT_
FN:1124,_ZNSt12__shared_ptrI12print_stringLN9__gnu_cxx12_Lock_policyE2EEC2IS0_vEEPT_
FNDA:1,_ZNSt12__shared_ptrI12print_stringLN9__gnu_cxx12_Lock_policyE2EEC2IS0_vEEPT_
FN:1124,_ZNSt12__shared_ptrI11dereferenceLN9__gnu_cxx12_Lock_policyE2EEC2IS0_vEEPT_
FNDA:1,_ZNSt12__shared_ptrI11dereferenceLN9__gnu_cxx12_Lock_policyE2EEC2IS0_vEEPT_
FN:1124,_ZNSt12__shared_ptrI7greaterLN9__gnu_cxx12_Lock_policyE2EEC2IS0_vEEPT_
FNDA:1,_ZNSt12__shared_ptrI7greaterLN9__gnu_cxx12_Lock_policyE2EEC2IS0_vEEPT_
FN:1124,_ZNSt12__shared_ptrI4dropLN9__gnu_cxx12_Lock_policyE2EEC2IS0_vEEPT_
FNDA:1,_ZNSt12__shared_ptrI4dropLN9__gnu_cxx12_Lock_policyE2EEC2IS0_vEEPT_
FN:1124,_ZNSt12__shared_ptrI4lessLN9__gnu_cxx12_Lock_policyE2EEC2IS0_vEEPT_
FNDA:1,_ZNSt12__shared_ptrI4lessLN9__gnu_cxx12_Lock_policyE2EEC2IS0_vEEPT_
FN:1124,_ZNSt12__shared_ptrI2crLN9__gnu_cxx12_Lock_policyE2EEC2IS0_vEEPT_
FNDA:1,_ZNSt12__shared_ptrI2crLN9__gnu_cxx12_Lock_policyE2EEC2IS0_vEEPT_
FN:1124,_ZNSt12__shared_ptrI8multiplyLN9__gnu_cxx12_Lock_policyE2EEC2IS0_vEEPT_
FNDA:1,_ZNSt12__shared_ptrI8multiplyLN9__gnu_cxx12_Lock_policyE2EEC2IS0_vEEPT_
FN:1124,_ZNSt12__shared_ptrI4emitLN9__gnu_cxx12_Lock_policyE2EEC2IS0_vEEPT_
FNDA:1,_ZNSt12__shared_ptrI4emitLN9__gnu_cxx12_Lock_policyE2EEC2IS0_vEEPT_
FN:1124,_ZNSt12__shared_ptrI6divideLN9__gnu_cxx12_Lock_policyE2EEC2IS0_vEEPT_
FNDA:1,_ZNSt12__shared_ptrI6divideLN9__gnu_cxx12_Lock_policyE2EEC2IS0_vEEPT_
FN:1124,_ZNSt12__shared_ptrI4overLN9__gnu_cxx12_Lock_policyE2EEC2IS0_vEEPT_
FNDA:1,_ZNSt12__shared_ptrI4overLN9__gnu_cxx12_Lock_policyE2EEC2IS0_vEEPT_
FN:1124,_ZNSt12__shared_ptrI4plusLN9__gnu_cxx12_Lock_policyE2EEC2IS0_vEEPT_
FNDA:1,_ZNSt12__shared_ptrI4plusLN9__gnu_cxx12_Lock_policyE2EEC2IS0_vEEPT_
FN:1124,_ZNSt12__shared_ptrI3rotLN9__gnu_cxx12_Lock_policyE2EEC2IS0_vEEPT_
FNDA:1,_ZNSt12__shared_ptrI3rotLN9__gnu_cxx12_Lock_policyE2EEC2IS0_vEEPT_
FN:1124,_ZNSt12__shared_ptrI5minusLN9__gnu_cxx12_Lock_policyE2EEC2IS0_vEEPT_
FNDA:1,_ZNSt12__shared_ptrI5minusLN9__gnu_cxx12_Lock_policyE2EEC2IS0_vEEPT_
FN:1124,_ZNSt12__shared_ptrI4swapLN9__gnu_cxx12_Lock_policyE2EEC2IS0_vEEPT_
FNDA:1,_ZNSt12__shared_ptrI4swapLN9__gnu_cxx12_Lock_policyE2EEC2IS0_vEEPT_
FN:1124,_ZNSt12__shared_ptrI3modLN9__gnu_cxx12_Lock_policyE2EEC2IS0_vEEPT_
FNDA:1,_ZNSt12__shared_ptrI3modLN9__gnu_cxx12_Lock_policyE2EEC2IS0_vEEPT_
FN:1124,_ZNSt12__shared_ptrI5printLN9__gnu_cxx12_Lock_policyE2EEC2IS0_vEEPT_
FNDA:1,_ZNSt12__shared_ptrI5printLN9__gnu_cxx12_Lock_policyE2EEC2IS0_vEEPT_
FN:1124,_ZNSt12__shared_ptrI4copyLN9__gnu_cxx12_Lock_policyE2EEC2IS0_vEEPT_
FNDA:1,_ZNSt12__shared_ptrI4copyLN9__gnu_cxx12_Lock_policyE2EEC2IS0_vEEPT_
FN:1124,_ZNSt12__shared_ptrI20conditional_operatorLN9__gnu_cxx12_Lock_policyE2EEC2IS0_vEEPT_
FNDA:1,_ZNSt12__shared_ptrI20conditional_operatorLN9__gnu_cxx12_Lock_policyE2EEC2IS0_vEEPT_
FN:1124,_ZNSt12__shared_ptrI4loopLN9__gnu_cxx12_Lock_policyE2EEC2IS0_vEEPT_
FNDA:1,_ZNSt12__shared_ptrI4loopLN9__gnu_cxx12_Lock_policyE2EEC2IS0_vEEPT_
FN:1167,_ZNSt12__shared_ptrI16default_functionLN9__gnu_cxx12_Lock_policyE2EEC2ERKS3_
FNDA:21,_ZNSt12__shared_ptrI16default_functionLN9__gnu_cxx12_Lock_policyE2EEC2ERKS3_
FN:1169,_ZNSt12__shared_ptrI4overLN9__gnu_cxx12_Lock_policyE2EED2Ev
FNDA:1,_ZNSt12__shared_ptrI4overLN9__gnu_cxx12_Lock_policyE2EED2Ev
FN:1169,_ZNSt12__shared_ptrI16default_functionLN9__gnu_cxx12_Lock_policyE2EED2Ev
FNDA:63,_ZNSt12__shared_ptrI16default_functionLN9__gnu_cxx12_Lock_policyE2EED2Ev
FN:1169,_ZNSt12__shared_ptrI8multiplyLN9__gnu_cxx12_Lock_policyE2EED2Ev
FNDA:1,_ZNSt12__shared_ptrI8multiplyLN9__gnu_cxx12_Lock_policyE2EED2Ev
FN:1169,_ZNSt12__shared_ptrI6divideLN9__gnu_cxx12_Lock_policyE2EED2Ev
FNDA:1,_ZNSt12__shared_ptrI6divideLN9__gnu_cxx12_Lock_policyE2EED2Ev
FN:1169,_ZNSt12__shared_ptrI4plusLN9__gnu_cxx12_Lock_policyE2EED2Ev
FNDA:1,_ZNSt12__shared_ptrI4plusLN9__gnu_cxx12_Lock_policyE2EED2Ev
FN:1169,_ZNSt12__shared_ptrI5minusLN9__gnu_cxx12_Lock_policyE2EED2Ev
FNDA:1,_ZNSt12__shared_ptrI5minusLN9__gnu_cxx12_Lock_policyE2EED2Ev
FN:1169,_ZNSt12__shared_ptrI3modLN9__gnu_cxx12_Lock_policyE2EED2Ev
FNDA:1,_ZNSt12__shared_ptrI3modLN9__gnu_cxx12_Lock_policyE2EED2Ev
FN:1169,_ZNSt12__shared_ptrI4copyLN9__gnu_cxx12_Lock_policyE2EED2Ev
FNDA:1,_ZNSt12__shared_ptrI4copyLN9__gnu_cxx12_Lock_policyE2EED2Ev
FN:1169,_ZNSt12__shared_ptrI4dropLN9__gnu_cxx12_Lock_policyE2EED2Ev
FNDA:1,_ZNSt12__shared_ptrI4dropLN9__gnu_cxx12_Lock_policyE2EED2Ev
FN:1169,_ZNSt12__shared_ptrI5printLN9__gnu_cxx12_Lock_policyE2EED2Ev
FNDA:1,_ZNSt12__shared_ptrI5printLN9__gnu_cxx12_Lock_policyE2EED2Ev
FN:1169,_ZNSt12__shared_ptrI4swapLN9__gnu_cxx12_Lock_policyE2EED2Ev
FNDA:1,_ZNSt12__shared_ptrI4swapLN9__gnu_cxx12_Lock_policyE2EED2Ev
FN:1169,_ZNSt12__shared_ptrI3rotLN9__gnu_cxx12_Lock_policyE2EED2Ev
FNDA:1,_ZNSt12__shared_ptrI3rotLN9__gnu_cxx12_Lock_policyE2EED2Ev
FN:1169,_ZNSt12__shared_ptrI11dereferenceLN9__gnu_cxx12_Lock_policyE2EED2Ev
FNDA:1,_ZNSt12__shared_ptrI11dereferenceLN9__gnu_cxx12_Lock_policyE2EED2Ev
FN:1169,_ZNSt12__shared_ptrI4emitLN9__gnu_cxx12_Lock_policyE2EED2Ev
FNDA:1,_ZNSt12__shared_ptrI4emitLN9__gnu_cxx12_Lock_policyE2EED2Ev
FN:1169,_ZNSt12__shared_ptrI2crLN9__gnu_cxx12_Lock_policyE2EED2Ev
FNDA:1,_ZNSt12__shared_ptrI2crLN9__gnu_cxx12_Lock_policyE2EED2Ev
FN:1169,_ZNSt12__shared_ptrI4lessLN9__gnu_cxx12_Lock_policyE2EED2Ev
FNDA:1,_ZNSt12__shared_ptrI4lessLN9__gnu_cxx12_Lock_policyE2EED2Ev
FN:1169,_ZNSt12__shared_ptrI7greaterLN9__gnu_cxx12_Lock_policyE2EED2Ev
FNDA:1,_ZNSt12__shared_ptrI7greaterLN9__gnu_cxx12_Lock_policyE2EED2Ev
FN:1169,_ZNSt12__shared_ptrI5equalLN9__gnu_cxx12_Lock_policyE2EED2Ev
FNDA:1,_ZNSt12__shared_ptrI5equalLN9__gnu_cxx12_Lock_policyE2EED2Ev
FN:1169,_ZNSt12__shared_ptrI4loopLN9__gnu_cxx12_Lock_policyE2EED2Ev
FNDA:1,_ZNSt12__shared_ptrI4loopLN9__gnu_cxx12_Lock_policyE2EED2Ev
FN:1169,_ZNSt12__shared_ptrI9referenceLN9__gnu_cxx12_Lock_policyE2EED2Ev
FNDA:1,_ZNSt12__shared_ptrI9referenceLN9__gnu_cxx12_Lock_policyE2EED2Ev
FN:1169,_ZNSt12__shared_ptrI20conditional_operatorLN9__gnu_cxx12_Lock_policyE2EED2Ev
FNDA:1,_ZNSt12__shared_ptrI20conditional_operatorLN9__gnu_cxx12_Lock_policyE2EED2Ev
FN:1169,_ZNSt12__shared_ptrI12print_stringLN9__gnu_cxx12_Lock_policyE2EED2Ev
FNDA:1,_ZNSt12__shared_ptrI12print_stringLN9__gnu_cxx12_Lock_policyE2EED2Ev
FN:1176,_ZNSt12__shared_ptrI16default_functionLN9__gnu_cxx12_Lock_policyE2EEC2EOS3_
FNDA:21,_ZNSt12__shared_ptrI16default_functionLN9__gnu_cxx12_Lock_policyE2EEC2EOS3_
FN:1184,_ZNSt12__shared_ptrI16default_functionLN9__gnu_cxx12_Lock_policyE2EEC2I4dropvEEOS_IT_LS2_2EE
FNDA:1,_ZNSt12__shared_ptrI16default_functionLN9__gnu_cxx12_Lock_policyE2EEC2I4dropvEEOS_IT_LS2_2EE
FN:1184,_ZNSt12__shared_ptrI16default_functionLN9__gnu_cxx12_Lock_policyE2EEC2I4loopvEEOS_IT_LS2_2EE
FNDA:1,_ZNSt12__shared_ptrI16default_functionLN9__gnu_cxx12_Lock_policyE2EEC2I4loopvEEOS_IT_LS2_2EE
FN:1184,_ZNSt12__shared_ptrI16default_functionLN9__gnu_cxx12_Lock_policyE2EEC2I20conditional_operatorvEEOS_IT_LS2_2EE
FNDA:1,_ZNSt12__shared_ptrI16default_functionLN9__gnu_cxx12_Lock_policyE2EEC2I20conditional_operatorvEEOS_IT_LS2_2EE
FN:1184,_ZNSt12__shared_ptrI16default_functionLN9__gnu_cxx12_Lock_policyE2EEC2I12print_stringvEEOS_IT_LS2_2EE
FNDA:1,_ZNSt12__shared_ptrI16default_functionLN9__gnu_cxx12_Lock_policyE2EEC2I12print_stringvEEOS_IT_LS2_2EE
FN:1184,_ZNSt12__shared_ptrI16default_functionLN9__gnu_cxx12_Lock_policyE2EEC2I11dereferencevEEOS_IT_LS2_2EE
FNDA:1,_ZNSt12__shared_ptrI16default_functionLN9__gnu_cxx12_Lock_policyE2EEC2I11dereferencevEEOS_IT_LS2_2EE
FN:1184,_ZNSt12__shared_ptrI16default_functionLN9__gnu_cxx12_Lock_policyE2EEC2I9referencevEEOS_IT_LS2_2EE
FNDA:1,_ZNSt12__shared_ptrI16default_functionLN9__gnu_cxx12_Lock_policyE2EEC2I9referencevEEOS_IT_LS2_2EE
FN:1184,_ZNSt12__shared_ptrI16default_functionLN9__gnu_cxx12_Lock_policyE2EEC2I5equalvEEOS_IT_LS2_2EE
FNDA:1,_ZNSt12__shared_ptrI16default_functionLN9__gnu_cxx12_Lock_policyE2EEC2I5equalvEEOS_IT_LS2_2EE
FN:1184,_ZNSt12__shared_ptrI16default_functionLN9__gnu_cxx12_Lock_policyE2EEC2I7greatervEEOS_IT_LS2_2EE
FNDA:1,_ZNSt12__shared_ptrI16default_functionLN9__gnu_cxx12_Lock_policyE2EEC2I7greatervEEOS_IT_LS2_2EE
FN:1184,_ZNSt12__shared_ptrI16default_functionLN9__gnu_cxx12_Lock_policyE2EEC2I4lessvEEOS_IT_LS2_2EE
FNDA:1,_ZNSt12__shared_ptrI16default_functionLN9__gnu_cxx12_Lock_policyE2EEC2I4lessvEEOS_IT_LS2_2EE
FN:1184,_ZNSt12__shared_ptrI16default_functionLN9__gnu_cxx12_Lock_policyE2EEC2I2crvEEOS_IT_LS2_2EE
FNDA:1,_ZNSt12__shared_ptrI16default_functionLN9__gnu_cxx12_Lock_policyE2EEC2I2crvEEOS_IT_LS2_2EE
FN:1184,_ZNSt12__shared_ptrI16default_functionLN9__gnu_cxx12_Lock_policyE2EEC2I4emitvEEOS_IT_LS2_2EE
FNDA:1,_ZNSt12__shared_ptrI16default_functionLN9__gnu_cxx12_Lock_policyE2EEC2I4emitvEEOS_IT_LS2_2EE
FN:1184,_ZNSt12__shared_ptrI16default_functionLN9__gnu_cxx12_Lock_policyE2EEC2I4swapvEEOS_IT_LS2_2EE
FNDA:1,_ZNSt12__shared_ptrI16default_functionLN9__gnu_cxx12_Lock_policyE2EEC2I4swapvEEOS_IT_LS2_2EE
FN:1184,_ZNSt12__shared_ptrI16default_functionLN9__gnu_cxx12_Lock_policyE2EEC2I8multiplyvEEOS_IT_LS2_2EE
FNDA:1,_ZNSt12__shared_ptrI16default_functionLN9__gnu_cxx12_Lock_policyE2EEC2I8multiplyvEEOS_IT_LS2_2EE
FN:1184,_ZNSt12__shared_ptrI16default_functionLN9__gnu_cxx12_Lock_policyE2EEC2I4copyvEEOS_IT_LS2_2EE
FNDA:1,_ZNSt12__shared_ptrI16default_functionLN9__gnu_cxx12_Lock_policyE2EEC2I4copyvEEOS_IT_LS2_2EE
FN:1184,_ZNSt12__shared_ptrI16default_functionLN9__gnu_cxx12_Lock_policyE2EEC2I3modvEEOS_IT_LS2_2EE
FNDA:1,_ZNSt12__shared_ptrI16default_functionLN9__gnu_cxx12_Lock_policyE2EEC2I3modvEEOS_IT_LS2_2EE
FN:1184,_ZNSt12__shared_ptrI16default_functionLN9__gnu_cxx12_Lock_policyE2EEC2I5printvEEOS_IT_LS2_2EE
FNDA:1,_ZNSt12__shared_ptrI16default_functionLN9__gnu_cxx12_Lock_policyE2EEC2I5printvEEOS_IT_LS2_2EE
FN:1184,_ZNSt12__shared_ptrI16default_functionLN9__gnu_cxx12_Lock_policyE2EEC2I5minusvEEOS_IT_LS2_2EE
FNDA:1,_ZNSt12__shared_ptrI16default_functionLN9__gnu_cxx12_Lock_policyE2EEC2I5minusvEEOS_IT_LS2_2EE
FN:1184,_ZNSt12__shared_ptrI16default_functionLN9__gnu_cxx12_Lock_policyE2EEC2I4plusvEEOS_IT_LS2_2EE
FNDA:1,_ZNSt12__shared_ptrI16default_functionLN9__gnu_cxx12_Lock_policyE2EEC2I4plusvEEOS_IT_LS2_2EE
FN:1184,_ZNSt12__shared_ptrI16default_functionLN9__gnu_cxx12_Lock_policyE2EEC2I3rotvEEOS_IT_LS2_2EE
FNDA:1,_ZNSt12__shared_ptrI16default_functionLN9__gnu_cxx12_Lock_policyE2EEC2I3rotvEEOS_IT_LS2_2EE
FN:1184,_ZNSt12__shared_ptrI16default_functionLN9__gnu_cxx12_Lock_policyE2EEC2I6dividevEEOS_IT_LS2_2EE
FNDA:1,_ZNSt12__shared_ptrI16default_functionLN9__gnu_cxx12_Lock_policyE2EEC2I6dividevEEOS_IT_LS2_2EE
FN:1184,_ZNSt12__shared_ptrI16default_functionLN9__gnu_cxx12_Lock_policyE2EEC2I4overvEEOS_IT_LS2_2EE
FNDA:1,_ZNSt12__shared_ptrI16default_functionLN9__gnu_cxx12_Lock_policyE2EEC2I4overvEEOS_IT_LS2_2EE
FN:1309,_ZNKSt12__shared_ptrI16default_functionLN9__gnu_cxx12_Lock_policyE2EE3getEv
FNDA:100119,_ZNKSt12__shared_ptrI16default_functionLN9__gnu_cxx12_Lock_policyE2EE3getEv
FN:1388,_ZNSt12__shared_ptrI7greaterLN9__gnu_cxx12_Lock_policyE2EE31_M_enable_shared_from_this_withIS0_S0_EENSt9enable_ifIXntsrNS3_15__has_esft_baseIT0_vEE5valueEvE4typeEPT_
FNDA:1,_ZNSt12__shared_ptrI7greaterLN9__gnu_cxx12_Lock_policyE2EE31_M_enable_shared_from_this_withIS0_S0_EENSt9enable_ifIXntsrNS3_15__has_esft_baseIT0_vEE5valueEvE4typeEPT_
FN:1388,_ZNSt12__shared_ptrI4copyLN9__gnu_cxx12_Lock_policyE2EE31_M_enable_shared_from_this_withIS0_S0_EENSt9enable_ifIXntsrNS3_15__has_esft_baseIT0_vEE5valueEvE4typeEPT_
FNDA:1,_ZNSt12__shared_ptrI4copyLN9__gnu_cxx12_Lock_policyE2EE31_M_enable_shared_from_this_withIS0_S0_EENSt9enable_ifIXntsrNS3_15__has_esft_baseIT0_vEE5valueEvE4typeEPT_
FN:1388,_ZNSt12__shared_ptrI4dropLN9__gnu_cxx12_Lock_policyE2EE31_M_enable_shared_from_this_withIS0_S0_EENSt9enable_ifIXntsrNS3_15__has_esft_baseIT0_vEE5valueEvE4typeEPT_
FNDA:1,_ZNSt12__shared_ptrI4dropLN9__gnu_cxx12_Lock_policyE2EE31_M_enable_shared_from_this_withIS0_S0_EENSt9enable_ifIXntsrNS3_15__has_esft_baseIT0_vEE5valueEvE4typeEPT_
FN:1388,_ZNSt12__shared_ptrI4lessLN9__gnu_cxx12_Lock_policyE2EE31_M_enable_shared_from_this_withIS0_S0_EENSt9enable_ifIXntsrNS3_15__has_esft_baseIT0_vEE5valueEvE4typeEPT_
FNDA:1,_ZNSt12__shared_ptrI4lessLN9__gnu_cxx12_Lock_policyE2EE31_M_enable_shared_from_this_withIS0_S0_EENSt9enable_ifIXntsrNS3_15__has_esft_baseIT0_vEE5valueEvE4typeEPT_
FN:1388,_ZNSt12__shared_ptrI5printLN9__gnu_cxx12_Lock_policyE2EE31_M_enable_shared_from_this_withIS0_S0_EENSt9enable_ifIXntsrNS3_15__has_esft_baseIT0_vEE5valueEvE4typeEPT_
FNDA:1,_ZNSt12__shared_ptrI5printLN9__gnu_cxx12_Lock_policyE2EE31_M_enable_shared_from_this_withIS0_S0_EENSt9enable_ifIXntsrNS3_15__has_esft_baseIT0_vEE5valueEvE4typeEPT_
FN:1388,_ZNSt12__shared_ptrI9referenceLN9__gnu_cxx12_Lock_policyE2EE31_M_enable_shared_from_this_withIS0_S0_EENSt9enable_ifIXntsrNS3_15__has_esft_baseIT0_vEE5valueEvE4typeEPT_
FNDA:1,_ZNSt12__shared_ptrI9referenceLN9__gnu_cxx12_Lock_policyE2EE31_M_enable_shared_from_this_withIS0_S0_EENSt9enable_ifIXntsrNS3_15__has_esft_baseIT0_vEE5valueEvE4typeEPT_
FN:1388,_ZNSt12__shared_ptrI4swapLN9__gnu_cxx12_Lock_policyE2EE31_M_enable_shared_from_this_withIS0_S0_EENSt9enable_ifIXntsrNS3_15__has_esft_baseIT0_vEE5valueEvE4typeEPT_
FNDA:1,_ZNSt12__shared_ptrI4swapLN9__gnu_cxx12_Lock_policyE2EE31_M_enable_shared_from_this_withIS0_S0_EENSt9enable_ifIXntsrNS3_15__has_esft_baseIT0_vEE5valueEvE4typeEPT_
FN:1388,_ZNSt12__shared_ptrI2crLN9__gnu_cxx12_Lock_policyE2EE31_M_enable_shared_from_this_withIS0_S0_EENSt9enable_ifIXntsrNS3_15__has_esft_baseIT0_vEE5valueEvE4typeEPT_
FNDA:1,_ZNSt12__shared_ptrI2crLN9__gnu_cxx12_Lock_policyE2EE31_M_enable_shared_from_this_withIS0_S0_EENSt9enable_ifIXntsrNS3_15__has_esft_baseIT0_vEE5valueEvE4typeEPT_
FN:1388,_ZNSt12__shared_ptrI3rotLN9__gnu_cxx12_Lock_policyE2EE31_M_enable_shared_from_this_withIS0_S0_EENSt9enable_ifIXntsrNS3_15__has_esft_baseIT0_vEE5valueEvE4typeEPT_
FNDA:1,_ZNSt12__shared_ptrI3rotLN9__gnu_cxx12_Lock_policyE2EE31_M_enable_shared_from_this_withIS0_S0_EENSt9enable_ifIXntsrNS3_15__has_esft_baseIT0_vEE5valueEvE4typeEPT_
FN:1388,_ZNSt12__shared_ptrI4overLN9__gnu_cxx12_Lock_policyE2EE31_M_enable_shared_from_this_withIS0_S0_EENSt9enable_ifIXntsrNS3_15__has_esft_baseIT0_vEE5valueEvE4typeEPT_
FNDA:1,_ZNSt12__shared_ptrI4overLN9__gnu_cxx12_Lock_policyE2EE31_M_enable_shared_from_this_withIS0_S0_EENSt9enable_ifIXntsrNS3_15__has_esft_baseIT0_vEE5valueEvE4typeEPT_
FN:1388,_ZNSt12__shared_ptrI4emitLN9__gnu_cxx12_Lock_policyE2EE31_M_enable_shared_from_this_withIS0_S0_EENSt9enable_ifIXntsrNS3_15__has_esft_baseIT0_vEE5valueEvE4typeEPT_
FNDA:1,_ZNSt12__shared_ptrI4emitLN9__gnu_cxx12_Lock_policyE2EE31_M_enable_shared_from_this_withIS0_S0_EENSt9enable_ifIXntsrNS3_15__has_esft_baseIT0_vEE5valueEvE4typeEPT_
FN:1388,_ZNSt12__shared_ptrI3modLN9__gnu_cxx12_Lock_policyE2EE31_M_enable_shared_from_this_withIS0_S0_EENSt9enable_ifIXntsrNS3_15__has_esft_baseIT0_vEE5valueEvE4typeEPT_
FNDA:1,_ZNSt12__shared_ptrI3modLN9__gnu_cxx12_Lock_policyE2EE31_M_enable_shared_from_this_withIS0_S0_EENSt9enable_ifIXntsrNS3_15__has_esft_baseIT0_vEE5valueEvE4typeEPT_
FN:1388,_ZNSt12__shared_ptrI5minusLN9__gnu_cxx12_Lock_policyE2EE31_M_enable_shared_from_this_withIS0_S0_EENSt9enable_ifIXntsrNS3_15__has_esft_baseIT0_vEE5valueEvE4typeEPT_
FNDA:1,_ZNSt12__shared_ptrI5minusLN9__gnu_cxx12_Lock_policyE2EE31_M_enable_shared_from_this_withIS0_S0_EENSt9enable_ifIXntsrNS3_15__has_esft_baseIT0_vEE5valueEvE4typeEPT_
FN:1388,_ZNSt12__shared_ptrI5equalLN9__gnu_cxx12_Lock_policyE2EE31_M_enable_shared_from_this_withIS0_S0_EENSt9enable_ifIXntsrNS3_15__has_esft_baseIT0_vEE5valueEvE4typeEPT_
FNDA:1,_ZNSt12__shared_ptrI5equalLN9__gnu_cxx12_Lock_policyE2EE31_M_enable_shared_from_this_withIS0_S0_EENSt9enable_ifIXntsrNS3_15__has_esft_baseIT0_vEE5valueEvE4typeEPT_
FN:1388,_ZNSt12__shared_ptrI4plusLN9__gnu_cxx12_Lock_policyE2EE31_M_enable_shared_from_this_withIS0_S0_EENSt9enable_ifIXntsrNS3_15__has_esft_baseIT0_vEE5valueEvE4typeEPT_
FNDA:1,_ZNSt12__shared_ptrI4plusLN9__gnu_cxx12_Lock_policyE2EE31_M_enable_shared_from_this_withIS0_S0_EENSt9enable_ifIXntsrNS3_15__has_esft_baseIT0_vEE5valueEvE4typeEPT_
FN:1388,_ZNSt12__shared_ptrI6divideLN9__gnu_cxx12_Lock_policyE2EE31_M_enable_shared_from_this_withIS0_S0_EENSt9enable_ifIXntsrNS3_15__has_esft_baseIT0_vEE5valueEvE4typeEPT_
FNDA:1,_ZNSt12__shared_ptrI6divideLN9__gnu_cxx12_Lock_policyE2EE31_M_enable_shared_from_this_withIS0_S0_EENSt9enable_ifIXntsrNS3_15__has_esft_baseIT0_vEE5valueEvE4typeEPT_
FN:1388,_ZNSt12__shared_ptrI8multiplyLN9__gnu_cxx12_Lock_policyE2EE31_M_enable_shared_from_this_withIS0_S0_EENSt9enable_ifIXntsrNS3_15__has_esft_baseIT0_vEE5valueEvE4typeEPT_
FNDA:1,_ZNSt12__shared_ptrI8multiplyLN9__gnu_cxx12_Lock_policyE2EE31_M_enable_shared_from_this_withIS0_S0_EENSt9enable_ifIXntsrNS3_15__has_esft_baseIT0_vEE5valueEvE4typeEPT_
FN:1388,_ZNSt12__shared_ptrI11dereferenceLN9__gnu_cxx12_Lock_policyE2EE31_M_enable_shared_from_this_withIS0_S0_EENSt9enable_ifIXntsrNS3_15__has_esft_baseIT0_vEE5valueEvE4typeEPT_
FNDA:1,_ZNSt12__shared_ptrI11dereferenceLN9__gnu_cxx12_Lock_policyE2EE31_M_enable_shared_from_this_withIS0_S0_EENSt9enable_ifIXntsrNS3_15__has_esft_baseIT0_vEE5valueEvE4typeEPT_
FN:1388,_ZNSt12__shared_ptrI12print_stringLN9__gnu_cxx12_Lock_policyE2EE31_M_enable_shared_from_this_withIS0_S0_EENSt9enable_ifIXntsrNS3_15__has_esft_baseIT0_vEE5valueEvE4typeEPT_
FNDA:1,_ZNSt12__shared_ptrI12print_stringLN9__gnu_cxx12_Lock_policyE2EE31_M_enable_shared_from_this_withIS0_S0_EENSt9enable_ifIXntsrNS3_15__has_esft_baseIT0_vEE5valueEvE4typeEPT_
FN:1388,_ZNSt12__shared_ptrI4loopLN9__gnu_cxx12_Lock_policyE2EE31_M_enable_shared_from_this_withIS0_S0_EENSt9enable_ifIXntsrNS3_15__has_esft_baseIT0_vEE5valueEvE4typeEPT_
FNDA:1,_ZNSt12__shared_ptrI4loopLN9__gnu_cxx12_Lock_policyE2EE31_M_enable_shared_from_this_withIS0_S0_EENSt9enable_ifIXntsrNS3_15__has_esft_baseIT0_vEE5valueEvE4typeEPT_
FN:1388,_ZNSt12__shared_ptrI20conditional_operatorLN9__gnu_cxx12_Lock_policyE2EE31_M_enable_shared_from_this_withIS0_S0_EENSt9enable_ifIXntsrNS3_15__has_esft_baseIT0_vEE5valueEvE4typeEPT_
FNDA:1,_ZNSt12__shared_ptrI20conditional_operatorLN9__gnu_cxx12_Lock_policyE2EE31_M_enable_shared_from_this_withIS0_S0_EENSt9enable_ifIXntsrNS3_15__has_esft_baseIT0_vEE5valueEvE4typeEPT_
DA:117,21
DA:118,21
DA:121,0
DA:122,0
DA:121,21
DA:122,21
DA:131,0
DA:132,0
DA:138,21
DA:139,21
DA:148,42
DA:152,42
DA:155,21
DA:167,21
DA:168,21
DA:171,21
DA:174,42
DA:372,1
DA:373,1
DA:372,1
DA:373,1
DA:372,1
DA:373,1
DA:372,1
DA:373,1
DA:372,1
DA:373,1
DA:372,1
DA:373,1
DA:372,1
DA:373,1
DA:372,1
DA:373,1
DA:372,1
DA:373,1
DA:372,1
DA:373,1
DA:372,1
DA:373,1
DA:372,1
DA:373,1
DA:372,1
DA:373,1
DA:372,1
DA:373,1
DA:372,1
DA:373,1
DA:372,1
DA:373,1
DA:372,1
DA:373,1
DA:372,1
DA:373,1
DA:372,1
DA:373,1
DA:372,1
DA:373,1
DA:372,1
DA:373,1
DA:376,1
DA:377,1
DA:376,1
DA:377,1
DA:376,1
DA:377,1
DA:376,1
DA:377,1
DA:376,1
DA:377,1
DA:376,1
DA:377,1
DA:376,1
DA:377,1
DA:376,1
DA:377,1
DA:376,1
DA:377,1
DA:376,1
DA:377,1
DA:376,1
DA:377,1
DA:376,1
DA:377,1
DA:376,1
DA:377,1
DA:376,1
DA:377,1
DA:376,1
DA:377,1
DA:376,1
DA:377,1
DA:376,1
DA:377,1
DA:376,1
DA:377,1
DA:376,1
DA:377,1
DA:376,1
DA:377,1
DA:376,1
DA:377,1
DA:380,1
DA:381,1
DA:380,1
DA:381,1
DA:380,1
DA:381,1
DA:380,1
DA:381,1
DA:380,1
DA:381,1
DA:380,1
DA:381,1
DA:380,1
DA:381,1
DA:380,1
DA:381,1
DA:380,1
DA:381,1
DA:380,1
DA:381,1
DA:380,1
DA:381,1
DA:380,1
DA:381,1
DA:380,1
DA:381,1
DA:380,1
DA:381,1
DA:380,1
DA:381,1
DA:380,1
DA:381,1
DA:380,1
DA:381,1
DA:380,1
DA:381,1
DA:380,1
DA:381,1
DA:380,1
DA:381,1
DA:380,1
DA:381,1
DA:384,0
DA:385,0
DA:384,0
DA:385,0
DA:384,0
DA:385,0
DA:384,0
DA:385,0
DA:384,0
DA:385,0
DA:384,0
DA:385,0
DA:384,0
DA:385,0
DA:384,0
DA:385,0
DA:384,0
DA:385,0
DA:384,0
DA:385,0
DA:384,0
DA:385,0
DA:384,0
DA:385,0
DA:384,0
DA:385,0
DA:384,0
DA:385,0
DA:384,0
DA:385,0
DA:384,0
DA:385,0
DA:384,0
DA:385,0
DA:384,0
DA:385,0
DA:384,0
DA:385,0
DA:384,0
DA:385,0
DA:384,0
DA:385,0
DA:616,42
DA:617,42
DA:621,1
DA:625,1
DA:627,0
DA:629,0
DA:630,0
DA:632,1
DA:621,1
DA:625,1
DA:627,0
DA:629,0
DA:630,0
DA:632,1
DA:621,1
DA:625,1
DA:627,0
DA:629,0
DA:630,0
DA:632,1
DA:621,1
DA:625,1
DA:627,0
DA:629,0
DA:630,0
DA:632,1
DA:621,1
DA:625,1
DA:627,0
DA:629,0
DA:630,0
DA:632,1
DA:621,1
DA:625,1
DA:627,0
DA:629,0
DA:630,0
DA:632,1
DA:621,1
DA:625,1
DA:627,0
DA:629,0
DA:630,0
DA:632,1
DA:621,1
DA:625,1
DA:627,0
DA:629,0
DA:630,0
DA:632,1
DA:621,1
DA:625,1
DA:627,0
DA:629,0
DA:630,0
DA:632,1
DA:621,1
DA:625,1
DA:627,0
DA:629,0
DA:630,0
DA:632,1
DA:621,1
DA:625,1
DA:627,0
DA:629,0
DA:630,0
DA:632,1
DA:621,1
DA:625,1
DA:627,0
DA:629,0
DA:630,0
DA:632,1
DA:621,1
DA:625,1
DA:627,0
DA:629,0
DA:630,0
DA:632,1
DA:621,1
DA:625,1
DA:627,0
DA:629,0
DA:630,0
DA:632,1
DA:621,1
DA:625,1
DA:627,0
DA:629,0
DA:630,0
DA:632,1
DA:621,1
DA:625,1
DA:627,0
DA:629,0
DA:630,0
DA:632,1
DA:621,1
DA:625,1
DA:627,0
DA:629,0
DA:630,0
DA:632,1
DA:621,1
DA:625,1
DA:627,0
DA:629,0
DA:630,0
DA:632,1
DA:621,1
DA:625,1
DA:627,0
DA:629,0
DA:630,0
DA:632,1
DA:621,1
DA:625,1
DA:627,0
DA:629,0
DA:630,0
DA:632,1
DA:621,1
DA:625,1
DA:627,0
DA:629,0
DA:630,0
DA:632,1
DA:635,1
DA:636,1
DA:637,1
DA:635,1
DA:636,1
DA:637,1
DA:635,1
DA:636,1
DA:637,1
DA:635,1
DA:636,1
DA:637,1
DA:635,1
DA:636,1
DA:637,1
DA:635,1
DA:636,1
DA:637,1
DA:635,1
DA:636,1
DA:637,1
DA:635,1
DA:636,1
DA:637,1
DA:635,1
DA:636,1
DA:637,1
DA:635,1
DA:636,1
DA:637,1
DA:635,1
DA:636,1
DA:637,1
DA:635,1
DA:636,1
DA:637,1
DA:635,1
DA:636,1
DA:637,1
DA:635,1
DA:636,1
DA:637,1
DA:635,1
DA:636,1
DA:637,1
DA:635,1
DA:636,1
DA:637,1
DA:635,1
DA:636,1
DA:637,1
DA:635,1
DA:636,1
DA:637,1
DA:635,1
DA:636,1
DA:637,1
DA:635,1
DA:636,1
DA:637,1
DA:635,1
DA:636,1
DA:637,1
DA:727,84
DA:729,84
DA:730,42
DA:731,84
DA:733,21
DA:734,21
DA:736,21
DA:737,21
DA:738,21
DA:756,42
DA:758,42
DA:759,42
DA:760,42
DA:761,42
DA:1012,100119
DA:1015,100119
DA:1020,100119
DA:1021,100119
DA:1124,1
DA:1125,1
DA:1129,1
DA:1130,1
DA:1124,1
DA:1125,1
DA:1129,1
DA:1130,1
DA:1124,1
DA:1125,1
DA:1129,1
DA:1130,1
DA:1124,1
DA:1125,1
DA:1129,1
DA:1130,1
DA:1124,1
DA:1125,1
DA:1129,1
DA:1130,1
DA:1124,1
DA:1125,1
DA:1129,1
DA:1130,1
DA:1124,1
DA:1125,1
DA:1129,1
DA:1130,1
DA:1124,1
DA:1125,1
DA:1129,1
DA:1130,1
DA:1124,1
DA:1125,1
DA:1129,1
DA:1130,1
DA:1124,1
DA:1125,1
DA:1129,1
DA:1130,1
DA:1124,1
DA:1125,1
DA:1129,1
DA:1130,1
DA:1124,1
DA:1125,1
DA:1129,1
DA:1130,1
DA:1124,1
DA:1125,1
DA:1129,1
DA:1130,1
DA:1124,1
DA:1125,1
DA:1129,1
DA:1130,1
DA:1124,1
DA:1125,1
DA:1129,1
DA:1130,1
DA:1124,1
DA:1125,1
DA:1129,1
DA:1130,1
DA:1124,1
DA:1125,1
DA:1129,1
DA:1130,1
DA:1124,1
DA:1125,1
DA:1129,1
DA:1130,1
DA:1124,1
DA:1125,1
DA:1129,1
DA:1130,1
DA:1124,1
DA:1125,1
DA:1129,1
DA:1130,1
DA:1124,1
DA:1125,1
DA:1129,1
DA:1130,1
DA:1167,21
DA:1169,1
DA:1169,63
DA:1169,1
DA:1169,1
DA:1169,1
DA:1169,1
DA:1169,1
DA:1169,1
DA:1169,1
DA:1169,1
DA:1169,1
DA:1169,1
DA:1169,1
DA:1169,1
DA:1169,1
DA:1169,1
DA:1169,1
DA:1169,1
DA:1169,1
DA:1169,1
DA:1169,1
DA:1169,1
DA:1176,21
DA:1177,21
DA:1179,21
DA:1180,21
DA:1181,21
DA:1184,1
DA:1185,1
DA:1187,1
DA:1188,1
DA:1189,1
DA:1184,1
DA:1185,1
DA:1187,1
DA:1188,1
DA:1189,1
DA:1184,1
DA:1185,1
DA:1187,1
DA:1188,1
DA:1189,1
DA:1184,1
DA:1185,1
DA:1187,1
DA:1188,1
DA:1189,1
DA:1184,1
DA:1185,1
DA:1187,1
DA:1188,1
DA:1189,1
DA:1184,1
DA:1185,1
DA:1187,1
DA:1188,1
DA:1189,1
DA:1184,1
DA:1185,1
DA:1187,1
DA:1188,1
DA:1189,1
DA:1184,1
DA:1185,1
DA:1187,1
DA:1188,1
DA:1189,1
DA:1184,1
DA:1185,1
DA:1187,1
DA:1188,1
DA:1189,1
DA:1184,1
DA:1185,1
DA:1187,1
DA:1188,1
DA:1189,1
DA:1184,1
DA:1185,1
DA:1187,1
DA:1188,1
DA:1189,1
DA:1184,1
DA:1185,1
DA:1187,1
DA:1188,1
DA:1189,1
DA:1184,1
DA:1185,1
DA:1187,1
DA:1188,1
DA:1189,1
DA:1184,1
DA:1185,1
DA:1187,1
DA:1188,1
DA:1189,1
DA:1184,1
DA:1185,1
DA:1187,1
DA:1188,1
DA:1189,1
DA:1184,1
DA:1185,1
DA:1187,1
DA:1188,1
DA:1189,1
DA:1184,1
DA:1185,1
DA:1187,1
DA:1188,1
DA:1189,1
DA:1184,1
DA:1185,1
DA:1187,1
DA:1188,1
DA:1189,1
DA:1184,1
DA:1185,1
DA:1187,1
DA:1188,1
DA:1189,1
DA:1184,1
DA:1185,1
DA:1187,1
DA:1188,1
DA:1189,1
DA:1184,1
DA:1185,1
DA:1187,1
DA:1188,1
DA:1189,1
DA:1309,100119
DA:1310,100119
DA:1388,1
DA:1389,1
DA:1388,1
DA:1389,1
DA:1388,1
DA:1389,1
DA:1388,1
DA:1389,1
DA:1388,1
DA:1389,1
DA:1388,1
DA:1389,1
DA:1388,1
DA:1389,1
DA:1388,1
DA:1389,1
DA:1388,1
DA:1389,1
DA:1388,1
DA:1389,1
DA:1388,1
DA:1389,1
DA:1388,1
DA:1389,1
DA:1388,1
DA:1389,1
DA:1388,1
DA:1389,1
DA:1388,1
DA:1389,1
DA:1388,1
DA:1389,1
DA:1388,1
DA:1389,1
DA:1388,1
DA:1389,1
DA:1388,1
DA:1389,1
DA:1388,1
DA:1389,1
DA:1388,1
DA:1389,1
end_of_record
SF:/usr/include/c++/9/bits/ios_base.h
FN:129,_ZStorSt13_Ios_OpenmodeS_
FNDA:100049,_ZStorSt13_Ios_OpenmodeS_
DA:129,100049
DA:130,100049
end_of_record
SF:/usr/include/c++/9/bits/basic_string.h
FN:247,_ZNSt7__cxx1112basic_stringIcSt11char_traitsIcESaIcEE16_M_construct_auxIPcEEvT_S7_St12__false_type
FNDA:200000,_ZNSt7__cxx1112basic_stringIcSt11char_traitsIcESaIcEE16_M_construct_auxIPcEEvT_S7_St12__false_type
FN:247,_ZNSt7__cxx1112basic_stringIcSt11char_traitsIcESaIcEE16_M_construct_auxIPKcEEvT_S8_St12__false_type
FNDA:0,_ZNSt7__cxx1112basic_stringIcSt11char_traitsIcESaIcEE16_M_construct_auxIPKcEEvT_S8_St12__false_type
FN:267,_ZNSt7__cxx1112basic_stringIcSt11char_traitsIcESaIcEE12_M_constructIPcEEvT_S7_
FNDA:200000,_ZNSt7__cxx1112basic_stringIcSt11char_traitsIcESaIcEE12_M_constructIPcEEvT_S7_
FN:267,_ZNSt7__cxx1112basic_stringIcSt11char_traitsIcESaIcEE12_M_constructIPKcEEvT_S8_
FNDA:0,_ZNSt7__cxx1112basic_stringIcSt11char_traitsIcESaIcEE12_M_constructIPKcEEvT_S8_
FN:629,_ZNSt7__cxx1112basic_stringIcSt11char_traitsIcESaIcEEC2IPcvEET_S7_RKS3_
FNDA:200000,_ZNSt7__cxx1112basic_stringIcSt11char_traitsIcESaIcEEC2IPcvEET_S7_RKS3_
FN:6060,_ZStplIcSt11char_traitsIcESaIcEENSt7__cxx1112basic_stringIT_T0_T1_EERKS8_PKS5_
FNDA:12,_ZStplIcSt11char_traitsIcESaIcEENSt7__cxx1112basic_stringIT_T0_T1_EERKS8_PKS5_
FN:6112,_ZStplIcSt11char_traitsIcESaIcEENSt7__cxx1112basic_stringIT_T0_T1_EEPKS5_OS8_
FNDA:200242,_ZStplIcSt11char_traitsIcESaIcEENSt7__cxx1112basic_stringIT_T0_T1_EEPKS5_OS8_
FN:6124,_ZStplIcSt11char_traitsIcESaIcEENSt7__cxx1112basic_stringIT_T0_T1_EEOS8_PKS5_
FNDA:400254,_ZStplIcSt11char_traitsIcESaIcEENSt7__cxx1112basic_stringIT_T0_T1_EEOS8_PKS5_
FN:6152,_ZSteqIcEN9__gnu_cxx11__enable_ifIXsrSt9__is_charIT_E7__valueEbE6__typeERKNSt7__cxx1112basic_stringIS3_St11char_traitsIS3_ESaIS3_EEESE_
FNDA:100023,_ZSteqIcEN9__gnu_cxx11__enable_ifIXsrSt9__is_charIT_E7__valueEbE6__typeERKNSt7__cxx1112basic_stringIS3_St11char_traitsIS3_ESaIS3_EEESE_
FN:6178,_ZSteqIcSt11char_traitsIcESaIcEEbRKNSt7__cxx1112basic_stringIT_T0_T1_EEPKS5_
FNDA:400557,_ZSteqIcSt11char_traitsIcESaIcEEbRKNSt7__cxx1112basic_stringIT_T0_T1_EEPKS5_
FN:6216,_ZStneIcSt11char_traitsIcESaIcEEbRKNSt7__cxx1112basic_stringIT_T0_T1_EEPKS5_
FNDA:18,_ZStneIcSt11char_traitsIcESaIcEEbRKNSt7__cxx1112basic_stringIT_T0_T1_EEPKS5_
FN:6229,_ZStltIcSt11char_traitsIcESaIcEEbRKNSt7__cxx1112basic_stringIT_T0_T1_EESA_
FNDA:1001250,_ZStltIcSt11char_traitsIcESaIcEEbRKNSt7__cxx1112basic_stringIT_T0_T1_EESA_
FN:6506,_ZNSt7__cxx114stoiERKNS_12basic_stringIcSt11char_traitsIcESaIcEEEPmi
FNDA:100098,_ZNSt7__cxx114stoiERKNS_12basic_stringIcSt11char_traitsIcESaIcEEEPmi
FN:6571,_ZNSt7__cxx119to_stringEx
FNDA:200000,_ZNSt7__cxx119to_stringEx
DA:247,200000
DA:251,200000
DA:252,200000
DA:247,0
DA:251,0
DA:252,0
DA:267,200000
DA:270,200000
DA:271,200000
DA:267,0
DA:270,0
DA:271,0
DA:629,200000
DA:631,200000
DA:632,200000
DA:6060,12
DA:6063,12
DA:6064,12
DA:6065,12
DA:6112,200242
DA:6114,200242
DA:6124,400254
DA:6126,400254
DA:6152,100023
DA:6154,100023
DA:6155,100023
DA:6156,100023
DA:6178,400557
DA:6180,400557
DA:6216,18
DA:6218,18
DA:6229,1001250
DA:6232,1001250
DA:6506,100098
DA:6507,100098
DA:6508,100098
DA:6571,200000
DA:6574,200000
end_of_record
SF:/usr/include/c++/9/initializer_list
FN:71,_ZNKSt16initializer_listINSt7__cxx1112basic_stringIcSt11char_traitsIcESaIcEEEE4sizeEv
FNDA:1,_ZNKSt16initializer_listINSt7__cxx1112basic_stringIcSt11char_traitsIcESaIcEEEE4sizeEv
FN:75,_ZNKSt16initializer_listINSt7__cxx1112basic_stringIcSt11char_traitsIcESaIcEEEE5beginEv
FNDA:2,_ZNKSt16initializer_listINSt7__cxx1112basic_stringIcSt11char_traitsIcESaIcEEEE5beginEv
FN:79,_ZNKSt16initializer_listINSt7__cxx1112basic_stringIcSt11char_traitsIcESaIcEEEE3endEv
FNDA:1,_ZNKSt16initializer_listINSt7__cxx1112basic_stringIcSt11char_traitsIcESaIcEEEE3endEv
DA:71,1
DA:75,2
DA:79,1
end_of_record
SF:/usr/include/c++/9/bits/alloc_traits.h
FN:442,_ZNSt16allocator_traitsISaIxEE8allocateERS0_m
FNDA:200064,_ZNSt16allocator_traitsISaIxEE8allocateERS0_m
FN:442,_ZNSt16allocator_traitsISaINSt7__cxx1112basic_stringIcSt11char_traitsIcESaIcEEEEE8allocateERS6_m
FNDA:1,_ZNSt16allocator_traitsISaINSt7__cxx1112basic_stringIcSt11char_traitsIcESaIcEEEEE8allocateERS6_m
FN:442,_ZNSt16allocator_traitsISaIPxEE8allocateERS1_m
FNDA:200064,_ZNSt16allocator_traitsISaIPxEE8allocateERS1_m
FN:442,_ZNSt16allocator_traitsISaISt13_Rb_tree_nodeISt4pairIKNSt7__cxx1112basic_stringIcSt11char_traitsIcESaIcEEESt10shared_ptrI16default_functionEEEEE8allocateERSE_m
FNDA:21,_ZNSt16allocator_traitsISaISt13_Rb_tree_nodeISt4pairIKNSt7__cxx1112basic_stringIcSt11char_traitsIcESaIcEEESt10shared_ptrI16default_functionEEEEE8allocateERSE_m
FN:442,_ZNSt16allocator_traitsISaISt13_Rb_tree_nodeISt4pairIKNSt7__cxx1112basic_stringIcSt11char_traitsIcESaIcEEES7_EEEE8allocateERSB_m
FNDA:1,_ZNSt16allocator_traitsISaISt13_Rb_tree_nodeISt4pairIKNSt7__cxx1112basic_stringIcSt11char_traitsIcESaIcEEES7_EEEE8allocateERSB_m
FN:442,_ZNSt16allocator_traitsISaISt13_Rb_tree_nodeISt4pairIKNSt7__cxx1112basic_stringIcSt11char_traitsIcESaIcEEExEEEE8allocateERSB_m
FNDA:1,_ZNSt16allocator_traitsISaISt13_Rb_tree_nodeISt4pairIKNSt7__cxx1112basic_stringIcSt11char_traitsIcESaIcEEExEEEE8allocateERSB_m
FN:468,_ZNSt16allocator_traitsISaISt13_Rb_tree_nodeISt4pairIKNSt7__cxx1112basic_stringIcSt11char_traitsIcESaIcEEExEEEE10deallocateERSB_PSA_m
FNDA:1,_ZNSt16allocator_traitsISaISt13_Rb_tree_nodeISt4pairIKNSt7__cxx1112basic_stringIcSt11char_traitsIcESaIcEEExEEEE10deallocateERSB_PSA_m
FN:468,_ZNSt16allocator_traitsISaIPxEE10deallocateERS1_PS0_m
FNDA:200064,_ZNSt16allocator_traitsISaIPxEE10deallocateERS1_PS0_m
FN:468,_ZNSt16allocator_traitsISaISt13_Rb_tree_nodeISt4pairIKNSt7__cxx1112basic_stringIcSt11char_traitsIcESaIcEEES7_EEEE10deallocateERSB_PSA_m
FNDA:1,_ZNSt16allocator_traitsISaISt13_Rb_tree_nodeISt4pairIKNSt7__cxx1112basic_stringIcSt11char_traitsIcESaIcEEES7_EEEE10deallocateERSB_PSA_m
FN:468,_ZNSt16allocator_traitsISaINSt7__cxx1112basic_stringIcSt11char_traitsIcESaIcEEEEE10deallocateERS6_PS5_m
FNDA:2,_ZNSt16allocator_traitsISaINSt7__cxx1112basic_stringIcSt11char_traitsIcESaIcEEEEE10deallocateERS6_PS5_m
FN:468,_ZNSt16allocator_traitsISaIxEE10deallocateERS0_Pxm
FNDA:200064,_ZNSt16allocator_traitsISaIxEE10deallocateERS0_Pxm
FN:468,_ZNSt16allocator_traitsISaISt13_Rb_tree_nodeISt4pairIKNSt7__cxx1112basic_stringIcSt11char_traitsIcESaIcEEESt10shared_ptrI16default_functionEEEEE10deallocateERSE_PSD_m
FNDA:21,_ZNSt16allocator_traitsISaISt13_Rb_tree_nodeISt4pairIKNSt7__cxx1112basic_stringIcSt11char_traitsIcESaIcEEESt10shared_ptrI16default_functionEEEEE10deallocateERSE_PSD_m
FN:481,_ZNSt16allocator_traitsISaISt13_Rb_tree_nodeISt4pairIKNSt7__cxx1112basic_stringIcSt11char_traitsIcESaIcEEExEEEE9constructIS9_JS9_EEEvRSB_PT_DpOT0_
FNDA:1,_ZNSt16allocator_traitsISaISt13_Rb_tree_nodeISt4pairIKNSt7__cxx1112basic_stringIcSt11char_traitsIcESaIcEEExEEEE9constructIS9_JS9_EEEvRSB_PT_DpOT0_
FN:481,_ZNSt16allocator_traitsISaISt13_Rb_tree_nodeISt4pairIKNSt7__cxx1112basic_stringIcSt11char_traitsIcESaIcEEESt10shared_ptrI16default_functionEEEEE9constructISC_JSC_EEEvRSE_PT_DpOT0_
FNDA:21,_ZNSt16allocator_traitsISaISt13_Rb_tree_nodeISt4pairIKNSt7__cxx1112basic_stringIcSt11char_traitsIcESaIcEEESt10shared_ptrI16default_functionEEEEE9constructISC_JSC_EEEvRSE_PT_DpOT0_
FN:481,_ZNSt16allocator_traitsISaISt13_Rb_tree_nodeISt4pairIKNSt7__cxx1112basic_stringIcSt11char_traitsIcESaIcEEES7_EEEE9constructIS9_JS9_EEEvRSB_PT_DpOT0_
FNDA:1,_ZNSt16allocator_traitsISaISt13_Rb_tree_nodeISt4pairIKNSt7__cxx1112basic_stringIcSt11char_traitsIcESaIcEEES7_EEEE9constructIS9_JS9_EEEvRSB_PT_DpOT0_
FN:481,_ZNSt16allocator_traitsISaIxEE9constructIxJxEEEvRS0_PT_DpOT0_
FNDA:100122,_ZNSt16allocator_traitsISaIxEE9constructIxJxEEEvRS0_PT_DpOT0_
FN:494,_ZNSt16allocator_traitsISaIxEE7destroyIxEEvRS0_PT_
FNDA:100094,_ZNSt16allocator_traitsISaIxEE7destroyIxEEvRS0_PT_
FN:494,_ZNSt16allocator_traitsISaISt13_Rb_tree_nodeISt4pairIKNSt7__cxx1112basic_stringIcSt11char_traitsIcESaIcEEESt10shared_ptrI16default_functionEEEEE7destroyISC_EEvRSE_PT_
FNDA:21,_ZNSt16allocator_traitsISaISt13_Rb_tree_nodeISt4pairIKNSt7__cxx1112basic_stringIcSt11char_traitsIcESaIcEEESt10shared_ptrI16default_functionEEEEE7destroyISC_EEvRSE_PT_
FN:494,_ZNSt16allocator_traitsISaISt13_Rb_tree_nodeISt4pairIKNSt7__cxx1112basic_stringIcSt11char_traitsIcESaIcEEES7_EEEE7destroyIS9_EEvRSB_PT_
FNDA:1,_ZNSt16allocator_traitsISaISt13_Rb_tree_nodeISt4pairIKNSt7__cxx1112basic_stringIcSt11char_traitsIcESaIcEEES7_EEEE7destroyIS9_EEvRSB_PT_
FN:494,_ZNSt16allocator_traitsISaISt13_Rb_tree_nodeISt4pairIKNSt7__cxx1112basic_stringIcSt11char_traitsIcESaIcEEExEEEE7destroyIS9_EEvRSB_PT_
FNDA:1,_ZNSt16allocator_traitsISaISt13_Rb_tree_nodeISt4pairIKNSt7__cxx1112basic_stringIcSt11char_traitsIcESaIcEEExEEEE7destroyIS9_EEvRSB_PT_
FN:504,_ZNSt16allocator_traitsISaINSt7__cxx1112basic_stringIcSt11char_traitsIcESaIcEEEEE8max_sizeERKS6_
FNDA:1,_ZNSt16allocator_traitsISaINSt7__cxx1112basic_stringIcSt11char_traitsIcESaIcEEEEE8max_sizeERKS6_
FN:504,_ZNSt16allocator_traitsISaIxEE8max_sizeERKS0_
FNDA:0,_ZNSt16allocator_traitsISaIxEE8max_sizeERKS0_
FN:513,_ZNSt16allocator_traitsISaIcEE37select_on_container_copy_constructionERKS0_
FNDA:0,_ZNSt16allocator_traitsISaIcEE37select_on_container_copy_constructionERKS0_
DA:442,1
DA:443,1
DA:442,1
DA:443,1
DA:442,21
DA:443,21
DA:442,200064
DA:443,200064
DA:442,200064
DA:443,200064
DA:442,1
DA:443,1
DA:468,1
DA:469,1
DA:468,1
DA:469,1
DA:468,200064
DA:469,200064
DA:468,21
DA:469,21
DA:468,2
DA:469,2
DA:468,200064
DA:469,200064
DA:481,1
DA:483,1
DA:481,1
DA:483,1
DA:481,21
DA:483,21
DA:481,100122
DA:483,100122
DA:494,1
DA:496,1
DA:494,1
DA:496,1
DA:494,21
DA:496,21
DA:494,100094
DA:496,100094
DA:504,0
DA:505,0
DA:504,1
DA:505,1
DA:513,0
DA:514,0
end_of_record
SF:/usr/include/c++/9/bits/stl_iterator_base_types.h
FN:205,_ZSt19__iterator_categoryIPcENSt15iterator_traitsIT_E17iterator_categoryERKS2_
FNDA:700598,_ZSt19__iterator_categoryIPcENSt15iterator_traitsIT_E17iterator_categoryERKS2_
FN:205,_ZSt19__iterator_categoryIPKcENSt15iterator_traitsIT_E17iterator_categoryERKS3_
FNDA:0,_ZSt19__iterator_categoryIPKcENSt15iterator_traitsIT_E17iterator_categoryERKS3_
FN:205,_ZSt19__iterator_categoryIPKNSt7__cxx1112basic_stringIcSt11char_traitsIcESaIcEEEENSt15iterator_traitsIT_E17iterator_categoryERKS9_
FNDA:1,_ZSt19__iterator_categoryIPKNSt7__cxx1112basic_stringIcSt11char_traitsIcESaIcEEEENSt15iterator_traitsIT_E17iterator_categoryERKS9_
DA:205,700598
DA:206,700598
DA:205,0
DA:206,0
DA:205,1
DA:206,1
end_of_record
SF:/usr/include/gtest/internal/gtest-port.h
FN:957,_ZN7testing8internal8GTestLog9GetStreamEv
FNDA:0,_ZN7testing8internal8GTestLog9GetStreamEv
DA:957,0
end_of_record
SF:/usr/include/c++/9/bits/stl_tree.h
FN:146,_ZNSt20_Rb_tree_key_compareISt4lessINSt7__cxx1112basic_stringIcSt11char_traitsIcESaIcEEEEEC2Ev
FNDA:200065,_ZNSt20_Rb_tree_key_compareISt4lessINSt7__cxx1112basic_stringIcSt11char_traitsIcESaIcEEEEEC2Ev
FN:173,_ZNSt15_Rb_tree_headerC2Ev
FNDA:200065,_ZNSt15_Rb_tree_headerC2Ev
FN:206,_ZNSt15_Rb_tree_header8_M_resetEv
FNDA:200065,_ZNSt15_Rb_tree_header8_M_resetEv
FN:234,_ZNSt13_Rb_tree_nodeISt4pairIKNSt7__cxx1112basic_stringIcSt11char_traitsIcESaIcEEExEE9_M_valptrEv
FNDA:16,_ZNSt13_Rb_tree_nodeISt4pairIKNSt7__cxx1112basic_stringIcSt11char_traitsIcESaIcEEExEE9_M_valptrEv
FN:234,_ZNSt13_Rb_tree_nodeISt4pairIKNSt7__cxx1112basic_stringIcSt11char_traitsIcESaIcEEES6_EE9_M_valptrEv
FNDA:6,_ZNSt13_Rb_tree_nodeISt4pairIKNSt7__cxx1112basic_stringIcSt11char_traitsIcESaIcEEES6_EE9_M_valptrEv
FN:234,_ZNSt13_Rb_tree_nodeISt4pairIKNSt7__cxx1112basic_stringIcSt11char_traitsIcESaIcEEESt10shared_ptrI16default_functionEEE9_M_valptrEv
FNDA:200238,_ZNSt13_Rb_tree_nodeISt4pairIKNSt7__cxx1112basic_stringIcSt11char_traitsIcESaIcEEESt10shared_ptrI16default_functionEEE9_M_valptrEv
FN:238,_ZNKSt13_Rb_tree_nodeISt4pairIKNSt7__cxx1112basic_stringIcSt11char_traitsIcESaIcEEExEE9_M_valptrEv
FNDA:13,_ZNKSt13_Rb_tree_nodeISt4pairIKNSt7__cxx1112basic_stringIcSt11char_traitsIcESaIcEEExEE9_M_valptrEv
FN:238,_ZNKSt13_Rb_tree_nodeISt4pairIKNSt7__cxx1112basic_stringIcSt11char_traitsIcESaIcEEES6_EE9_M_valptrEv
FNDA:6,_ZNKSt13_Rb_tree_nodeISt4pairIKNSt7__cxx1112basic_stringIcSt11char_traitsIcESaIcEEES6_EE9_M_valptrEv
FN:238,_ZNKSt13_Rb_tree_nodeISt4pairIKNSt7__cxx1112basic_stringIcSt11char_traitsIcESaIcEEESt10shared_ptrI16default_functionEEE9_M_valptrEv
FNDA:901120,_ZNKSt13_Rb_tree_nodeISt4pairIKNSt7__cxx1112basic_stringIcSt11char_traitsIcESaIcEEESt10shared_ptrI16default_functionEEE9_M_valptrEv
FN:273,_ZNSt17_Rb_tree_iteratorISt4pairIKNSt7__cxx1112basic_stringIcSt11char_traitsIcESaIcEEExEEC2EPSt18_Rb_tree_node_base
FNDA:34,_ZNSt17_Rb_tree_iteratorISt4pairIKNSt7__cxx1112basic_stringIcSt11char_traitsIcESaIcEEExEEC2EPSt18_Rb_tree_node_base
FN:273,_ZNSt17_Rb_tree_iteratorISt4pairIKNSt7__cxx1112basic_stringIcSt11char_traitsIcESaIcEEES6_EEC2EPSt18_Rb_tree_node_base
FNDA:33,_ZNSt17_Rb_tree_iteratorISt4pairIKNSt7__cxx1112basic_stringIcSt11char_traitsIcESaIcEEES6_EEC2EPSt18_Rb_tree_node_base
FN:273,_ZNSt17_Rb_tree_iteratorISt4pairIKNSt7__cxx1112basic_stringIcSt11char_traitsIcESaIcEEESt10shared_ptrI16default_functionEEEC2EPSt18_Rb_tree_node_base
FNDA:500572,_ZNSt17_Rb_tree_iteratorISt4pairIKNSt7__cxx1112basic_stringIcSt11char_traitsIcESaIcEEESt10shared_ptrI16default_functionEEEC2EPSt18_Rb_tree_node_base
FN:277,_ZNKSt17_Rb_tree_iteratorISt4pairIKNSt7__cxx1112basic_stringIcSt11char_traitsIcESaIcEEExEEdeEv
FNDA:14,_ZNKSt17_Rb_tree_iteratorISt4pairIKNSt7__cxx1112basic_stringIcSt11char_traitsIcESaIcEEExEEdeEv
FN:277,_ZNKSt17_Rb_tree_iteratorISt4pairIKNSt7__cxx1112basic_stringIcSt11char_traitsIcESaIcEEES6_EEdeEv
FNDA:4,_ZNKSt17_Rb_tree_iteratorISt4pairIKNSt7__cxx1112basic_stringIcSt11char_traitsIcESaIcEEES6_EEdeEv
FN:277,_ZNKSt17_Rb_tree_iteratorISt4pairIKNSt7__cxx1112basic_stringIcSt11char_traitsIcESaIcEEESt10shared_ptrI16default_functionEEEdeEv
FNDA:200196,_ZNKSt17_Rb_tree_iteratorISt4pairIKNSt7__cxx1112basic_stringIcSt11char_traitsIcESaIcEEESt10shared_ptrI16default_functionEEEdeEv
FN:300,_ZNSt17_Rb_tree_iteratorISt4pairIKNSt7__cxx1112basic_stringIcSt11char_traitsIcESaIcEEESt10shared_ptrI16default_functionEEEmmEv
FNDA:10,_ZNSt17_Rb_tree_iteratorISt4pairIKNSt7__cxx1112basic_stringIcSt11char_traitsIcESaIcEEESt10shared_ptrI16default_functionEEEmmEv
FN:300,_ZNSt17_Rb_tree_iteratorISt4pairIKNSt7__cxx1112basic_stringIcSt11char_traitsIcESaIcEEExEEmmEv
FNDA:0,_ZNSt17_Rb_tree_iteratorISt4pairIKNSt7__cxx1112basic_stringIcSt11char_traitsIcESaIcEEExEEmmEv
FN:300,_ZNSt17_Rb_tree_iteratorISt4pairIKNSt7__cxx1112basic_stringIcSt11char_traitsIcESaIcEEES6_EEmmEv
FNDA:0,_ZNSt17_Rb_tree_iteratorISt4pairIKNSt7__cxx1112basic_stringIcSt11char_traitsIcESaIcEEES6_EEmmEv
FN:315,_ZSteqRKSt17_Rb_tree_iteratorISt4pairIKNSt7__cxx1112basic_stringIcSt11char_traitsIcESaIcEEES6_EESB_
FNDA:10,_ZSteqRKSt17_Rb_tree_iteratorISt4pairIKNSt7__cxx1112basic_stringIcSt11char_traitsIcESaIcEEES6_EESB_
FN:315,_ZSteqRKSt17_Rb_tree_iteratorISt4pairIKNSt7__cxx1112basic_stringIcSt11char_traitsIcESaIcEEExEESB_
FNDA:13,_ZSteqRKSt17_Rb_tree_iteratorISt4pairIKNSt7__cxx1112basic_stringIcSt11char_traitsIcESaIcEEExEESB_
FN:315,_ZSteqRKSt17_Rb_tree_iteratorISt4pairIKNSt7__cxx1112basic_stringIcSt11char_traitsIcESaIcEEESt10shared_ptrI16default_functionEEESE_
FNDA:200215,_ZSteqRKSt17_Rb_tree_iteratorISt4pairIKNSt7__cxx1112basic_stringIcSt11char_traitsIcESaIcEEESt10shared_ptrI16default_functionEEESE_
FN:319,_ZStneRKSt17_Rb_tree_iteratorISt4pairIKNSt7__cxx1112basic_stringIcSt11char_traitsIcESaIcEEESt10shared_ptrI16default_functionEEESE_
FNDA:100105,_ZStneRKSt17_Rb_tree_iteratorISt4pairIKNSt7__cxx1112basic_stringIcSt11char_traitsIcESaIcEEESt10shared_ptrI16default_functionEEESE_
FN:319,_ZStneRKSt17_Rb_tree_iteratorISt4pairIKNSt7__cxx1112basic_stringIcSt11char_traitsIcESaIcEEExEESB_
FNDA:5,_ZStneRKSt17_Rb_tree_iteratorISt4pairIKNSt7__cxx1112basic_stringIcSt11char_traitsIcESaIcEEExEESB_
FN:319,_ZStneRKSt17_Rb_tree_iteratorISt4pairIKNSt7__cxx1112basic_stringIcSt11char_traitsIcESaIcEEES6_EESB_
FNDA:7,_ZStneRKSt17_Rb_tree_iteratorISt4pairIKNSt7__cxx1112basic_stringIcSt11char_traitsIcESaIcEEES6_EESB_
FN:538,_ZNSt8_Rb_treeINSt7__cxx1112basic_stringIcSt11char_traitsIcESaIcEEESt4pairIKS5_St10shared_ptrI16default_functionEESt10_Select1stISB_ESt4lessIS5_ESaISB_EE11_Alloc_nodeC2ERSH_
FNDA:21,_ZNSt8_Rb_treeINSt7__cxx1112basic_stringIcSt11char_traitsIcESaIcEEESt4pairIKS5_St10shared_ptrI16default_functionEESt10_Select1stISB_ESt4lessIS5_ESaISB_EE11_Alloc_nodeC2ERSH_
FN:538,_ZNSt8_Rb_treeINSt7__cxx1112basic_stringIcSt11char_traitsIcESaIcEEESt4pairIKS5_S5_ESt10_Select1stIS8_ESt4lessIS5_ESaIS8_EE11_Alloc_nodeC2ERSE_
FNDA:1,_ZNSt8_Rb_treeINSt7__cxx1112basic_stringIcSt11char_traitsIcESaIcEEESt4pairIKS5_S5_ESt10_Select1stIS8_ESt4lessIS5_ESaIS8_EE11_Alloc_nodeC2ERSE_
FN:538,_ZNSt8_Rb_treeINSt7__cxx1112basic_stringIcSt11char_traitsIcESaIcEEESt4pairIKS5_xESt10_Select1stIS8_ESt4lessIS5_ESaIS8_EE11_Alloc_nodeC2ERSE_
FNDA:1,_ZNSt8_Rb_treeINSt7__cxx1112basic_stringIcSt11char_traitsIcESaIcEEESt4pairIKS5_xESt10_Select1stIS8_ESt4lessIS5_ESaIS8_EE11_Alloc_nodeC2ERSE_
FN:546,_ZNKSt8_Rb_treeINSt7__cxx1112basic_stringIcSt11char_traitsIcESaIcEEESt4pairIKS5_S5_ESt10_Select1stIS8_ESt4lessIS5_ESaIS8_EE11_Alloc_nodeclIS8_EEPSt13_Rb_tree_nodeIS8_EOT_
FNDA:1,_ZNKSt8_Rb_treeINSt7__cxx1112basic_stringIcSt11char_traitsIcESaIcEEESt4pairIKS5_S5_ESt10_Select1stIS8_ESt4lessIS5_ESaIS8_EE11_Alloc_nodeclIS8_EEPSt13_Rb_tree_nodeIS8_EOT_
FN:546,_ZNKSt8_Rb_treeINSt7__cxx1112basic_stringIcSt11char_traitsIcESaIcEEESt4pairIKS5_St10shared_ptrI16default_functionEESt10_Select1stISB_ESt4lessIS5_ESaISB_EE11_Alloc_nodeclISB_EEPSt13_Rb_tree_nodeISB_EOT_
FNDA:21,_ZNKSt8_Rb_treeINSt7__cxx1112basic_stringIcSt11char_traitsIcESaIcEEESt4pairIKS5_St10shared_ptrI16default_functionEESt10_Select1stISB_ESt4lessIS5_ESaISB_EE11_Alloc_nodeclISB_EEPSt13_Rb_tree_nodeISB_EOT_
FN:546,_ZNKSt8_Rb_treeINSt7__cxx1112basic_stringIcSt11char_traitsIcESaIcEEESt4pairIKS5_xESt10_Select1stIS8_ESt4lessIS5_ESaIS8_EE11_Alloc_nodeclIS8_EEPSt13_Rb_tree_nodeIS8_EOT_
FNDA:1,_ZNKSt8_Rb_treeINSt7__cxx1112basic_stringIcSt11char_traitsIcESaIcEEESt4pairIKS5_xESt10_Select1stIS8_ESt4lessIS5_ESaIS8_EE11_Alloc_nodeclIS8_EEPSt13_Rb_tree_nodeIS8_EOT_
FN:566,_ZNSt8_Rb_treeINSt7__cxx1112basic_stringIcSt11char_traitsIcESaIcEEESt4pairIKS5_S5_ESt10_Select1stIS8_ESt4lessIS5_ESaIS8_EE21_M_get_Node_allocatorEv
FNDA:4,_ZNSt8_Rb_treeINSt7__cxx1112basic_stringIcSt11char_traitsIcESaIcEEESt4pairIKS5_S5_ESt10_Select1stIS8_ESt4lessIS5_ESaIS8_EE21_M_get_Node_allocatorEv
FN:566,_ZNSt8_Rb_treeINSt7__cxx1112basic_stringIcSt11char_traitsIcESaIcEEESt4pairIKS5_St10shared_ptrI16default_functionEESt10_Select1stISB_ESt4lessIS5_ESaISB_EE21_M_get_Node_allocatorEv
FNDA:84,_ZNSt8_Rb_treeINSt7__cxx1112basic_stringIcSt11char_traitsIcESaIcEEESt4pairIKS5_St10shared_ptrI16default_functionEESt10_Select1stISB_ESt4lessIS5_ESaISB_EE21_M_get_Node_allocatorEv
FN:566,_ZNSt8_Rb_treeINSt7__cxx1112basic_stringIcSt11char_traitsIcESaIcEEESt4pairIKS5_xESt10_Select1stIS8_ESt4lessIS5_ESaIS8_EE21_M_get_Node_allocatorEv
FNDA:4,_ZNSt8_Rb_treeINSt7__cxx1112basic_stringIcSt11char_traitsIcESaIcEEESt4pairIKS5_xESt10_Select1stIS8_ESt4lessIS5_ESaIS8_EE21_M_get_Node_allocatorEv
FN:579,_ZNSt8_Rb_treeINSt7__cxx1112basic_stringIcSt11char_traitsIcESaIcEEESt4pairIKS5_xESt10_Select1stIS8_ESt4lessIS5_ESaIS8_EE11_M_get_nodeEv
FNDA:1,_ZNSt8_Rb_treeINSt7__cxx1112basic_stringIcSt11char_traitsIcESaIcEEESt4pairIKS5_xESt10_Select1stIS8_ESt4lessIS5_ESaIS8_EE11_M_get_nodeEv
FN:579,_ZNSt8_Rb_treeINSt7__cxx1112basic_stringIcSt11char_traitsIcESaIcEEESt4pairIKS5_S5_ESt10_Select1stIS8_ESt4lessIS5_ESaIS8_EE11_M_get_nodeEv
FNDA:1,_ZNSt8_Rb_treeINSt7__cxx1112basic_stringIcSt11char_traitsIcESaIcEEESt4pairIKS5_S5_ESt10_Select1stIS8_ESt4lessIS5_ESaIS8_EE11_M_get_nodeEv
FN:579,_ZNSt8_Rb_treeINSt7__cxx1112basic_stringIcSt11char_traitsIcESaIcEEESt4pairIKS5_St10shared_ptrI16default_functionEESt10_Select1stISB_ESt4lessIS5_ESaISB_EE11_M_get_nodeEv
FNDA:21,_ZNSt8_Rb_treeINSt7__cxx1112basic_stringIcSt11char_traitsIcESaIcEEESt4pairIKS5_St10shared_ptrI16default_functionEESt10_Select1stISB_ESt4lessIS5_ESaISB_EE11_M_get_nodeEv
FN:583,_ZNSt8_Rb_treeINSt7__cxx1112basic_stringIcSt11char_traitsIcESaIcEEESt4pairIKS5_S5_ESt10_Select1stIS8_ESt4lessIS5_ESaIS8_EE11_M_put_nodeEPSt13_Rb_tree_nodeIS8_E
FNDA:1,_ZNSt8_Rb_treeINSt7__cxx1112basic_stringIcSt11char_traitsIcESaIcEEESt4pairIKS5_S5_ESt10_Select1stIS8_ESt4lessIS5_ESaIS8_EE11_M_put_nodeEPSt13_Rb_tree_nodeIS8_E
FN:583,_ZNSt8_Rb_treeINSt7__cxx1112basic_stringIcSt11char_traitsIcESaIcEEESt4pairIKS5_xESt10_Select1stIS8_ESt4lessIS5_ESaIS8_EE11_M_put_nodeEPSt13_Rb_tree_nodeIS8_E
FNDA:1,_ZNSt8_Rb_treeINSt7__cxx1112basic_stringIcSt11char_traitsIcESaIcEEESt4pairIKS5_xESt10_Select1stIS8_ESt4lessIS5_ESaIS8_EE11_M_put_nodeEPSt13_Rb_tree_nodeIS8_E
FN:583,_ZNSt8_Rb_treeINSt7__cxx1112basic_stringIcSt11char_traitsIcESaIcEEESt4pairIKS5_St10shared_ptrI16default_functionEESt10_Select1stISB_ESt4lessIS5_ESaISB_EE11_M_put_nodeEPSt13_Rb_tree_nodeISB_E
FNDA:21,_ZNSt8_Rb_treeINSt7__cxx1112basic_stringIcSt11char_traitsIcESaIcEEESt4pairIKS5_St10shared_ptrI16default_functionEESt10_Select1stISB_ESt4lessIS5_ESaISB_EE11_M_put_nodeEPSt13_Rb_tree_nodeISB_E
FN:609,_ZNSt8_Rb_treeINSt7__cxx1112basic_stringIcSt11char_traitsIcESaIcEEESt4pairIKS5_xESt10_Select1stIS8_ESt4lessIS5_ESaIS8_EE17_M_construct_nodeIJS8_EEEvPSt13_Rb_tree_nodeIS8_EDpOT_
FNDA:1,_ZNSt8_Rb_treeINSt7__cxx1112basic_stringIcSt11char_traitsIcESaIcEEESt4pairIKS5_xESt10_Select1stIS8_ESt4lessIS5_ESaIS8_EE17_M_construct_nodeIJS8_EEEvPSt13_Rb_tree_nodeIS8_EDpOT_
FN:609,_ZNSt8_Rb_treeINSt7__cxx1112basic_stringIcSt11char_traitsIcESaIcEEESt4pairIKS5_S5_ESt10_Select1stIS8_ESt4lessIS5_ESaIS8_EE17_M_construct_nodeIJS8_EEEvPSt13_Rb_tree_nodeIS8_EDpOT_
FNDA:1,_ZNSt8_Rb_treeINSt7__cxx1112basic_stringIcSt11char_traitsIcESaIcEEESt4pairIKS5_S5_ESt10_Select1stIS8_ESt4lessIS5_ESaIS8_EE17_M_construct_nodeIJS8_EEEvPSt13_Rb_tree_nodeIS8_EDpOT_
FN:609,_ZNSt8_Rb_treeINSt7__cxx1112basic_stringIcSt11char_traitsIcESaIcEEESt4pairIKS5_St10shared_ptrI16default_functionEESt10_Select1stISB_ESt4lessIS5_ESaISB_EE17_M_construct_nodeIJSB_EEEvPSt13_Rb_tree_nodeISB_EDpOT_
FNDA:21,_ZNSt8_Rb_treeINSt7__cxx1112basic_stringIcSt11char_traitsIcESaIcEEESt4pairIKS5_St10shared_ptrI16default_functionEESt10_Select1stISB_ESt4lessIS5_ESaISB_EE17_M_construct_nodeIJSB_EEEvPSt13_Rb_tree_nodeISB_EDpOT_
FN:628,_ZNSt8_Rb_treeINSt7__cxx1112basic_stringIcSt11char_traitsIcESaIcEEESt4pairIKS5_xESt10_Select1stIS8_ESt4lessIS5_ESaIS8_EE14_M_create_nodeIJS8_EEEPSt13_Rb_tree_nodeIS8_EDpOT_
FNDA:1,_ZNSt8_Rb_treeINSt7__cxx1112basic_stringIcSt11char_traitsIcESaIcEEESt4pairIKS5_xESt10_Select1stIS8_ESt4lessIS5_ESaIS8_EE14_M_create_nodeIJS8_EEEPSt13_Rb_tree_nodeIS8_EDpOT_
FN:628,_ZNSt8_Rb_treeINSt7__cxx1112basic_stringIcSt11char_traitsIcESaIcEEESt4pairIKS5_St10shared_ptrI16default_functionEESt10_Select1stISB_ESt4lessIS5_ESaISB_EE14_M_create_nodeIJSB_EEEPSt13_Rb_tree_nodeISB_EDpOT_
FNDA:21,_ZNSt8_Rb_treeINSt7__cxx1112basic_stringIcSt11char_traitsIcESaIcEEESt4pairIKS5_St10shared_ptrI16default_functionEESt10_Select1stISB_ESt4lessIS5_ESaISB_EE14_M_create_nodeIJSB_EEEPSt13_Rb_tree_nodeISB_EDpOT_
FN:628,_ZNSt8_Rb_treeINSt7__cxx1112basic_stringIcSt11char_traitsIcESaIcEEESt4pairIKS5_S5_ESt10_Select1stIS8_ESt4lessIS5_ESaIS8_EE14_M_create_nodeIJS8_EEEPSt13_Rb_tree_nodeIS8_EDpOT_
FNDA:1,_ZNSt8_Rb_treeINSt7__cxx1112basic_stringIcSt11char_traitsIcESaIcEEESt4pairIKS5_S5_ESt10_Select1stIS8_ESt4lessIS5_ESaIS8_EE14_M_create_nodeIJS8_EEEPSt13_Rb_tree_nodeIS8_EDpOT_
FN:637,_ZNSt8_Rb_treeINSt7__cxx1112basic_stringIcSt11char_traitsIcESaIcEEESt4pairIKS5_St10shared_ptrI16default_functionEESt10_Select1stISB_ESt4lessIS5_ESaISB_EE15_M_destroy_nodeEPSt13_Rb_tree_nodeISB_E
FNDA:21,_ZNSt8_Rb_treeINSt7__cxx1112basic_stringIcSt11char_traitsIcESaIcEEESt4pairIKS5_St10shared_ptrI16default_functionEESt10_Select1stISB_ESt4lessIS5_ESaISB_EE15_M_destroy_nodeEPSt13_Rb_tree_nodeISB_E
FN:637,_ZNSt8_Rb_treeINSt7__cxx1112basic_stringIcSt11char_traitsIcESaIcEEESt4pairIKS5_S5_ESt10_Select1stIS8_ESt4lessIS5_ESaIS8_EE15_M_destroy_nodeEPSt13_Rb_tree_nodeIS8_E
FNDA:1,_ZNSt8_Rb_treeINSt7__cxx1112basic_stringIcSt11char_traitsIcESaIcEEESt4pairIKS5_S5_ESt10_Select1stIS8_ESt4lessIS5_ESaIS8_EE15_M_destroy_nodeEPSt13_Rb_tree_nodeIS8_E
FN:637,_ZNSt8_Rb_treeINSt7__cxx1112basic_stringIcSt11char_traitsIcESaIcEEESt4pairIKS5_xESt10_Select1stIS8_ESt4lessIS5_ESaIS8_EE15_M_destroy_nodeEPSt13_Rb_tree_nodeIS8_E
FNDA:1,_ZNSt8_Rb_treeINSt7__cxx1112basic_stringIcSt11char_traitsIcESaIcEEESt4pairIKS5_xESt10_Select1stIS8_ESt4lessIS5_ESaIS8_EE15_M_destroy_nodeEPSt13_Rb_tree_nodeIS8_E
FN:648,_ZNSt8_Rb_treeINSt7__cxx1112basic_stringIcSt11char_traitsIcESaIcEEESt4pairIKS5_St10shared_ptrI16default_functionEESt10_Select1stISB_ESt4lessIS5_ESaISB_EE12_M_drop_nodeEPSt13_Rb_tree_nodeISB_E
FNDA:21,_ZNSt8_Rb_treeINSt7__cxx1112basic_stringIcSt11char_traitsIcESaIcEEESt4pairIKS5_St10shared_ptrI16default_functionEESt10_Select1stISB_ESt4lessIS5_ESaISB_EE12_M_drop_nodeEPSt13_Rb_tree_nodeISB_E
FN:648,_ZNSt8_Rb_treeINSt7__cxx1112basic_stringIcSt11char_traitsIcESaIcEEESt4pairIKS5_S5_ESt10_Select1stIS8_ESt4lessIS5_ESaIS8_EE12_M_drop_nodeEPSt13_Rb_tree_nodeIS8_E
FNDA:1,_ZNSt8_Rb_treeINSt7__cxx1112basic_stringIcSt11char_traitsIcESaIcEEESt4pairIKS5_S5_ESt10_Select1stIS8_ESt4lessIS5_ESaIS8_EE12_M_drop_nodeEPSt13_Rb_tree_nodeIS8_E
FN:648,_ZNSt8_Rb_treeINSt7__cxx1112basic_stringIcSt11char_traitsIcESaIcEEESt4pairIKS5_xESt10_Select1stIS8_ESt4lessIS5_ESaIS8_EE12_M_drop_nodeEPSt13_Rb_tree_nodeIS8_E
FNDA:1,_ZNSt8_Rb_treeINSt7__cxx1112basic_stringIcSt11char_traitsIcESaIcEEESt4pairIKS5_xESt10_Select1stIS8_ESt4lessIS5_ESaIS8_EE12_M_drop_nodeEPSt13_Rb_tree_nodeIS8_E
FN:680,_ZNSt8_Rb_treeINSt7__cxx1112basic_stringIcSt11char_traitsIcESaIcEEESt4pairIKS5_S5_ESt10_Select1stIS8_ESt4lessIS5_ESaIS8_EE13_Rb_tree_implISC_Lb1EEC2Ev
FNDA:100032,_ZNSt8_Rb_treeINSt7__cxx1112basic_stringIcSt11char_traitsIcESaIcEEESt4pairIKS5_S5_ESt10_Select1stIS8_ESt4lessIS5_ESaIS8_EE13_Rb_tree_implISC_Lb1EEC2Ev
FN:680,_ZNSt8_Rb_treeINSt7__cxx1112basic_stringIcSt11char_traitsIcESaIcEEESt4pairIKS5_St10shared_ptrI16default_functionEESt10_Select1stISB_ESt4lessIS5_ESaISB_EE13_Rb_tree_implISF_Lb1EEC2Ev
FNDA:1,_ZNSt8_Rb_treeINSt7__cxx1112basic_stringIcSt11char_traitsIcESaIcEEESt4pairIKS5_St10shared_ptrI16default_functionEESt10_Select1stISB_ESt4lessIS5_ESaISB_EE13_Rb_tree_implISF_Lb1EEC2Ev
FN:680,_ZNSt8_Rb_treeINSt7__cxx1112basic_stringIcSt11char_traitsIcESaIcEEESt4pairIKS5_xESt10_Select1stIS8_ESt4lessIS5_ESaIS8_EE13_Rb_tree_implISC_Lb1EEC2Ev
FNDA:100032,_ZNSt8_Rb_treeINSt7__cxx1112basic_stringIcSt11char_traitsIcESaIcEEESt4pairIKS5_xESt10_Select1stIS8_ESt4lessIS5_ESaIS8_EE13_Rb_tree_implISC_Lb1EEC2Ev
FN:749,_ZNSt8_Rb_treeINSt7__cxx1112basic_stringIcSt11char_traitsIcESaIcEEESt4pairIKS5_St10shared_ptrI16default_functionEESt10_Select1stISB_ESt4lessIS5_ESaISB_EE8_M_beginEv
FNDA:200225,_ZNSt8_Rb_treeINSt7__cxx1112basic_stringIcSt11char_traitsIcESaIcEEESt4pairIKS5_St10shared_ptrI16default_functionEESt10_Select1stISB_ESt4lessIS5_ESaISB_EE8_M_beginEv
FN:749,_ZNSt8_Rb_treeINSt7__cxx1112basic_stringIcSt11char_traitsIcESaIcEEESt4pairIKS5_S5_ESt10_Select1stIS8_ESt4lessIS5_ESaIS8_EE8_M_beginEv
FNDA:100042,_ZNSt8_Rb_treeINSt7__cxx1112basic_stringIcSt11char_traitsIcESaIcEEESt4pairIKS5_S5_ESt10_Select1stIS8_ESt4lessIS5_ESaIS8_EE8_M_beginEv
FN:749,_ZNSt8_Rb_treeINSt7__cxx1112basic_stringIcSt11char_traitsIcESaIcEEESt4pairIKS5_xESt10_Select1stIS8_ESt4lessIS5_ESaIS8_EE8_M_beginEv
FNDA:100045,_ZNSt8_Rb_treeINSt7__cxx1112basic_stringIcSt11char_traitsIcESaIcEEESt4pairIKS5_xESt10_Select1stIS8_ESt4lessIS5_ESaIS8_EE8_M_beginEv
FN:760,_ZNSt8_Rb_treeINSt7__cxx1112basic_stringIcSt11char_traitsIcESaIcEEESt4pairIKS5_S5_ESt10_Select1stIS8_ESt4lessIS5_ESaIS8_EE6_M_endEv
FNDA:11,_ZNSt8_Rb_treeINSt7__cxx1112basic_stringIcSt11char_traitsIcESaIcEEESt4pairIKS5_S5_ESt10_Select1stIS8_ESt4lessIS5_ESaIS8_EE6_M_endEv
FN:760,_ZNSt8_Rb_treeINSt7__cxx1112basic_stringIcSt11char_traitsIcESaIcEEESt4pairIKS5_xESt10_Select1stIS8_ESt4lessIS5_ESaIS8_EE6_M_endEv
FNDA:14,_ZNSt8_Rb_treeINSt7__cxx1112basic_stringIcSt11char_traitsIcESaIcEEESt4pairIKS5_xESt10_Select1stIS8_ESt4lessIS5_ESaIS8_EE6_M_endEv
FN:760,_ZNSt8_Rb_treeINSt7__cxx1112basic_stringIcSt11char_traitsIcESaIcEEESt4pairIKS5_St10shared_ptrI16default_functionEESt10_Select1stISB_ESt4lessIS5_ESaISB_EE6_M_endEv
FNDA:200245,_ZNSt8_Rb_treeINSt7__cxx1112basic_stringIcSt11char_traitsIcESaIcEEESt4pairIKS5_St10shared_ptrI16default_functionEESt10_Select1stISB_ESt4lessIS5_ESaISB_EE6_M_endEv
FN:772,_ZNSt8_Rb_treeINSt7__cxx1112basic_stringIcSt11char_traitsIcESaIcEEESt4pairIKS5_S5_ESt10_Select1stIS8_ESt4lessIS5_ESaIS8_EE6_S_keyEPKSt13_Rb_tree_nodeIS8_E
FNDA:6,_ZNSt8_Rb_treeINSt7__cxx1112basic_stringIcSt11char_traitsIcESaIcEEESt4pairIKS5_S5_ESt10_Select1stIS8_ESt4lessIS5_ESaIS8_EE6_S_keyEPKSt13_Rb_tree_nodeIS8_E
FN:772,_ZNSt8_Rb_treeINSt7__cxx1112basic_stringIcSt11char_traitsIcESaIcEEESt4pairIKS5_St10shared_ptrI16default_functionEESt10_Select1stISB_ESt4lessIS5_ESaISB_EE6_S_keyEPKSt13_Rb_tree_nodeISB_E
FNDA:901120,_ZNSt8_Rb_treeINSt7__cxx1112basic_stringIcSt11char_traitsIcESaIcEEESt4pairIKS5_St10shared_ptrI16default_functionEESt10_Select1stISB_ESt4lessIS5_ESaISB_EE6_S_keyEPKSt13_Rb_tree_nodeISB_E
FN:772,_ZNSt8_Rb_treeINSt7__cxx1112basic_stringIcSt11char_traitsIcESaIcEEESt4pairIKS5_xESt10_Select1stIS8_ESt4lessIS5_ESaIS8_EE6_S_keyEPKSt13_Rb_tree_nodeIS8_E
[...]
FNDA:7,_ZN7testing8internal12CodeLocationC2ERKNSt7__cxx1112basic_stringIcSt11char_traitsIcESaIcEEEi
FN:494,_ZN7testing8internal19GetNotDefaultOrNullEPFvvES2_
FNDA:28,_ZN7testing8internal19GetNotDefaultOrNullEPFvvES2_
FN:509,_ZN7testing8internal16SuiteApiResolverINS_4TestEE19GetSetUpCaseOrSuiteEPKci
FNDA:7,_ZN7testing8internal16SuiteApiResolverINS_4TestEE19GetSetUpCaseOrSuiteEPKci
FN:524,_ZN7testing8internal16SuiteApiResolverINS_4TestEE22GetTearDownCaseOrSuiteEPKci
FNDA:7,_ZN7testing8internal16SuiteApiResolverINS_4TestEE22GetTearDownCaseOrSuiteEPKci
DA:442,0
DA:442,7
DA:449,7
DA:460,1
DA:460,1
DA:460,1
DA:460,1
DA:460,1
DA:460,1
DA:460,1
DA:481,7
DA:482,7
DA:494,28
DA:496,28
DA:509,7
DA:512,7
DA:514,7
DA:516,7
DA:519,0
DA:521,7
DA:524,7
DA:527,7
DA:529,7
DA:531,7
DA:534,0
DA:536,7
end_of_record
SF:/home/macsia/Project_cpp/21201_polukhin/Interpreter/default_functions.cpp
end_of_record
SF:/usr/include/c++/9/bits/stl_stack.h
FN:156,_ZNSt5stackIxSt5dequeIxSaIxEEEC2IS2_vEEv
FNDA:200064,_ZNSt5stackIxSt5dequeIxSaIxEEEC2IS2_vEEv
FN:193,_ZNKSt5stackIxSt5dequeIxSaIxEEE5emptyEv
FNDA:100040,_ZNKSt5stackIxSt5dequeIxSaIxEEE5emptyEv
FN:206,_ZNSt5stackIxSt5dequeIxSaIxEEE3topEv
FNDA:100102,_ZNSt5stackIxSt5dequeIxSaIxEEE3topEv
FN:238,_ZNSt5stackIxSt5dequeIxSaIxEEE4pushEOx
FNDA:100122,_ZNSt5stackIxSt5dequeIxSaIxEEE4pushEOx
FN:266,_ZNSt5stackIxSt5dequeIxSaIxEEE3popEv
FNDA:100094,_ZNSt5stackIxSt5dequeIxSaIxEEE3popEv
DA:156,200064
DA:157,200064
DA:193,100040
DA:194,100040
DA:206,100102
DA:209,100102
DA:238,100122
DA:239,100122
DA:266,100094
DA:269,100094
DA:270,100094
end_of_record
SF:/usr/include/c++/9/iostream
end_of_record
SF:/home/macsia/Project_cpp/21201_polukhin/res/log.hpp
FN:20,_ZN3LOGC2E7typelog
FNDA:200235,_ZN3LOGC2E7typelog
FN:27,_ZN3LOGD2Ev
FNDA:200235,_ZN3LOGD2Ev
FN:36,_ZN3LOGlsIA2_cEERS_RKT_
FNDA:100103,_ZN3LOGlsIA2_cEERS_RKT_
FN:36,_ZN3LOGlsINSt7__cxx1112basic_stringIcSt11char_traitsIcESaIcEEEEERS_RKT_
FNDA:400455,_ZN3LOGlsINSt7__cxx1112basic_stringIcSt11char_traitsIcESaIcEEEEERS_RKT_
FN:36,_ZN3LOGlsIA44_cEERS_RKT_
FNDA:8,_ZN3LOGlsIA44_cEERS_RKT_
FN:36,_ZN3LOGlsIbEERS_RKT_
FNDA:8,_ZN3LOGlsIbEERS_RKT_
FN:36,_ZN3LOGlsIA42_cEERS_RKT_
FNDA:1,_ZN3LOGlsIA42_cEERS_RKT_
FN:36,_ZN3LOGlsIA18_cEERS_RKT_
FNDA:100104,_ZN3LOGlsIA18_cEERS_RKT_
FN:36,_ZN3LOGlsIiEERS_RKT_
FNDA:12,_ZN3LOGlsIiEERS_RKT_
FN:36,_ZN3LOGlsIA5_cEERS_RKT_
FNDA:6,_ZN3LOGlsIA5_cEERS_RKT_
FN:36,_ZN3LOGlsIA17_cEERS_RKT_
FNDA:7,_ZN3LOGlsIA17_cEERS_RKT_
FN:36,_ZN3LOGlsIA23_cEERS_RKT_
FNDA:3,_ZN3LOGlsIA23_cEERS_RKT_
FN:36,_ZN3LOGlsIA26_cEERS_RKT_
FNDA:1,_ZN3LOGlsIA26_cEERS_RKT_
FN:36,_ZN3LOGlsIA34_cEERS_RKT_
FNDA:1,_ZN3LOGlsIA34_cEERS_RKT_
FN:36,_ZN3LOGlsIA25_cEERS_RKT_
FNDA:1,_ZN3LOGlsIA25_cEERS_RKT_
FN:36,_ZN3LOGlsIA9_cEERS_RKT_
FNDA:100099,_ZN3LOGlsIA9_cEERS_RKT_
FN:36,_ZN3LOGlsIA10_cEERS_RKT_
FNDA:100098,_ZN3LOGlsIA10_cEERS_RKT_
FN:36,_ZN3LOGlsIA15_cEERS_RKT_
FNDA:2,_ZN3LOGlsIA15_cEERS_RKT_
FN:36,_ZN3LOGlsIA20_cEERS_RKT_
FNDA:3,_ZN3LOGlsIA20_cEERS_RKT_
FN:36,_ZN3LOGlsIA12_cEERS_RKT_
FNDA:3,_ZN3LOGlsIA12_cEERS_RKT_
FN:36,_ZN3LOGlsIA13_cEERS_RKT_
FNDA:4,_ZN3LOGlsIA13_cEERS_RKT_
FN:36,_ZN3LOGlsIxEERS_RKT_
FNDA:4,_ZN3LOGlsIxEERS_RKT_
FN:49,_ZN3LOG8getLabelB5cxx11E7typelog
FNDA:200235,_ZN3LOG8getLabelB5cxx11E7typelog
DA:20,200235
DA:21,200235
DA:22,200235
DA:23,0
DA:24,200235
DA:25,200235
DA:26,200235
DA:27,200235
DA:28,200235
DA:29,200235
DA:31,5
DA:33,200235
DA:34,200235
DA:36,1
DA:38,1
DA:40,1
DA:41,1
DA:43,1
DA:36,400455
DA:38,400455
DA:40,7
DA:41,7
DA:43,400455
DA:36,8
DA:38,8
DA:40,0
DA:41,0
DA:43,8
DA:36,8
DA:38,8
DA:40,0
DA:41,0
DA:43,8
DA:36,1
DA:38,1
DA:40,1
DA:41,1
DA:43,1
DA:36,100104
DA:38,100104
DA:40,0
DA:41,0
DA:43,100104
DA:36,12
DA:38,12
DA:40,0
DA:41,0
DA:43,12
DA:36,6
DA:38,6
DA:40,0
DA:41,0
DA:43,6
DA:36,7
DA:38,7
DA:40,0
DA:41,0
DA:43,7
DA:36,100103
DA:38,100103
DA:40,0
DA:41,0
DA:43,100103
DA:36,3
DA:38,3
DA:40,0
DA:41,0
DA:43,3
DA:36,1
DA:38,1
DA:40,0
DA:41,0
DA:43,1
DA:36,1
DA:38,1
DA:40,1
DA:41,1
DA:43,1
DA:36,100099
DA:38,100099
DA:40,0
DA:41,0
DA:43,100099
DA:36,100098
DA:38,100098
DA:40,0
DA:41,0
DA:43,100098
DA:36,2
DA:38,2
DA:40,2
DA:41,2
DA:43,2
DA:36,3
DA:38,3
DA:40,2
DA:41,2
DA:43,3
DA:36,3
DA:38,3
DA:40,0
DA:41,0
DA:43,3
DA:36,4
DA:38,4
DA:40,0
DA:41,0
DA:43,4
DA:36,4
DA:38,4
DA:40,0
DA:41,0
DA:43,4
DA:49,200235
DA:51,200235
DA:52,200235
DA:54,0
DA:55,0
DA:56,0
DA:57,200230
DA:58,200230
DA:59,200230
DA:60,0
DA:61,0
DA:62,0
DA:63,5
DA:64,5
DA:65,5
DA:66,0
DA:67,0
DA:68,0
DA:70,200235
end_of_record
SF:/usr/include/c++/9/tuple
FN:113,_ZNSt10_Head_baseILm1ESt14default_deleteINSt7__cxx1118basic_stringstreamIcSt11char_traitsIcESaIcEEEELb1EE7_M_headERS8_
FNDA:0,_ZNSt10_Head_baseILm1ESt14default_deleteINSt7__cxx1118basic_stringstreamIcSt11char_traitsIcESaIcEEEELb1EE7_M_headERS8_
FN:113,_ZNSt10_Head_baseILm1ESt14default_deleteINSt7__cxx1112basic_stringIcSt11char_traitsIcESaIcEEEELb1EE7_M_headERS8_
FNDA:0,_ZNSt10_Head_baseILm1ESt14default_deleteINSt7__cxx1112basic_stringIcSt11char_traitsIcESaIcEEEELb1EE7_M_headERS8_
FN:160,_ZNSt10_Head_baseILm0EPNSt7__cxx1112basic_stringIcSt11char_traitsIcESaIcEEELb0EE7_M_headERS7_
FNDA:100023,_ZNSt10_Head_baseILm0EPNSt7__cxx1112basic_stringIcSt11char_traitsIcESaIcEEELb0EE7_M_headERS7_
FN:160,_ZNSt10_Head_baseILm0EPNSt7__cxx1118basic_stringstreamIcSt11char_traitsIcESaIcEEELb0EE7_M_headERS7_
FNDA:0,_ZNSt10_Head_baseILm0EPNSt7__cxx1118basic_stringstreamIcSt11char_traitsIcESaIcEEELb0EE7_M_headERS7_
FN:163,_ZNSt10_Head_baseILm0EPNSt7__cxx1112basic_stringIcSt11char_traitsIcESaIcEEELb0EE7_M_headERKS7_
FNDA:0,_ZNSt10_Head_baseILm0EPNSt7__cxx1112basic_stringIcSt11char_traitsIcESaIcEEELb0EE7_M_headERKS7_
FN:195,_ZNSt11_Tuple_implILm0EJPNSt7__cxx1112basic_stringIcSt11char_traitsIcESaIcEEESt14default_deleteIS5_EEE7_M_headERS9_
FNDA:100023,_ZNSt11_Tuple_implILm0EJPNSt7__cxx1112basic_stringIcSt11char_traitsIcESaIcEEESt14default_deleteIS5_EEE7_M_headERS9_
FN:195,_ZNSt11_Tuple_implILm0EJPNSt7__cxx1118basic_stringstreamIcSt11char_traitsIcESaIcEEESt14default_deleteIS5_EEE7_M_headERS9_
FNDA:0,_ZNSt11_Tuple_implILm0EJPNSt7__cxx1118basic_stringstreamIcSt11char_traitsIcESaIcEEESt14default_deleteIS5_EEE7_M_headERS9_
FN:198,_ZNSt11_Tuple_implILm0EJPNSt7__cxx1112basic_stringIcSt11char_traitsIcESaIcEEESt14default_deleteIS5_EEE7_M_headERKS9_
FNDA:0,_ZNSt11_Tuple_implILm0EJPNSt7__cxx1112basic_stringIcSt11char_traitsIcESaIcEEESt14default_deleteIS5_EEE7_M_headERKS9_
FN:334,_ZNSt11_Tuple_implILm1EJSt14default_deleteINSt7__cxx1112basic_stringIcSt11char_traitsIcESaIcEEEEEE7_M_headERS8_
FNDA:0,_ZNSt11_Tuple_implILm1EJSt14default_deleteINSt7__cxx1112basic_stringIcSt11char_traitsIcESaIcEEEEEE7_M_headERS8_
FN:334,_ZNSt11_Tuple_implILm1EJSt14default_deleteINSt7__cxx1118basic_stringstreamIcSt11char_traitsIcESaIcEEEEEE7_M_headERS8_
FNDA:0,_ZNSt11_Tuple_implILm1EJSt14default_deleteINSt7__cxx1118basic_stringstreamIcSt11char_traitsIcESaIcEEEEEE7_M_headERS8_
FN:1309,_ZSt12__get_helperILm1ESt14default_deleteINSt7__cxx1118basic_stringstreamIcSt11char_traitsIcESaIcEEEEJEERT0_RSt11_Tuple_implIXT_EJS8_DpT1_EE
FNDA:0,_ZSt12__get_helperILm1ESt14default_deleteINSt7__cxx1118basic_stringstreamIcSt11char_traitsIcESaIcEEEEJEERT0_RSt11_Tuple_implIXT_EJS8_DpT1_EE
FN:1309,_ZSt12__get_helperILm0EPNSt7__cxx1118basic_stringstreamIcSt11char_traitsIcESaIcEEEJSt14default_deleteIS5_EEERT0_RSt11_Tuple_implIXT_EJS9_DpT1_EE
FNDA:0,_ZSt12__get_helperILm0EPNSt7__cxx1118basic_stringstreamIcSt11char_traitsIcESaIcEEEJSt14default_deleteIS5_EEERT0_RSt11_Tuple_implIXT_EJS9_DpT1_EE
FN:1309,_ZSt12__get_helperILm0EPNSt7__cxx1112basic_stringIcSt11char_traitsIcESaIcEEEJSt14default_deleteIS5_EEERT0_RSt11_Tuple_implIXT_EJS9_DpT1_EE
FNDA:100023,_ZSt12__get_helperILm0EPNSt7__cxx1112basic_stringIcSt11char_traitsIcESaIcEEEJSt14default_deleteIS5_EEERT0_RSt11_Tuple_implIXT_EJS9_DpT1_EE
FN:1309,_ZSt12__get_helperILm1ESt14default_deleteINSt7__cxx1112basic_stringIcSt11char_traitsIcESaIcEEEEJEERT0_RSt11_Tuple_implIXT_EJS8_DpT1_EE
FNDA:0,_ZSt12__get_helperILm1ESt14default_deleteINSt7__cxx1112basic_stringIcSt11char_traitsIcESaIcEEEEJEERT0_RSt11_Tuple_implIXT_EJS8_DpT1_EE
FN:1314,_ZSt12__get_helperILm0EPNSt7__cxx1112basic_stringIcSt11char_traitsIcESaIcEEEJSt14default_deleteIS5_EEERKT0_RKSt11_Tuple_implIXT_EJS9_DpT1_EE
FNDA:0,_ZSt12__get_helperILm0EPNSt7__cxx1112basic_stringIcSt11char_traitsIcESaIcEEEJSt14default_deleteIS5_EEERKT0_RKSt11_Tuple_implIXT_EJS9_DpT1_EE
FN:1320,_ZSt3getILm1EJPNSt7__cxx1112basic_stringIcSt11char_traitsIcESaIcEEESt14default_deleteIS5_EEERNSt13tuple_elementIXT_ESt5tupleIJDpT0_EEE4typeERSD_
FNDA:0,_ZSt3getILm1EJPNSt7__cxx1112basic_stringIcSt11char_traitsIcESaIcEEESt14default_deleteIS5_EEERNSt13tuple_elementIXT_ESt5tupleIJDpT0_EEE4typeERSD_
FN:1320,_ZSt3getILm1EJPNSt7__cxx1118basic_stringstreamIcSt11char_traitsIcESaIcEEESt14default_deleteIS5_EEERNSt13tuple_elementIXT_ESt5tupleIJDpT0_EEE4typeERSD_
FNDA:0,_ZSt3getILm1EJPNSt7__cxx1118basic_stringstreamIcSt11char_traitsIcESaIcEEESt14default_deleteIS5_EEERNSt13tuple_elementIXT_ESt5tupleIJDpT0_EEE4typeERSD_
FN:1320,_ZSt3getILm0EJPNSt7__cxx1112basic_stringIcSt11char_traitsIcESaIcEEESt14default_deleteIS5_EEERNSt13tuple_elementIXT_ESt5tupleIJDpT0_EEE4typeERSD_
FNDA:100023,_ZSt3getILm0EJPNSt7__cxx1112basic_stringIcSt11char_traitsIcESaIcEEESt14default_deleteIS5_EEERNSt13tuple_elementIXT_ESt5tupleIJDpT0_EEE4typeERSD_
FN:1320,_ZSt3getILm0EJPNSt7__cxx1118basic_stringstreamIcSt11char_traitsIcESaIcEEESt14default_deleteIS5_EEERNSt13tuple_elementIXT_ESt5tupleIJDpT0_EEE4typeERSD_
FNDA:0,_ZSt3getILm0EJPNSt7__cxx1118basic_stringstreamIcSt11char_traitsIcESaIcEEESt14default_deleteIS5_EEERNSt13tuple_elementIXT_ESt5tupleIJDpT0_EEE4typeERSD_
FN:1326,_ZSt3getILm0EJPNSt7__cxx1112basic_stringIcSt11char_traitsIcESaIcEEESt14default_deleteIS5_EEERKNSt13tuple_elementIXT_ESt5tupleIJDpT0_EEE4typeERKSD_
FNDA:0,_ZSt3getILm0EJPNSt7__cxx1112basic_stringIcSt11char_traitsIcESaIcEEESt14default_deleteIS5_EEERKNSt13tuple_elementIXT_ESt5tupleIJDpT0_EEE4typeERKSD_
DA:113,0
DA:113,0
DA:160,100023
DA:160,0
DA:163,0
DA:195,100023
DA:195,0
DA:198,0
DA:334,0
DA:334,0
DA:1309,0
DA:1310,0
DA:1309,0
DA:1310,0
DA:1309,100023
DA:1310,100023
DA:1309,0
DA:1310,0
DA:1314,0
DA:1315,0
DA:1320,0
DA:1321,0
DA:1320,0
DA:1321,0
DA:1320,100023
DA:1321,100023
DA:1320,0
DA:1321,0
DA:1326,0
DA:1327,0
end_of_record
SF:/usr/include/c++/9/bits/unique_ptr.h
FN:75,_ZNKSt14default_deleteINSt7__cxx1112basic_stringIcSt11char_traitsIcESaIcEEEEclEPS5_
FNDA:0,_ZNKSt14default_deleteINSt7__cxx1112basic_stringIcSt11char_traitsIcESaIcEEEEclEPS5_
FN:75,_ZNKSt14default_deleteINSt7__cxx1118basic_stringstreamIcSt11char_traitsIcESaIcEEEEclEPS5_
FNDA:0,_ZNKSt14default_deleteINSt7__cxx1118basic_stringstreamIcSt11char_traitsIcESaIcEEEEclEPS5_
FN:153,_ZNSt15__uniq_ptr_implINSt7__cxx1112basic_stringIcSt11char_traitsIcESaIcEEESt14default_deleteIS5_EE6_M_ptrEv
FNDA:100023,_ZNSt15__uniq_ptr_implINSt7__cxx1112basic_stringIcSt11char_traitsIcESaIcEEESt14default_deleteIS5_EE6_M_ptrEv
FN:153,_ZNSt15__uniq_ptr_implINSt7__cxx1118basic_stringstreamIcSt11char_traitsIcESaIcEEESt14default_deleteIS5_EE6_M_ptrEv
FNDA:0,_ZNSt15__uniq_ptr_implINSt7__cxx1118basic_stringstreamIcSt11char_traitsIcESaIcEEESt14default_deleteIS5_EE6_M_ptrEv
FN:154,_ZNKSt15__uniq_ptr_implINSt7__cxx1112basic_stringIcSt11char_traitsIcESaIcEEESt14default_deleteIS5_EE6_M_ptrEv
FNDA:0,_ZNKSt15__uniq_ptr_implINSt7__cxx1112basic_stringIcSt11char_traitsIcESaIcEEESt14default_deleteIS5_EE6_M_ptrEv
FN:155,_ZNSt15__uniq_ptr_implINSt7__cxx1112basic_stringIcSt11char_traitsIcESaIcEEESt14default_deleteIS5_EE10_M_deleterEv
FNDA:0,_ZNSt15__uniq_ptr_implINSt7__cxx1112basic_stringIcSt11char_traitsIcESaIcEEESt14default_deleteIS5_EE10_M_deleterEv
FN:155,_ZNSt15__uniq_ptr_implINSt7__cxx1118basic_stringstreamIcSt11char_traitsIcESaIcEEESt14default_deleteIS5_EE10_M_deleterEv
FNDA:0,_ZNSt15__uniq_ptr_implINSt7__cxx1118basic_stringstreamIcSt11char_traitsIcESaIcEEESt14default_deleteIS5_EE10_M_deleterEv
FN:286,_ZNSt10unique_ptrINSt7__cxx1112basic_stringIcSt11char_traitsIcESaIcEEESt14default_deleteIS5_EED2Ev
FNDA:100023,_ZNSt10unique_ptrINSt7__cxx1112basic_stringIcSt11char_traitsIcESaIcEEESt14default_deleteIS5_EED2Ev
FN:286,_ZNSt10unique_ptrINSt7__cxx1118basic_stringstreamIcSt11char_traitsIcESaIcEEESt14default_deleteIS5_EED2Ev
FNDA:0,_ZNSt10unique_ptrINSt7__cxx1118basic_stringstreamIcSt11char_traitsIcESaIcEEESt14default_deleteIS5_EED2Ev
FN:352,_ZNKSt10unique_ptrINSt7__cxx1112basic_stringIcSt11char_traitsIcESaIcEEESt14default_deleteIS5_EEptEv
FNDA:0,_ZNKSt10unique_ptrINSt7__cxx1112basic_stringIcSt11char_traitsIcESaIcEEESt14default_deleteIS5_EEptEv
FN:360,_ZNKSt10unique_ptrINSt7__cxx1112basic_stringIcSt11char_traitsIcESaIcEEESt14default_deleteIS5_EE3getEv
FNDA:0,_ZNKSt10unique_ptrINSt7__cxx1112basic_stringIcSt11char_traitsIcESaIcEEESt14default_deleteIS5_EE3getEv
FN:365,_ZNSt10unique_ptrINSt7__cxx1112basic_stringIcSt11char_traitsIcESaIcEEESt14default_deleteIS5_EE11get_deleterEv
FNDA:0,_ZNSt10unique_ptrINSt7__cxx1112basic_stringIcSt11char_traitsIcESaIcEEESt14default_deleteIS5_EE11get_deleterEv
FN:365,_ZNSt10unique_ptrINSt7__cxx1118basic_stringstreamIcSt11char_traitsIcESaIcEEESt14default_deleteIS5_EE11get_deleterEv
FNDA:0,_ZNSt10unique_ptrINSt7__cxx1118basic_stringstreamIcSt11char_traitsIcESaIcEEESt14default_deleteIS5_EE11get_deleterEv
DA:75,0
DA:81,0
DA:82,0
DA:75,0
DA:81,0
DA:82,0
DA:153,100023
DA:153,0
DA:154,0
DA:155,0
DA:155,0
DA:286,100023
DA:290,100023
DA:291,100023
DA:292,0
DA:293,100023
DA:294,100023
DA:286,0
DA:290,0
DA:291,0
DA:292,0
DA:293,0
DA:294,0
DA:352,0
DA:355,0
DA:360,0
DA:361,0
DA:365,0
DA:366,0
DA:365,0
DA:366,0
end_of_record
SF:/usr/include/c++/9/bits/stl_algobase.h
FN:198,_ZSt3minImERKT_S2_S2_
FNDA:1,_ZSt3minImERKT_S2_S2_
FN:222,_ZSt3maxImERKT_S2_S2_
FNDA:200064,_ZSt3maxImERKT_S2_S2_
FN:280,_ZSt12__niter_baseIPPxET_S2_
FNDA:0,_ZSt12__niter_baseIPPxET_S2_
FN:295,_ZSt12__niter_wrapIPPxET_RKS2_S2_
FNDA:0,_ZSt12__niter_wrapIPPxET_RKS2_S2_
FN:375,_ZNSt11__copy_moveILb0ELb1ESt26random_access_iterator_tagE8__copy_mIPxEEPT_PKS4_S7_S5_
FNDA:0,_ZNSt11__copy_moveILb0ELb1ESt26random_access_iterator_tagE8__copy_mIPxEEPT_PKS4_S7_S5_
FN:393,_ZSt13__copy_move_aILb0EPPxS1_ET1_T0_S3_S2_
FNDA:0,_ZSt13__copy_move_aILb0EPPxS1_ET1_T0_S3_S2_
FN:438,_ZSt14__copy_move_a2ILb0EPPxS1_ET1_T0_S3_S2_
FNDA:0,_ZSt14__copy_move_a2ILb0EPPxS1_ET1_T0_S3_S2_
FN:465,_ZSt4copyIPPxS1_ET0_T_S3_S2_
FNDA:0,_ZSt4copyIPPxS1_ET0_T_S3_S2_
FN:577,_ZNSt20__copy_move_backwardILb0ELb1ESt26random_access_iterator_tagE13__copy_move_bIPxEEPT_PKS4_S7_S5_
FNDA:0,_ZNSt20__copy_move_backwardILb0ELb1ESt26random_access_iterator_tagE13__copy_move_bIPxEEPT_PKS4_S7_S5_
FN:595,_ZSt22__copy_move_backward_aILb0EPPxS1_ET1_T0_S3_S2_
FNDA:0,_ZSt22__copy_move_backward_aILb0EPPxS1_ET1_T0_S3_S2_
FN:613,_ZSt23__copy_move_backward_a2ILb0EPPxS1_ET1_T0_S3_S2_
FNDA:0,_ZSt23__copy_move_backward_a2ILb0EPPxS1_ET1_T0_S3_S2_
FN:641,_ZSt13copy_backwardIPPxS1_ET0_T_S3_S2_
FNDA:0,_ZSt13copy_backwardIPPxS1_ET0_T_S3_S2_
DA:198,1
DA:203,1
DA:204,0
DA:205,1
DA:222,200064
DA:227,200064
DA:228,0
DA:229,200064
DA:280,0
DA:282,0
DA:295,0
DA:296,0
DA:375,0
DA:384,0
DA:385,0
DA:386,0
DA:387,0
DA:393,0
DA:398,0
DA:404,0
DA:438,0
DA:440,0
DA:443,0
DA:465,0
DA:474,0
DA:577,0
DA:586,0
DA:587,0
DA:588,0
DA:589,0
DA:595,0
DA:600,0
DA:606,0
DA:608,0
DA:613,0
DA:615,0
DA:618,0
DA:641,0
DA:652,0
end_of_record
SF:/usr/include/gtest/gtest.h
FN:312,_ZNK7testing15AssertionResultcvbEv
FNDA:100023,_ZNK7testing15AssertionResultcvbEv
FN:321,_ZNK7testing15AssertionResult7messageEv
FNDA:0,_ZNK7testing15AssertionResult7messageEv
FN:325,_ZNK7testing15AssertionResult15failure_messageEv
FNDA:0,_ZNK7testing15AssertionResult15failure_messageEv
FN:417,_ZN7testing4Test14SetUpTestSuiteEv
FNDA:0,_ZN7testing4Test14SetUpTestSuiteEv
FN:427,_ZN7testing4Test17TearDownTestSuiteEv
FNDA:0,_ZN7testing4Test17TearDownTestSuiteEv
FN:431,_ZN7testing4Test16TearDownTestCaseEv
FNDA:0,_ZN7testing4Test16TearDownTestCaseEv
FN:432,_ZN7testing4Test13SetUpTestCaseEv
FNDA:0,_ZN7testing4Test13SetUpTestCaseEv
FN:513,_ZN7testing4Test5SetupEv
FNDA:0,_ZN7testing4Test5SetupEv
FN:1504,_ZN7testing8internal18CmpHelperEQFailureINSt7__cxx1112basic_stringIcSt11char_traitsIcESaIcEEES7_EENS_15AssertionResultEPKcSA_RKT_RKT0_
FNDA:0,_ZN7testing8internal18CmpHelperEQFailureINSt7__cxx1112basic_stringIcSt11char_traitsIcESaIcEEES7_EENS_15AssertionResultEPKcSA_RKT_RKT0_
FN:1523,_ZN7testing8internal11CmpHelperEQINSt7__cxx1112basic_stringIcSt11char_traitsIcESaIcEEES7_EENS_15AssertionResultEPKcSA_RKT_RKT0_
FNDA:100023,_ZN7testing8internal11CmpHelperEQINSt7__cxx1112basic_stringIcSt11char_traitsIcESaIcEEES7_EENS_15AssertionResultEPKcSA_RKT_RKT0_
FN:1551,_ZN7testing8internal8EqHelper7CompareINSt7__cxx1112basic_stringIcSt11char_traitsIcESaIcEEES8_LPv0EEENS_15AssertionResultEPKcSC_RKT_RKT0_
FNDA:100023,_ZN7testing8internal8EqHelper7CompareINSt7__cxx1112basic_stringIcSt11char_traitsIcESaIcEEES8_LPv0EEENS_15AssertionResultEPKcSC_RKT_RKT0_
FN:2472,_Z13RUN_ALL_TESTSv
FNDA:1,_Z13RUN_ALL_TESTSv
DA:312,100023
DA:321,0
DA:322,0
DA:325,0
DA:417,0
DA:427,0
DA:431,0
DA:432,0
DA:513,0
DA:1504,0
DA:1511,0
DA:1523,100023
DA:1527,100023
DA:1528,100023
DA:1531,0
DA:1551,100023
DA:1554,100023
DA:2472,1
DA:2473,1
end_of_record
SF:/home/macsia/Project_cpp/21201_polukhin/Interpreter/Interpreter.cpp
FN:5,_ZN11Interpreter12process_fileERSt14basic_ifstreamIcSt11char_traitsIcEE
FNDA:1,_ZN11Interpreter12process_fileERSt14basic_ifstreamIcSt11char_traitsIcEE
FN:15,_ZN11Interpreter12process_textERNSt7__cxx1118basic_stringstreamIcSt11char_traitsIcESaIcEEE
FNDA:200125,_ZN11Interpreter12process_textERNSt7__cxx1118basic_stringstreamIcSt11char_traitsIcESaIcEEE
FN:22,_ZN11Interpreter10categorizeENSt7__cxx1112basic_stringIcSt11char_traitsIcESaIcEEE
FNDA:200205,_ZN11Interpreter10categorizeENSt7__cxx1112basic_stringIcSt11char_traitsIcESaIcEEE
FN:48,_ZN11Interpreter12process_wordENSt7__cxx1112basic_stringIcSt11char_traitsIcESaIcEEERNS0_18basic_stringstreamIcS3_S4_EE
FNDA:200205,_ZN11Interpreter12process_wordENSt7__cxx1112basic_stringIcSt11char_traitsIcESaIcEEERNS0_18basic_stringstreamIcS3_S4_EE
FN:78,_ZN11Interpreter12use_functionENSt7__cxx1112basic_stringIcSt11char_traitsIcESaIcEEERNS0_18basic_stringstreamIcS3_S4_EE
FNDA:100098,_ZN11Interpreter12use_functionENSt7__cxx1112basic_stringIcSt11char_traitsIcESaIcEEERNS0_18basic_stringstreamIcS3_S4_EE
FN:86,_ZN11Interpreter17add_mine_functionERNSt7__cxx1118basic_stringstreamIcSt11char_traitsIcESaIcEEE
FNDA:1,_ZN11Interpreter17add_mine_functionERNSt7__cxx1118basic_stringstreamIcSt11char_traitsIcESaIcEEE
FN:96,_ZN11Interpreter17use_mine_functionENSt7__cxx1112basic_stringIcSt11char_traitsIcESaIcEEE
FNDA:2,_ZN11Interpreter17use_mine_functionENSt7__cxx1112basic_stringIcSt11char_traitsIcESaIcEEE
FN:104,_ZN11Interpreter12add_variableERNSt7__cxx1118basic_stringstreamIcSt11char_traitsIcESaIcEEE
FNDA:1,_ZN11Interpreter12add_variableERNSt7__cxx1118basic_stringstreamIcSt11char_traitsIcESaIcEEE
FN:112,_ZN11Interpreter12use_variableENSt7__cxx1112basic_stringIcSt11char_traitsIcESaIcEEE
FNDA:3,_ZN11Interpreter12use_variableENSt7__cxx1112basic_stringIcSt11char_traitsIcESaIcEEE
DA:5,1
DA:7,1
DA:8,2
DA:9,2
DA:10,2
DA:11,1
DA:12,1
DA:13,1
DA:15,200125
DA:17,400250
DA:18,400321
DA:19,200214
DA:20,200116
DA:22,200205
DA:24,200205
DA:25,1
DA:26,1200220
DA:28,1200220
DA:29,100000
DA:30,1100220
DA:31,100107
DA:32,1000110
DA:33,100098
DA:35,100107
DA:36,1
DA:37,100106
DA:38,1
DA:39,100105
DA:40,100098
DA:41,7
DA:42,2
DA:43,5
DA:44,3
DA:45,2
DA:48,200205
DA:50,200205
DA:52,100098
DA:53,100098
DA:54,100098
DA:55,100098
DA:56,100098
DA:57,100105
DA:58,100091
DA:59,1
DA:60,1
DA:61,1
DA:62,3
DA:63,3
DA:64,3
DA:65,1
DA:66,1
DA:67,1
DA:68,2
DA:69,2
DA:70,2
DA:71,2
DA:72,2
DA:73,2
DA:76,200196
DA:78,100098
DA:80,100098
DA:81,200196
DA:82,100098
DA:83,100091
DA:84,100091
DA:86,1
DA:88,2
DA:89,1
DA:90,1
DA:91,1
DA:92,1
DA:93,1
DA:94,1
DA:96,2
DA:98,4
DA:99,2
DA:100,2
DA:101,2
DA:102,2
DA:104,1
DA:106,1
DA:107,1
DA:108,1
DA:109,1
DA:110,1
DA:112,3
DA:114,3
DA:115,3
DA:116,3
end_of_record
