TN:
SF:/usr/include/c++/9/tuple
FN:76,_ZNSt10_Head_baseILm1ESt14default_deleteINSt7__cxx1112basic_stringIcSt11char_traitsIcESaIcEEEELb1EEC2Ev
FNDA:75107,_ZNSt10_Head_baseILm1ESt14default_deleteINSt7__cxx1112basic_stringIcSt11char_traitsIcESaIcEEEELb1EEC2Ev
FN:113,_ZNSt10_Head_baseILm1ESt14default_deleteINSt7__cxx1118basic_stringstreamIcSt11char_traitsIcESaIcEEEELb1EE7_M_headERS8_
FNDA:0,_ZNSt10_Head_baseILm1ESt14default_deleteINSt7__cxx1118basic_stringstreamIcSt11char_traitsIcESaIcEEEELb1EE7_M_headERS8_
FN:113,_ZNSt10_Head_baseILm1ESt14default_deleteINSt7__cxx1112basic_stringIcSt11char_traitsIcESaIcEEEELb1EE7_M_headERS8_
FNDA:0,_ZNSt10_Head_baseILm1ESt14default_deleteINSt7__cxx1112basic_stringIcSt11char_traitsIcESaIcEEEELb1EE7_M_headERS8_
FN:122,_ZNSt10_Head_baseILm0EPNSt7__cxx1112basic_stringIcSt11char_traitsIcESaIcEEELb0EEC2Ev
FNDA:75107,_ZNSt10_Head_baseILm0EPNSt7__cxx1112basic_stringIcSt11char_traitsIcESaIcEEELb0EEC2Ev
FN:160,_ZNSt10_Head_baseILm0EPNSt7__cxx1112basic_stringIcSt11char_traitsIcESaIcEEELb0EE7_M_headERS7_
FNDA:125119,_ZNSt10_Head_baseILm0EPNSt7__cxx1112basic_stringIcSt11char_traitsIcESaIcEEELb0EE7_M_headERS7_
FN:160,_ZNSt10_Head_baseILm0EPNSt7__cxx1118basic_stringstreamIcSt11char_traitsIcESaIcEEELb0EE7_M_headERS7_
FNDA:0,_ZNSt10_Head_baseILm0EPNSt7__cxx1118basic_stringstreamIcSt11char_traitsIcESaIcEEELb0EE7_M_headERS7_
FN:163,_ZNSt10_Head_baseILm0EPNSt7__cxx1112basic_stringIcSt11char_traitsIcESaIcEEELb0EE7_M_headERKS7_
FNDA:0,_ZNSt10_Head_baseILm0EPNSt7__cxx1112basic_stringIcSt11char_traitsIcESaIcEEELb0EE7_M_headERKS7_
FN:195,_ZNSt11_Tuple_implILm0EJPNSt7__cxx1118basic_stringstreamIcSt11char_traitsIcESaIcEEESt14default_deleteIS5_EEE7_M_headERS9_
FNDA:0,_ZNSt11_Tuple_implILm0EJPNSt7__cxx1118basic_stringstreamIcSt11char_traitsIcESaIcEEESt14default_deleteIS5_EEE7_M_headERS9_
FN:195,_ZNSt11_Tuple_implILm0EJPNSt7__cxx1112basic_stringIcSt11char_traitsIcESaIcEEESt14default_deleteIS5_EEE7_M_headERS9_
FNDA:125119,_ZNSt11_Tuple_implILm0EJPNSt7__cxx1112basic_stringIcSt11char_traitsIcESaIcEEESt14default_deleteIS5_EEE7_M_headERS9_
FN:198,_ZNSt11_Tuple_implILm0EJPNSt7__cxx1112basic_stringIcSt11char_traitsIcESaIcEEESt14default_deleteIS5_EEE7_M_headERKS9_
FNDA:0,_ZNSt11_Tuple_implILm0EJPNSt7__cxx1112basic_stringIcSt11char_traitsIcESaIcEEESt14default_deleteIS5_EEE7_M_headERKS9_
FN:206,_ZNSt11_Tuple_implILm0EJPNSt7__cxx1112basic_stringIcSt11char_traitsIcESaIcEEESt14default_deleteIS5_EEEC2Ev
FNDA:75107,_ZNSt11_Tuple_implILm0EJPNSt7__cxx1112basic_stringIcSt11char_traitsIcESaIcEEESt14default_deleteIS5_EEEC2Ev
FN:334,_ZNSt11_Tuple_implILm1EJSt14default_deleteINSt7__cxx1118basic_stringstreamIcSt11char_traitsIcESaIcEEEEEE7_M_headERS8_
FNDA:0,_ZNSt11_Tuple_implILm1EJSt14default_deleteINSt7__cxx1118basic_stringstreamIcSt11char_traitsIcESaIcEEEEEE7_M_headERS8_
FN:334,_ZNSt11_Tuple_implILm1EJSt14default_deleteINSt7__cxx1112basic_stringIcSt11char_traitsIcESaIcEEEEEE7_M_headERS8_
FNDA:0,_ZNSt11_Tuple_implILm1EJSt14default_deleteINSt7__cxx1112basic_stringIcSt11char_traitsIcESaIcEEEEEE7_M_headERS8_
FN:339,_ZNSt11_Tuple_implILm1EJSt14default_deleteINSt7__cxx1112basic_stringIcSt11char_traitsIcESaIcEEEEEEC2Ev
FNDA:75107,_ZNSt11_Tuple_implILm1EJSt14default_deleteINSt7__cxx1112basic_stringIcSt11char_traitsIcESaIcEEEEEEC2Ev
FN:918,_ZNSt5tupleIJPNSt7__cxx1112basic_stringIcSt11char_traitsIcESaIcEEESt14default_deleteIS5_EEEC2IS6_S8_Lb1EEEv
FNDA:75107,_ZNSt5tupleIJPNSt7__cxx1112basic_stringIcSt11char_traitsIcESaIcEEESt14default_deleteIS5_EEEC2IS6_S8_Lb1EEEv
FN:1309,_ZSt12__get_helperILm1ESt14default_deleteINSt7__cxx1112basic_stringIcSt11char_traitsIcESaIcEEEEJEERT0_RSt11_Tuple_implIXT_EJS8_DpT1_EE
FNDA:0,_ZSt12__get_helperILm1ESt14default_deleteINSt7__cxx1112basic_stringIcSt11char_traitsIcESaIcEEEEJEERT0_RSt11_Tuple_implIXT_EJS8_DpT1_EE
FN:1309,_ZSt12__get_helperILm1ESt14default_deleteINSt7__cxx1118basic_stringstreamIcSt11char_traitsIcESaIcEEEEJEERT0_RSt11_Tuple_implIXT_EJS8_DpT1_EE
FNDA:0,_ZSt12__get_helperILm1ESt14default_deleteINSt7__cxx1118basic_stringstreamIcSt11char_traitsIcESaIcEEEEJEERT0_RSt11_Tuple_implIXT_EJS8_DpT1_EE
FN:1309,_ZSt12__get_helperILm0EPNSt7__cxx1112basic_stringIcSt11char_traitsIcESaIcEEEJSt14default_deleteIS5_EEERT0_RSt11_Tuple_implIXT_EJS9_DpT1_EE
FNDA:125119,_ZSt12__get_helperILm0EPNSt7__cxx1112basic_stringIcSt11char_traitsIcESaIcEEEJSt14default_deleteIS5_EEERT0_RSt11_Tuple_implIXT_EJS9_DpT1_EE
FN:1309,_ZSt12__get_helperILm0EPNSt7__cxx1118basic_stringstreamIcSt11char_traitsIcESaIcEEEJSt14default_deleteIS5_EEERT0_RSt11_Tuple_implIXT_EJS9_DpT1_EE
FNDA:0,_ZSt12__get_helperILm0EPNSt7__cxx1118basic_stringstreamIcSt11char_traitsIcESaIcEEEJSt14default_deleteIS5_EEERT0_RSt11_Tuple_implIXT_EJS9_DpT1_EE
FN:1314,_ZSt12__get_helperILm0EPNSt7__cxx1112basic_stringIcSt11char_traitsIcESaIcEEEJSt14default_deleteIS5_EEERKT0_RKSt11_Tuple_implIXT_EJS9_DpT1_EE
FNDA:0,_ZSt12__get_helperILm0EPNSt7__cxx1112basic_stringIcSt11char_traitsIcESaIcEEEJSt14default_deleteIS5_EEERKT0_RKSt11_Tuple_implIXT_EJS9_DpT1_EE
FN:1320,_ZSt3getILm1EJPNSt7__cxx1112basic_stringIcSt11char_traitsIcESaIcEEESt14default_deleteIS5_EEERNSt13tuple_elementIXT_ESt5tupleIJDpT0_EEE4typeERSD_
FNDA:0,_ZSt3getILm1EJPNSt7__cxx1112basic_stringIcSt11char_traitsIcESaIcEEESt14default_deleteIS5_EEERNSt13tuple_elementIXT_ESt5tupleIJDpT0_EEE4typeERSD_
FN:1320,_ZSt3getILm1EJPNSt7__cxx1118basic_stringstreamIcSt11char_traitsIcESaIcEEESt14default_deleteIS5_EEERNSt13tuple_elementIXT_ESt5tupleIJDpT0_EEE4typeERSD_
FNDA:0,_ZSt3getILm1EJPNSt7__cxx1118basic_stringstreamIcSt11char_traitsIcESaIcEEESt14default_deleteIS5_EEERNSt13tuple_elementIXT_ESt5tupleIJDpT0_EEE4typeERSD_
FN:1320,_ZSt3getILm0EJPNSt7__cxx1112basic_stringIcSt11char_traitsIcESaIcEEESt14default_deleteIS5_EEERNSt13tuple_elementIXT_ESt5tupleIJDpT0_EEE4typeERSD_
FNDA:125119,_ZSt3getILm0EJPNSt7__cxx1112basic_stringIcSt11char_traitsIcESaIcEEESt14default_deleteIS5_EEERNSt13tuple_elementIXT_ESt5tupleIJDpT0_EEE4typeERSD_
FN:1320,_ZSt3getILm0EJPNSt7__cxx1118basic_stringstreamIcSt11char_traitsIcESaIcEEESt14default_deleteIS5_EEERNSt13tuple_elementIXT_ESt5tupleIJDpT0_EEE4typeERSD_
FNDA:0,_ZSt3getILm0EJPNSt7__cxx1118basic_stringstreamIcSt11char_traitsIcESaIcEEESt14default_deleteIS5_EEERNSt13tuple_elementIXT_ESt5tupleIJDpT0_EEE4typeERSD_
FN:1326,_ZSt3getILm0EJPNSt7__cxx1112basic_stringIcSt11char_traitsIcESaIcEEESt14default_deleteIS5_EEERKNSt13tuple_elementIXT_ESt5tupleIJDpT0_EEE4typeERKSD_
FNDA:0,_ZSt3getILm0EJPNSt7__cxx1112basic_stringIcSt11char_traitsIcESaIcEEESt14default_deleteIS5_EEERKNSt13tuple_elementIXT_ESt5tupleIJDpT0_EEE4typeERKSD_
DA:76,75107
DA:77,75107
DA:113,0
DA:113,0
DA:122,75107
DA:123,75107
DA:160,125119
DA:160,0
DA:163,0
DA:195,125119
DA:195,0
DA:198,0
DA:206,75107
DA:207,75107
DA:334,0
DA:334,0
DA:339,75107
DA:340,75107
DA:918,75107
DA:919,75107
DA:1309,0
DA:1310,0
DA:1309,0
DA:1310,0
DA:1309,125119
DA:1310,125119
DA:1309,0
DA:1310,0
DA:1314,0
DA:1315,0
DA:1320,0
DA:1321,0
DA:1320,0
DA:1321,0
DA:1320,125119
DA:1321,125119
DA:1320,0
DA:1321,0
DA:1326,0
DA:1327,0
end_of_record
SF:/usr/include/c++/9/ext/new_allocator.h
FN:80,_ZN9__gnu_cxx13new_allocatorIcEC2Ev
FNDA:0,_ZN9__gnu_cxx13new_allocatorIcEC2Ev
FN:83,_ZN9__gnu_cxx13new_allocatorIcEC2ERKS1_
FNDA:0,_ZN9__gnu_cxx13new_allocatorIcEC2ERKS1_
FN:89,_ZN9__gnu_cxx13new_allocatorIcED2Ev
FNDA:0,_ZN9__gnu_cxx13new_allocatorIcED2Ev
DA:80,0
DA:83,0
DA:89,0
end_of_record
SF:/usr/include/c++/9/bits/stl_iterator_base_types.h
FN:205,_ZSt19__iterator_categoryIPcENSt15iterator_traitsIT_E17iterator_categoryERKS2_
FNDA:0,_ZSt19__iterator_categoryIPcENSt15iterator_traitsIT_E17iterator_categoryERKS2_
FN:205,_ZSt19__iterator_categoryIPKcENSt15iterator_traitsIT_E17iterator_categoryERKS3_
FNDA:0,_ZSt19__iterator_categoryIPKcENSt15iterator_traitsIT_E17iterator_categoryERKS3_
DA:205,0
DA:206,0
DA:205,0
DA:206,0
end_of_record
SF:/usr/include/c++/9/bits/char_traits.h
FN:329,_ZNSt11char_traitsIcE6lengthEPKc
FNDA:0,_ZNSt11char_traitsIcE6lengthEPKc
DA:329,0
DA:335,0
end_of_record
SF:/usr/include/c++/9/ext/type_traits.h
FN:152,_ZN9__gnu_cxx17__is_null_pointerIcEEbPT_
FNDA:0,_ZN9__gnu_cxx17__is_null_pointerIcEEbPT_
FN:152,_ZN9__gnu_cxx17__is_null_pointerIKcEEbPT_
FNDA:0,_ZN9__gnu_cxx17__is_null_pointerIKcEEbPT_
DA:152,0
DA:153,0
DA:152,0
DA:153,0
end_of_record
SF:/usr/include/c++/9/bits/alloc_traits.h
FN:514,_ZNSt16allocator_traitsISaIcEE37select_on_container_copy_constructionERKS0_
FNDA:0,_ZNSt16allocator_traitsISaIcEE37select_on_container_copy_constructionERKS0_
DA:514,0
DA:515,0
end_of_record
SF:/usr/include/c++/9/bits/stl_pair.h
FN:229,_ZNSt4pairI3keyiEC2IS0_iLb1EEEv
FNDA:200636000,_ZNSt4pairI3keyiEC2IS0_iLb1EEEv
FN:260,_ZNSt4pairI3keyiEC2IS0_iLb1EEERKS0_RKi
FNDA:41202,_ZNSt4pairI3keyiEC2IS0_iLb1EEERKS0_RKi
FN:378,_ZNSt4pairI3keyiEaSERKS1_
FNDA:91197,_ZNSt4pairI3keyiEaSERKS1_
FN:389,_ZNSt4pairI3keyiEaSEOS1_
FNDA:251010000,_ZNSt4pairI3keyiEaSEOS1_
FN:448,_ZSteqI3keyiEbRKSt4pairIT_T0_ES6_
FNDA:19998,_ZSteqI3keyiEbRKSt4pairIT_T0_ES6_
FN:461,_ZStneI3keyiEbRKSt4pairIT_T0_ES6_
FNDA:19998,_ZStneI3keyiEbRKSt4pairIT_T0_ES6_
FN:524,_ZSt9make_pairIRK3keyRKiESt4pairINSt17__decay_and_stripIT_E6__typeENS6_IT0_E6__typeEEOS7_OSA_
FNDA:41202,_ZSt9make_pairIRK3keyRKiESt4pairINSt17__decay_and_stripIT_E6__typeENS6_IT0_E6__typeEEOS7_OSA_
DA:229,200636000
DA:230,200636000
DA:260,41202
DA:261,41202
DA:378,91197
DA:383,91197
DA:384,91197
DA:385,91197
DA:389,251010000
DA:396,251010000
DA:397,251010000
DA:398,251010000
DA:448,19998
DA:449,19998
DA:461,19998
DA:462,19998
DA:524,41202
DA:529,41202
end_of_record
SF:/usr/include/gtest/gtest-message.h
end_of_record
SF:/usr/include/c++/9/bits/basic_string.h
FN:243,_ZNSt7__cxx1112basic_stringIcSt11char_traitsIcESaIcEE16_M_construct_auxIPcEEvT_S7_St12__false_type
FNDA:0,_ZNSt7__cxx1112basic_stringIcSt11char_traitsIcESaIcEE16_M_construct_auxIPcEEvT_S7_St12__false_type
FN:243,_ZNSt7__cxx1112basic_stringIcSt11char_traitsIcESaIcEE16_M_construct_auxIPKcEEvT_S8_St12__false_type
FNDA:0,_ZNSt7__cxx1112basic_stringIcSt11char_traitsIcESaIcEE16_M_construct_auxIPKcEEvT_S8_St12__false_type
FN:263,_ZNSt7__cxx1112basic_stringIcSt11char_traitsIcESaIcEE12_M_constructIPcEEvT_S7_
FNDA:0,_ZNSt7__cxx1112basic_stringIcSt11char_traitsIcESaIcEE12_M_constructIPcEEvT_S7_
FN:263,_ZNSt7__cxx1112basic_stringIcSt11char_traitsIcESaIcEE12_M_constructIPKcEEvT_S8_
FNDA:0,_ZNSt7__cxx1112basic_stringIcSt11char_traitsIcESaIcEE12_M_constructIPKcEEvT_S8_
DA:243,0
DA:247,0
DA:248,0
DA:243,0
DA:247,0
DA:248,0
DA:263,0
DA:266,0
DA:267,0
DA:263,0
DA:266,0
DA:267,0
end_of_record
SF:/usr/include/c++/9/bits/unique_ptr.h
FN:75,_ZNKSt14default_deleteINSt7__cxx1112basic_stringIcSt11char_traitsIcESaIcEEEEclEPS5_
FNDA:0,_ZNKSt14default_deleteINSt7__cxx1112basic_stringIcSt11char_traitsIcESaIcEEEEclEPS5_
FN:75,_ZNKSt14default_deleteINSt7__cxx1118basic_stringstreamIcSt11char_traitsIcESaIcEEEEclEPS5_
FNDA:0,_ZNKSt14default_deleteINSt7__cxx1118basic_stringstreamIcSt11char_traitsIcESaIcEEEEclEPS5_
FN:146,_ZNSt15__uniq_ptr_implINSt7__cxx1112basic_stringIcSt11char_traitsIcESaIcEEESt14default_deleteIS5_EEC2Ev
FNDA:75107,_ZNSt15__uniq_ptr_implINSt7__cxx1112basic_stringIcSt11char_traitsIcESaIcEEESt14default_deleteIS5_EEC2Ev
FN:153,_ZNSt15__uniq_ptr_implINSt7__cxx1112basic_stringIcSt11char_traitsIcESaIcEEESt14default_deleteIS5_EE6_M_ptrEv
FNDA:125119,_ZNSt15__uniq_ptr_implINSt7__cxx1112basic_stringIcSt11char_traitsIcESaIcEEESt14default_deleteIS5_EE6_M_ptrEv
FN:153,_ZNSt15__uniq_ptr_implINSt7__cxx1118basic_stringstreamIcSt11char_traitsIcESaIcEEESt14default_deleteIS5_EE6_M_ptrEv
FNDA:0,_ZNSt15__uniq_ptr_implINSt7__cxx1118basic_stringstreamIcSt11char_traitsIcESaIcEEESt14default_deleteIS5_EE6_M_ptrEv
FN:154,_ZNKSt15__uniq_ptr_implINSt7__cxx1112basic_stringIcSt11char_traitsIcESaIcEEESt14default_deleteIS5_EE6_M_ptrEv
FNDA:0,_ZNKSt15__uniq_ptr_implINSt7__cxx1112basic_stringIcSt11char_traitsIcESaIcEEESt14default_deleteIS5_EE6_M_ptrEv
FN:155,_ZNSt15__uniq_ptr_implINSt7__cxx1112basic_stringIcSt11char_traitsIcESaIcEEESt14default_deleteIS5_EE10_M_deleterEv
FNDA:0,_ZNSt15__uniq_ptr_implINSt7__cxx1112basic_stringIcSt11char_traitsIcESaIcEEESt14default_deleteIS5_EE10_M_deleterEv
FN:155,_ZNSt15__uniq_ptr_implINSt7__cxx1118basic_stringstreamIcSt11char_traitsIcESaIcEEESt14default_deleteIS5_EE10_M_deleterEv
FNDA:0,_ZNSt15__uniq_ptr_implINSt7__cxx1118basic_stringstreamIcSt11char_traitsIcESaIcEEESt14default_deleteIS5_EE10_M_deleterEv
FN:199,_ZNSt10unique_ptrINSt7__cxx1112basic_stringIcSt11char_traitsIcESaIcEEESt14default_deleteIS5_EEC2IS7_vEEv
FNDA:75107,_ZNSt10unique_ptrINSt7__cxx1112basic_stringIcSt11char_traitsIcESaIcEEESt14default_deleteIS5_EEC2IS7_vEEv
FN:286,_ZNSt10unique_ptrINSt7__cxx1112basic_stringIcSt11char_traitsIcESaIcEEESt14default_deleteIS5_EED2Ev
FNDA:125119,_ZNSt10unique_ptrINSt7__cxx1112basic_stringIcSt11char_traitsIcESaIcEEESt14default_deleteIS5_EED2Ev
FN:286,_ZNSt10unique_ptrINSt7__cxx1118basic_stringstreamIcSt11char_traitsIcESaIcEEESt14default_deleteIS5_EED2Ev
FNDA:0,_ZNSt10unique_ptrINSt7__cxx1118basic_stringstreamIcSt11char_traitsIcESaIcEEESt14default_deleteIS5_EED2Ev
FN:352,_ZNKSt10unique_ptrINSt7__cxx1112basic_stringIcSt11char_traitsIcESaIcEEESt14default_deleteIS5_EEptEv
FNDA:0,_ZNKSt10unique_ptrINSt7__cxx1112basic_stringIcSt11char_traitsIcESaIcEEESt14default_deleteIS5_EEptEv
FN:360,_ZNKSt10unique_ptrINSt7__cxx1112basic_stringIcSt11char_traitsIcESaIcEEESt14default_deleteIS5_EE3getEv
FNDA:0,_ZNKSt10unique_ptrINSt7__cxx1112basic_stringIcSt11char_traitsIcESaIcEEESt14default_deleteIS5_EE3getEv
FN:365,_ZNSt10unique_ptrINSt7__cxx1112basic_stringIcSt11char_traitsIcESaIcEEESt14default_deleteIS5_EE11get_deleterEv
FNDA:0,_ZNSt10unique_ptrINSt7__cxx1112basic_stringIcSt11char_traitsIcESaIcEEESt14default_deleteIS5_EE11get_deleterEv
FN:365,_ZNSt10unique_ptrINSt7__cxx1118basic_stringstreamIcSt11char_traitsIcESaIcEEESt14default_deleteIS5_EE11get_deleterEv
FNDA:0,_ZNSt10unique_ptrINSt7__cxx1118basic_stringstreamIcSt11char_traitsIcESaIcEEESt14default_deleteIS5_EE11get_deleterEv
DA:75,0
DA:81,0
DA:82,0
DA:75,0
DA:81,0
DA:82,0
DA:146,75107
DA:153,125119
DA:153,0
DA:154,0
DA:155,0
DA:155,0
DA:199,75107
DA:200,75107
DA:201,75107
DA:286,125119
DA:290,125119
DA:291,125119
DA:292,0
DA:293,125119
DA:294,125119
DA:286,0
DA:290,0
DA:291,0
DA:292,0
DA:293,0
DA:294,0
DA:352,0
DA:355,0
DA:360,0
DA:361,0
DA:365,0
DA:366,0
DA:365,0
DA:366,0
end_of_record
SF:/usr/include/c++/9/bits/move.h
FN:74,_ZSt7forwardIiEOT_RNSt16remove_referenceIS0_E4typeE
FNDA:251010000,_ZSt7forwardIiEOT_RNSt16remove_referenceIS0_E4typeE
FN:74,_ZSt7forwardI3keyEOT_RNSt16remove_referenceIS1_E4typeE
FNDA:251010000,_ZSt7forwardI3keyEOT_RNSt16remove_referenceIS1_E4typeE
FN:74,_ZSt7forwardIRKiEOT_RNSt16remove_referenceIS2_E4typeE
FNDA:41202,_ZSt7forwardIRKiEOT_RNSt16remove_referenceIS2_E4typeE
FN:74,_ZSt7forwardIRK3keyEOT_RNSt16remove_referenceIS3_E4typeE
FNDA:41202,_ZSt7forwardIRK3keyEOT_RNSt16remove_referenceIS3_E4typeE
FN:99,_ZSt4moveIRSt4pairI3keyiEEONSt16remove_referenceIT_E4typeEOS5_
FNDA:251010000,_ZSt4moveIRSt4pairI3keyiEEONSt16remove_referenceIT_E4typeEOS5_
FN:99,_ZSt4moveIR11mine_vectorISt4pairI3keyiEEEONSt16remove_referenceIT_E4typeEOS7_
FNDA:7,_ZSt4moveIR11mine_vectorISt4pairI3keyiEEEONSt16remove_referenceIT_E4typeEOS7_
FN:99,_ZSt4moveIRPNSt7__cxx1112basic_stringIcSt11char_traitsIcESaIcEEEEONSt16remove_referenceIT_E4typeEOS9_
FNDA:0,_ZSt4moveIRPNSt7__cxx1112basic_stringIcSt11char_traitsIcESaIcEEEEONSt16remove_referenceIT_E4typeEOS9_
FN:99,_ZSt4moveIRPNSt7__cxx1118basic_stringstreamIcSt11char_traitsIcESaIcEEEEONSt16remove_referenceIT_E4typeEOS9_
FNDA:0,_ZSt4moveIRPNSt7__cxx1118basic_stringstreamIcSt11char_traitsIcESaIcEEEEONSt16remove_referenceIT_E4typeEOS9_
FN:99,_ZSt4moveIRSaIcEEONSt16remove_referenceIT_E4typeEOS3_
FNDA:0,_ZSt4moveIRSaIcEEONSt16remove_referenceIT_E4typeEOS3_
FN:99,_ZSt4moveIR7FlatMapI3keyiEEONSt16remove_referenceIT_E4typeEOS5_
FNDA:7,_ZSt4moveIR7FlatMapI3keyiEEONSt16remove_referenceIT_E4typeEOS5_
DA:74,251010000
DA:75,251010000
DA:74,251010000
DA:75,251010000
DA:74,41202
DA:75,41202
DA:74,41202
DA:75,41202
DA:99,251010000
DA:100,251010000
DA:99,7
DA:100,7
DA:99,0
DA:100,0
DA:99,0
DA:100,0
DA:99,0
DA:100,0
DA:99,7
DA:100,7
end_of_record
SF:/usr/include/c++/9/bits/stl_iterator_base_funcs.h
FN:98,_ZSt10__distanceIPcENSt15iterator_traitsIT_E15difference_typeES2_S2_St26random_access_iterator_tag
FNDA:0,_ZSt10__distanceIPcENSt15iterator_traitsIT_E15difference_typeES2_S2_St26random_access_iterator_tag
FN:98,_ZSt10__distanceIPKcENSt15iterator_traitsIT_E15difference_typeES3_S3_St26random_access_iterator_tag
FNDA:0,_ZSt10__distanceIPKcENSt15iterator_traitsIT_E15difference_typeES3_S3_St26random_access_iterator_tag
FN:138,_ZSt8distanceIPcENSt15iterator_traitsIT_E15difference_typeES2_S2_
FNDA:0,_ZSt8distanceIPcENSt15iterator_traitsIT_E15difference_typeES2_S2_
FN:138,_ZSt8distanceIPKcENSt15iterator_traitsIT_E15difference_typeES3_S3_
FNDA:0,_ZSt8distanceIPKcENSt15iterator_traitsIT_E15difference_typeES3_S3_
DA:98,0
DA:104,0
DA:98,0
DA:104,0
DA:138,0
DA:141,0
DA:142,0
DA:138,0
DA:141,0
DA:142,0
end_of_record
SF:/usr/include/c++/9/iostream
end_of_record
SF:/home/macsia/Project_cpp/Code/21201_polukhin/FlatMap/mine_vector.hpp
FN:14,_ZN11mine_vectorISt4pairI3keyiEEC2Ev
FNDA:14,_ZN11mine_vectorISt4pairI3keyiEEC2Ev
FN:25,_ZN11mine_vectorISt4pairI3keyiEEaSEOS3_
FNDA:7,_ZN11mine_vectorISt4pairI3keyiEEaSEOS3_
FN:32,_ZNK11mine_vectorISt4pairI3keyiEEixEi
FNDA:2248830,_ZNK11mine_vectorISt4pairI3keyiEEixEi
FN:35,_ZNK11mine_vectorISt4pairI3keyiEE5emptyEv
FNDA:200211,_ZNK11mine_vectorISt4pairI3keyiEE5emptyEv
FN:38,_ZNK11mine_vectorISt4pairI3keyiEE4sizeEv
FNDA:266305,_ZNK11mine_vectorISt4pairI3keyiEE4sizeEv
FN:41,_ZN11mine_vectorISt4pairI3keyiEE6resizeEj
FNDA:41221,_ZN11mine_vectorISt4pairI3keyiEE6resizeEj
FN:54,_ZN11mine_vectorISt4pairI3keyiEE5clearEv
FNDA:5,_ZN11mine_vectorISt4pairI3keyiEE5clearEv
FN:57,_ZN11mine_vectorISt4pairI3keyiEE5eraseEi
FNDA:2,_ZN11mine_vectorISt4pairI3keyiEE5eraseEi
FN:63,_ZN11mine_vectorISt4pairI3keyiEE6insertEiS2_
FNDA:41202,_ZN11mine_vectorISt4pairI3keyiEE6insertEiS2_
FN:70,_ZeqRK11mine_vectorISt4pairI3keyiEES5_
FNDA:4,_ZeqRK11mine_vectorISt4pairI3keyiEES5_
DA:14,14
DA:15,28
DA:16,14
DA:17,14
DA:25,7
DA:26,7
DA:27,3014
DA:28,3007
DA:30,7
DA:32,2248830
DA:33,2248830
DA:35,200211
DA:36,200211
DA:38,266305
DA:39,266305
DA:41,41221
DA:42,41221
DA:43,200677000
DA:44,200543000
DA:45,200501000
DA:47,41220
DA:48,41220
DA:49,41220
DA:54,5
DA:55,5
DA:56,5
DA:57,2
DA:58,2
DA:59,0
DA:61,2
DA:62,2
DA:63,41202
DA:64,41202
DA:65,50546700
DA:66,50505500
DA:68,41202
DA:69,41202
DA:70,4
DA:71,4
DA:72,20000
DA:73,19998
DA:75,2
end_of_record
SF:/home/macsia/Project_cpp/Code/21201_polukhin/FlatMap/Tests.cpp
FN:6,_ZN3keyC2Ev
FNDA:200636000,_ZN3keyC2Ev
FN:7,_ZN3keyC2Ei
FNDA:125103,_ZN3keyC2Ei
FN:8,_Zlt3keyS_
FNDA:1634010,_Zlt3keyS_
FN:11,_Zeq3keyS_
FNDA:350820,_Zeq3keyS_
FN:14,_Zne3keyS_
FNDA:50002,_Zne3keyS_
FN:19,_Z2f17FlatMapI3keyiE
FNDA:3,_Z2f17FlatMapI3keyiE
FN:27,_ZN17index1_first_TestC2Ev
FNDA:1,_ZN17index1_first_TestC2Ev
FN:27,_ZN17index1_first_Test8TestBodyEv
FNDA:1,_ZN17index1_first_Test8TestBodyEv
FN:48,_ZN17index2_first_TestC2Ev
FNDA:1,_ZN17index2_first_TestC2Ev
FN:48,_ZN17index2_first_Test8TestBodyEv
FNDA:1,_ZN17index2_first_Test8TestBodyEv
FN:62,_ZN17index3_first_TestC2Ev
FNDA:1,_ZN17index3_first_TestC2Ev
FN:62,_ZN17index3_first_Test8TestBodyEv
FNDA:1,_ZN17index3_first_Test8TestBodyEv
FN:76,_ZN20adressing_first_TestC2Ev
FNDA:1,_ZN20adressing_first_TestC2Ev
FN:76,_ZN20adressing_first_Test8TestBodyEv
FNDA:1,_ZN20adressing_first_Test8TestBodyEv
FN:100,_ZN15move_first_TestC2Ev
FNDA:1,_ZN15move_first_TestC2Ev
FN:100,_ZN15move_first_Test8TestBodyEv
FNDA:1,_ZN15move_first_Test8TestBodyEv
FN:139,main
FNDA:1,main
DA:6,200636000
DA:7,125103
DA:8,1634010
DA:9,1634010
DA:11,350820
DA:12,350820
DA:14,50002
DA:15,50002
DA:19,3
DA:20,3
DA:21,3
DA:22,3
DA:23,3
DA:24,3
DA:27,1
DA:28,1
DA:29,10000
DA:30,9999
DA:32,1
DA:33,1
DA:34,1
DA:35,1
DA:36,1
DA:37,1
DA:38,1
DA:39,1
DA:40,1
DA:41,1
DA:42,1
DA:43,1
DA:44,1
DA:45,1
DA:27,1
DA:48,1
DA:49,1
DA:50,1
DA:52,91
DA:53,90
DA:55,1
DA:56,1
DA:57,1
DA:58,1
DA:59,1
DA:48,1
DA:62,1
DA:63,1
DA:64,10000
DA:65,9999
DA:66,9999
DA:67,9999
DA:69,1
DA:70,0
DA:71,0
DA:72,0
DA:62,1
DA:76,1
DA:77,1
DA:78,10000
DA:79,9999
DA:80,9999
DA:81,9999
DA:82,9999
DA:83,9999
DA:84,9999
DA:85,9999
DA:87,1
DA:88,1
DA:89,10001
DA:90,10000
DA:91,10000
DA:93,1
DA:94,1
DA:95,1
DA:96,1
DA:97,1
DA:76,1
DA:100,1
DA:101,1
DA:102,1
DA:103,202
DA:104,201
DA:105,201
DA:107,202
DA:108,201
DA:110,1
DA:111,1002
DA:112,1001
DA:114,1002
DA:115,1001
DA:117,1
DA:118,202
DA:119,201
DA:121,1002
DA:122,1001
DA:124,1
DA:125,202
DA:126,201
DA:128,1002
DA:129,1001
DA:131,1
DA:132,1
DA:133,1
DA:134,202
DA:135,201
DA:100,1
DA:139,1
DA:140,1
DA:141,1
end_of_record
SF:/usr/include/c++/9/bits/basic_string.tcc
FN:206,_ZNSt7__cxx1112basic_stringIcSt11char_traitsIcESaIcEE12_M_constructIPcEEvT_S7_St20forward_iterator_tag
FNDA:0,_ZNSt7__cxx1112basic_stringIcSt11char_traitsIcESaIcEE12_M_constructIPcEEvT_S7_St20forward_iterator_tag
FN:206,_ZNSt7__cxx1112basic_stringIcSt11char_traitsIcESaIcEE12_M_constructIPKcEEvT_S8_St20forward_iterator_tag
FNDA:0,_ZNSt7__cxx1112basic_stringIcSt11char_traitsIcESaIcEE12_M_constructIPKcEEvT_S8_St20forward_iterator_tag
DA:206,0
DA:211,0
DA:212,0
DA:215,0
DA:217,0
DA:219,0
DA:220,0
DA:225,0
DA:226,0
DA:228,0
DA:229,0
DA:232,0
DA:233,0
DA:206,0
DA:211,0
DA:212,0
DA:215,0
DA:217,0
DA:219,0
DA:220,0
DA:225,0
DA:226,0
DA:228,0
DA:229,0
DA:232,0
DA:233,0
end_of_record
SF:/usr/include/gtest/internal/gtest-internal.h
FN:442,_ZN7testing8internal15TestFactoryBaseD0Ev
FNDA:0,_ZN7testing8internal15TestFactoryBaseD0Ev
FN:442,_ZN7testing8internal15TestFactoryBaseD2Ev
FNDA:5,_ZN7testing8internal15TestFactoryBaseD2Ev
FN:449,_ZN7testing8internal15TestFactoryBaseC2Ev
FNDA:5,_ZN7testing8internal15TestFactoryBaseC2Ev
FN:460,_ZN7testing8internal15TestFactoryImplI17index1_first_TestE10CreateTestEv
FNDA:1,_ZN7testing8internal15TestFactoryImplI17index1_first_TestE10CreateTestEv
FN:460,_ZN7testing8internal15TestFactoryImplI17index2_first_TestE10CreateTestEv
FNDA:1,_ZN7testing8internal15TestFactoryImplI17index2_first_TestE10CreateTestEv
FN:460,_ZN7testing8internal15TestFactoryImplI17index3_first_TestE10CreateTestEv
FNDA:1,_ZN7testing8internal15TestFactoryImplI17index3_first_TestE10CreateTestEv
FN:460,_ZN7testing8internal15TestFactoryImplI20adressing_first_TestE10CreateTestEv
FNDA:1,_ZN7testing8internal15TestFactoryImplI20adressing_first_TestE10CreateTestEv
FN:460,_ZN7testing8internal15TestFactoryImplI15move_first_TestE10CreateTestEv
FNDA:1,_ZN7testing8internal15TestFactoryImplI15move_first_TestE10CreateTestEv
FN:481,_ZN7testing8internal12CodeLocationC2ERKNSt7__cxx1112basic_stringIcSt11char_traitsIcESaIcEEEi
FNDA:5,_ZN7testing8internal12CodeLocationC2ERKNSt7__cxx1112basic_stringIcSt11char_traitsIcESaIcEEEi
FN:494,_ZN7testing8internal19GetNotDefaultOrNullEPFvvES2_
FNDA:20,_ZN7testing8internal19GetNotDefaultOrNullEPFvvES2_
FN:509,_ZN7testing8internal16SuiteApiResolverINS_4TestEE19GetSetUpCaseOrSuiteEPKci
FNDA:5,_ZN7testing8internal16SuiteApiResolverINS_4TestEE19GetSetUpCaseOrSuiteEPKci
FN:524,_ZN7testing8internal16SuiteApiResolverINS_4TestEE22GetTearDownCaseOrSuiteEPKci
FNDA:5,_ZN7testing8internal16SuiteApiResolverINS_4TestEE22GetTearDownCaseOrSuiteEPKci
DA:442,0
DA:442,5
DA:449,5
DA:460,1
DA:460,1
DA:460,1
DA:460,1
DA:460,1
DA:481,5
DA:482,5
DA:494,20
DA:496,20
DA:509,5
DA:512,5
DA:514,5
DA:516,5
DA:519,0
DA:521,5
DA:524,5
DA:527,5
DA:529,5
DA:531,5
DA:534,0
DA:536,5
end_of_record
SF:/home/macsia/Project_cpp/Code/21201_polukhin/FlatMap/FlatMap.hpp
FN:17,_ZNK7FlatMapI3keyiE15find_pos_of_keyERKS0_
FNDA:125104,_ZNK7FlatMapI3keyiE15find_pos_of_keyERKS0_
FN:28,_ZN7FlatMapI3keyiEC2Ev
FNDA:7,_ZN7FlatMapI3keyiEC2Ev
FN:31,_ZN7FlatMapI3keyiEC2ERKS1_
FNDA:4,_ZN7FlatMapI3keyiEC2ERKS1_
FN:38,_ZN7FlatMapI3keyiEC2EOS1_
FNDA:3,_ZN7FlatMapI3keyiEC2EOS1_
FN:42,_ZN7FlatMapI3keyiE4swapERS1_
FNDA:2,_ZN7FlatMapI3keyiE4swapERS1_
FN:48,_ZN7FlatMapI3keyiEaSERKS1_
FNDA:1,_ZN7FlatMapI3keyiEaSERKS1_
FN:57,_ZN7FlatMapI3keyiEaSEOS1_
FNDA:4,_ZN7FlatMapI3keyiEaSEOS1_
FN:62,_ZN7FlatMapI3keyiE5clearEv
FNDA:4,_ZN7FlatMapI3keyiE5clearEv
FN:66,_ZN7FlatMapI3keyiE5eraseERKS0_
FNDA:92,_ZN7FlatMapI3keyiE5eraseERKS0_
FN:75,_ZN7FlatMapI3keyiE6insertERKS0_RKi
FNDA:71200,_ZN7FlatMapI3keyiE6insertERKS0_RKi
FN:83,_ZNK7FlatMapI3keyiE8containsERKS0_
FNDA:3810,_ZNK7FlatMapI3keyiE8containsERKS0_
FN:91,_ZN7FlatMapI3keyiEixERKS0_
FNDA:10003,_ZN7FlatMapI3keyiEixERKS0_
FN:100,_ZN7FlatMapI3keyiE2atERKS0_
FNDA:39999,_ZN7FlatMapI3keyiE2atERKS0_
FN:108,_ZNK7FlatMapI3keyiE4sizeEv
FNDA:91203,_ZNK7FlatMapI3keyiE4sizeEv
FN:111,_ZNK7FlatMapI3keyiE5emptyEv
FNDA:200211,_ZNK7FlatMapI3keyiE5emptyEv
FN:114,_ZeqRK7FlatMapI3keyiES3_
FNDA:4,_ZeqRK7FlatMapI3keyiES3_
FN:117,_ZneRK7FlatMapI3keyiES3_
FNDA:2,_ZneRK7FlatMapI3keyiES3_
DA:17,125104
DA:18,125104
DA:19,125097
DA:20,1634010
DA:21,1508910
DA:22,1255780
DA:23,253133
DA:25,125097
DA:28,7
DA:31,4
DA:32,4
DA:33,40000
DA:34,39996
DA:36,4
DA:38,3
DA:39,3
DA:40,3
DA:42,2
DA:43,2
DA:44,2
DA:45,2
DA:46,2
DA:48,1
DA:49,1
DA:50,1
DA:51,10000
DA:52,9999
DA:54,1
DA:57,4
DA:58,4
DA:59,4
DA:62,4
DA:63,4
DA:64,4
DA:66,92
DA:67,92
DA:68,92
DA:69,92
DA:70,2
DA:71,2
DA:72,90
DA:75,71200
DA:76,71200
DA:77,71200
DA:78,41202
DA:79,41202
DA:80,41202
DA:83,3810
DA:84,3810
DA:85,3810
DA:86,3810
DA:91,10003
DA:92,10003
DA:93,10003
DA:95,1
DA:97,10003
DA:100,39999
DA:101,39999
DA:102,39999
DA:103,39999
DA:108,91203
DA:109,91203
DA:111,200211
DA:112,200211
DA:114,4
DA:115,4
DA:117,2
DA:118,2
end_of_record
SF:/usr/include/c++/9/bits/stl_algobase.h
FN:198,_ZSt3minIiERKT_S2_S2_
FNDA:200543000,_ZSt3minIiERKT_S2_S2_
DA:198,200543000
DA:203,200543000
DA:204,200532000
DA:205,10409
end_of_record
SF:/usr/include/gtest/gtest-printers.h
FN:260,_ZN16testing_internal26DefaultPrintNonContainerToIiEEvRKT_PSo
FNDA:0,_ZN16testing_internal26DefaultPrintNonContainerToIiEEvRKT_PSo
FN:260,_ZN16testing_internal26DefaultPrintNonContainerToImEEvRKT_PSo
FNDA:0,_ZN16testing_internal26DefaultPrintNonContainerToImEEvRKT_PSo
FN:313,_ZN7testing8internal19FormatForComparisonIiiE6FormatB5cxx11ERKi
FNDA:0,_ZN7testing8internal19FormatForComparisonIiiE6FormatB5cxx11ERKi
FN:313,_ZN7testing8internal19FormatForComparisonImiE6FormatB5cxx11ERKm
FNDA:0,_ZN7testing8internal19FormatForComparisonImiE6FormatB5cxx11ERKm
FN:313,_ZN7testing8internal19FormatForComparisonIimE6FormatB5cxx11ERKi
FNDA:0,_ZN7testing8internal19FormatForComparisonIimE6FormatB5cxx11ERKi
FN:377,_ZN7testing8internal33FormatForComparisonFailureMessageIiiEENSt7__cxx1112basic_stringIcSt11char_traitsIcESaIcEEERKT_RKT0_
FNDA:0,_ZN7testing8internal33FormatForComparisonFailureMessageIiiEENSt7__cxx1112basic_stringIcSt11char_traitsIcESaIcEEERKT_RKT0_
FN:377,_ZN7testing8internal33FormatForComparisonFailureMessageImiEENSt7__cxx1112basic_stringIcSt11char_traitsIcESaIcEEERKT_RKT0_
FNDA:0,_ZN7testing8internal33FormatForComparisonFailureMessageImiEENSt7__cxx1112basic_stringIcSt11char_traitsIcESaIcEEERKT_RKT0_
FN:377,_ZN7testing8internal33FormatForComparisonFailureMessageIimEENSt7__cxx1112basic_stringIcSt11char_traitsIcESaIcEEERKT_RKT0_
FNDA:0,_ZN7testing8internal33FormatForComparisonFailureMessageIimEENSt7__cxx1112basic_stringIcSt11char_traitsIcESaIcEEERKT_RKT0_
FN:466,_ZN7testing8internal14DefaultPrintToIiEEvNS0_15WrapPrinterTypeILNS0_18DefaultPrinterTypeE3EEERKT_PSo
FNDA:0,_ZN7testing8internal14DefaultPrintToIiEEvNS0_15WrapPrinterTypeILNS0_18DefaultPrinterTypeE3EEERKT_PSo
FN:466,_ZN7testing8internal14DefaultPrintToImEEvNS0_15WrapPrinterTypeILNS0_18DefaultPrinterTypeE3EEERKT_PSo
FNDA:0,_ZN7testing8internal14DefaultPrintToImEEvNS0_15WrapPrinterTypeILNS0_18DefaultPrinterTypeE3EEERKT_PSo
FN:483,_ZN7testing8internal7PrintToIiEEvRKT_PSo
FNDA:0,_ZN7testing8internal7PrintToIiEEvRKT_PSo
FN:483,_ZN7testing8internal7PrintToImEEvRKT_PSo
FNDA:0,_ZN7testing8internal7PrintToImEEvRKT_PSo
FN:670,_ZN7testing8internal16UniversalPrinterIiE5PrintERKiPSo
FNDA:0,_ZN7testing8internal16UniversalPrinterIiE5PrintERKiPSo
FN:670,_ZN7testing8internal16UniversalPrinterImE5PrintERKmPSo
FNDA:0,_ZN7testing8internal16UniversalPrinterImE5PrintERKmPSo
FN:796,_ZN7testing8internal21UniversalTersePrinterImE5PrintERKmPSo
FNDA:0,_ZN7testing8internal21UniversalTersePrinterImE5PrintERKmPSo
FN:796,_ZN7testing8internal21UniversalTersePrinterIiE5PrintERKiPSo
FNDA:0,_ZN7testing8internal21UniversalTersePrinterIiE5PrintERKiPSo
FN:865,_ZN7testing8internal14UniversalPrintImEEvRKT_PSo
FNDA:0,_ZN7testing8internal14UniversalPrintImEEvRKT_PSo
FN:865,_ZN7testing8internal14UniversalPrintIiEEvRKT_PSo
FNDA:0,_ZN7testing8internal14UniversalPrintIiEEvRKT_PSo
FN:915,_ZN7testing13PrintToStringImEENSt7__cxx1112basic_stringIcSt11char_traitsIcESaIcEEERKT_
FNDA:0,_ZN7testing13PrintToStringImEENSt7__cxx1112basic_stringIcSt11char_traitsIcESaIcEEERKT_
FN:915,_ZN7testing13PrintToStringIiEENSt7__cxx1112basic_stringIcSt11char_traitsIcESaIcEEERKT_
FNDA:0,_ZN7testing13PrintToStringIiEENSt7__cxx1112basic_stringIcSt11char_traitsIcESaIcEEERKT_
DA:260,0
DA:287,0
DA:288,0
DA:260,0
DA:287,0
DA:288,0
DA:313,0
DA:314,0
DA:313,0
DA:314,0
DA:313,0
DA:314,0
DA:377,0
DA:379,0
DA:377,0
DA:379,0
DA:377,0
DA:379,0
DA:466,0
DA:468,0
DA:469,0
DA:466,0
DA:468,0
DA:469,0
DA:483,0
DA:503,0
DA:514,0
DA:483,0
DA:503,0
DA:514,0
DA:670,0
DA:679,0
DA:680,0
DA:670,0
DA:679,0
DA:680,0
DA:796,0
DA:797,0
DA:798,0
DA:796,0
DA:797,0
DA:798,0
DA:865,0
DA:869,0
DA:870,0
DA:865,0
DA:869,0
DA:870,0
DA:915,0
DA:916,0
DA:917,0
DA:918,0
DA:915,0
DA:916,0
DA:917,0
DA:918,0
end_of_record
SF:/usr/include/gtest/gtest.h
FN:293,_ZN7testing15AssertionResultC2IiEERKT_PNSt9enable_ifIXntsrSt14is_convertibleIS2_S0_E5valueEvE4typeE
FNDA:201,_ZN7testing15AssertionResultC2IiEERKT_PNSt9enable_ifIXntsrSt14is_convertibleIS2_S0_E5valueEvE4typeE
FN:293,_ZN7testing15AssertionResultC2IbEERKT_PNSt9enable_ifIXntsrSt14is_convertibleIS2_S0_E5valueEvE4typeE
FNDA:74906,_ZN7testing15AssertionResultC2IbEERKT_PNSt9enable_ifIXntsrSt14is_convertibleIS2_S0_E5valueEvE4typeE
FN:312,_ZNK7testing15AssertionResultcvbEv
FNDA:125119,_ZNK7testing15AssertionResultcvbEv
FN:321,_ZNK7testing15AssertionResult7messageEv
FNDA:0,_ZNK7testing15AssertionResult7messageEv
FN:325,_ZNK7testing15AssertionResult15failure_messageEv
FNDA:0,_ZNK7testing15AssertionResult15failure_messageEv
FN:417,_ZN7testing4Test14SetUpTestSuiteEv
FNDA:0,_ZN7testing4Test14SetUpTestSuiteEv
FN:427,_ZN7testing4Test17TearDownTestSuiteEv
FNDA:0,_ZN7testing4Test17TearDownTestSuiteEv
FN:431,_ZN7testing4Test16TearDownTestCaseEv
FNDA:0,_ZN7testing4Test16TearDownTestCaseEv
FN:432,_ZN7testing4Test13SetUpTestCaseEv
FNDA:0,_ZN7testing4Test13SetUpTestCaseEv
FN:513,_ZN7testing4Test5SetupEv
FNDA:0,_ZN7testing4Test5SetupEv
FN:1504,_ZN7testing8internal18CmpHelperEQFailureIiiEENS_15AssertionResultEPKcS4_RKT_RKT0_
FNDA:0,_ZN7testing8internal18CmpHelperEQFailureIiiEENS_15AssertionResultEPKcS4_RKT_RKT0_
FN:1504,_ZN7testing8internal18CmpHelperEQFailureImiEENS_15AssertionResultEPKcS4_RKT_RKT0_
FNDA:0,_ZN7testing8internal18CmpHelperEQFailureImiEENS_15AssertionResultEPKcS4_RKT_RKT0_
FN:1523,_ZN7testing8internal11CmpHelperEQIiiEENS_15AssertionResultEPKcS4_RKT_RKT0_
FNDA:30003,_ZN7testing8internal11CmpHelperEQIiiEENS_15AssertionResultEPKcS4_RKT_RKT0_
FN:1523,_ZN7testing8internal11CmpHelperEQImiEENS_15AssertionResultEPKcS4_RKT_RKT0_
FNDA:20009,_ZN7testing8internal11CmpHelperEQImiEENS_15AssertionResultEPKcS4_RKT_RKT0_
FN:1551,_ZN7testing8internal8EqHelper7CompareIiiLPv0EEENS_15AssertionResultEPKcS6_RKT_RKT0_
FNDA:30003,_ZN7testing8internal8EqHelper7CompareIiiLPv0EEENS_15AssertionResultEPKcS6_RKT_RKT0_
FN:1551,_ZN7testing8internal8EqHelper7CompareImiLPv0EEENS_15AssertionResultEPKcS6_RKT_RKT0_
FNDA:20009,_ZN7testing8internal8EqHelper7CompareImiLPv0EEENS_15AssertionResultEPKcS6_RKT_RKT0_
FN:2472,_Z13RUN_ALL_TESTSv
FNDA:1,_Z13RUN_ALL_TESTSv
DA:293,201
DA:299,201
DA:293,74906
DA:299,74906
DA:312,125119
DA:321,0
DA:322,0
DA:325,0
DA:417,0
DA:427,0
DA:431,0
DA:432,0
DA:513,0
DA:1504,0
DA:1511,0
DA:1504,0
DA:1511,0
DA:1523,20009
DA:1527,20009
DA:1528,20009
DA:1531,0
DA:1523,30003
DA:1527,30003
DA:1528,30003
DA:1531,0
DA:1551,20009
DA:1554,20009
DA:1551,30003
DA:1554,30003
DA:2472,1
DA:2473,1
end_of_record
SF:/usr/include/c++/9/ext/alloc_traits.h
FN:97,_ZN9__gnu_cxx14__alloc_traitsISaIcEcE17_S_select_on_copyERKS1_
FNDA:0,_ZN9__gnu_cxx14__alloc_traitsISaIcEcE17_S_select_on_copyERKS1_
DA:97,0
DA:98,0
end_of_record
SF:/usr/include/gtest/internal/gtest-port.h
FN:957,_ZN7testing8internal8GTestLog9GetStreamEv
FNDA:0,_ZN7testing8internal8GTestLog9GetStreamEv
DA:957,0
end_of_record
